{"timestamp":"2026-01-29T02:00:14.0100075-05:00","level":"INFO","method":"GET","path":"/api/v1/notifications/history","status":200,"duration_ms":1.015,"ip":"::1","size":64}
{"timestamp":"2026-01-29T02:01:14.0108852-05:00","level":"INFO","method":"GET","path":"/api/v1/notifications/history","status":200,"duration_ms":1.476,"ip":"::1","size":64}
{"timestamp":"2026-01-29T02:02:14.0321166-05:00","level":"INFO","method":"GET","path":"/api/v1/notifications/history","status":200,"duration_ms":1.261,"ip":"::1","size":64}
{"timestamp":"2026-01-29T02:03:14.0021978-05:00","level":"INFO","method":"GET","path":"/api/v1/notifications/history","status":200,"duration_ms":1.511,"ip":"::1","size":64}
{"timestamp":"2026-01-29T02:04:14.0216727-05:00","level":"INFO","method":"GET","path":"/api/v1/notifications/history","status":200,"duration_ms":0.867,"ip":"::1","size":64}
{"timestamp":"2026-01-29T02:05:14.0014225-05:00","level":"INFO","method":"GET","path":"/api/v1/notifications/history","status":200,"duration_ms":0.996,"ip":"::1","size":64}
{"timestamp":"2026-01-29T02:06:14.0133818-05:00","level":"INFO","method":"GET","path":"/api/v1/notifications/history","status":200,"duration_ms":1.241,"ip":"::1","size":64}
{"timestamp":"2026-01-29T02:07:14.0300162-05:00","level":"INFO","method":"GET","path":"/api/v1/notifications/history","status":200,"duration_ms":1.644,"ip":"::1","size":64}
{"timestamp":"2026-01-29T02:08:13.9988333-05:00","level":"INFO","method":"GET","path":"/api/v1/notifications/history","status":200,"duration_ms":2.189,"ip":"::1","size":64}
{"timestamp":"2026-01-29T02:08:50.617369-05:00","level":"INFO","method":"GET","path":"/api/v1/notifications/history","status":200,"duration_ms":9.231,"ip":"::1","size":64}
{"timestamp":"2026-01-29T02:08:51.5216975-05:00","level":"INFO","method":"GET","path":"/api/v1/notifications/history","status":200,"duration_ms":0.901,"ip":"::1","size":64}
{"timestamp":"2026-01-29T02:08:53.0345949-05:00","level":"INFO","method":"GET","path":"/api/v1/notifications/history","status":200,"duration_ms":2.037,"ip":"::1","size":64}
{"timestamp":"2026-01-29T02:08:53.0934716-05:00","level":"INFO","method":"GET","path":"/api/v1/targets/:id","status":200,"duration_ms":59.92,"ip":"::1","size":749}
{"timestamp":"2026-01-29T02:08:53.0954614-05:00","level":"INFO","method":"GET","path":"/api/v1/notifications/history","status":200,"duration_ms":0.997,"ip":"::1","size":64}
{"timestamp":"2026-01-29T02:08:53.0976232-05:00","level":"INFO","method":"GET","path":"/api/v1/targets/:id","status":200,"duration_ms":0.525,"ip":"::1","size":749}
{"timestamp":"2026-01-29T02:08:53.1027741-05:00","level":"INFO","method":"GET","path":"/api/v1/targets/:id/history","status":200,"duration_ms":0.994,"ip":"::1","size":725}
{"timestamp":"2026-01-29T02:08:53.1100094-05:00","level":"INFO","method":"GET","path":"/api/v1/targets/:id/history","status":200,"duration_ms":0.998,"ip":"::1","size":725}
{"timestamp":"2026-01-29T02:08:53.1169899-05:00","level":"INFO","method":"GET","path":"/api/v1/targets/:id/metrics","status":200,"duration_ms":4.987,"ip":"::1","size":7655}
{"timestamp":"2026-01-29T02:08:53.1210428-05:00","level":"INFO","method":"GET","path":"/api/v1/targets/:id/metrics","status":200,"duration_ms":2.02,"ip":"::1","size":7655}
{"timestamp":"2026-01-29T02:08:53.1250253-05:00","level":"INFO","method":"GET","path":"/api/v1/targets/:id/statistics","status":200,"duration_ms":0.996,"ip":"::1","size":475}
{"timestamp":"2026-01-29T02:08:53.1349986-05:00","level":"INFO","method":"GET","path":"/api/v1/targets/:id/statistics","status":200,"duration_ms":1.994,"ip":"::1","size":475}
{"timestamp":"2026-01-29T02:08:58.9859562-05:00","level":"INFO","method":"GET","path":"/api/v1/notifications/history","status":200,"duration_ms":0.997,"ip":"::1","size":64}
{"timestamp":"2026-01-29T02:09:03.9840782-05:00","level":"INFO","method":"GET","path":"/api/v1/notifications/history","status":200,"duration_ms":0.519,"ip":"::1","size":64}
{"timestamp":"2026-01-29T02:09:08.9950725-05:00","level":"INFO","method":"GET","path":"/api/v1/notifications/history","status":200,"duration_ms":1.329,"ip":"::1","size":64}
{"timestamp":"2026-01-29T02:09:13.9904476-05:00","level":"INFO","method":"GET","path":"/api/v1/notifications/history","status":200,"duration_ms":2.405,"ip":"::1","size":64}
{"timestamp":"2026-01-29T02:09:18.9913568-05:00","level":"INFO","method":"GET","path":"/api/v1/notifications/history","status":200,"duration_ms":0.862,"ip":"::1","size":64}
{"timestamp":"2026-01-29T02:09:23.9839284-05:00","level":"INFO","method":"GET","path":"/api/v1/notifications/history","status":200,"duration_ms":1.054,"ip":"::1","size":64}
{"timestamp":"2026-01-29T02:09:28.9834671-05:00","level":"INFO","method":"GET","path":"/api/v1/notifications/history","status":200,"duration_ms":0.992,"ip":"::1","size":64}
{"timestamp":"2026-01-29T02:09:34.0033822-05:00","level":"INFO","method":"GET","path":"/api/v1/notifications/history","status":200,"duration_ms":1.05,"ip":"::1","size":64}
{"timestamp":"2026-01-29T02:09:39.1227391-05:00","level":"INFO","method":"GET","path":"/api/v1/notifications/history","status":200,"duration_ms":0.517,"ip":"::1","size":64}
{"timestamp":"2026-01-29T02:09:44.0161768-05:00","level":"INFO","method":"GET","path":"/api/v1/notifications/history","status":200,"duration_ms":0.996,"ip":"::1","size":64}
{"timestamp":"2026-01-29T02:09:48.9843325-05:00","level":"INFO","method":"GET","path":"/api/v1/notifications/history","status":200,"duration_ms":0.997,"ip":"::1","size":64}
{"timestamp":"2026-01-29T02:09:53.9900726-05:00","level":"INFO","method":"GET","path":"/api/v1/notifications/history","status":200,"duration_ms":1.126,"ip":"::1","size":64}
{"timestamp":"2026-01-29T02:10:14.0009321-05:00","level":"INFO","method":"GET","path":"/api/v1/notifications/history","status":200,"duration_ms":2.251,"ip":"::1","size":64}
{"timestamp":"2026-01-29T02:11:13.9954977-05:00","level":"INFO","method":"GET","path":"/api/v1/notifications/history","status":200,"duration_ms":1.275,"ip":"::1","size":64}
