{"timestamp":"2026-01-29T19:00:44.2120972-05:00","level":"INFO","method":"GET","path":"/api/v1/notifications/history","status":200,"duration_ms":0.997,"ip":"::1","size":64}
{"timestamp":"2026-01-29T19:00:45.5468521-05:00","level":"INFO","method":"GET","path":"/api/v1/notifications/history","status":200,"duration_ms":2.468,"ip":"::1","size":64}
{"timestamp":"2026-01-29T19:00:50.0236237-05:00","level":"INFO","method":"GET","path":"/api/v1/notifications/history","status":200,"duration_ms":0.905,"ip":"::1","size":64}
{"timestamp":"2026-01-29T19:00:55.2250327-05:00","level":"INFO","method":"GET","path":"/api/v1/notifications/history","status":200,"duration_ms":1.3,"ip":"::1","size":64}
{"timestamp":"2026-01-29T19:01:00.2251591-05:00","level":"INFO","method":"GET","path":"/api/v1/notifications/history","status":200,"duration_ms":0.956,"ip":"::1","size":64}
{"timestamp":"2026-01-29T19:01:05.2165375-05:00","level":"INFO","method":"GET","path":"/api/v1/notifications/history","status":200,"duration_ms":1.031,"ip":"::1","size":64}
{"timestamp":"2026-01-29T19:01:10.2205593-05:00","level":"INFO","method":"GET","path":"/api/v1/notifications/history","status":200,"duration_ms":1.044,"ip":"::1","size":64}
{"timestamp":"2026-01-29T19:01:15.2098136-05:00","level":"INFO","method":"GET","path":"/api/v1/notifications/history","status":200,"duration_ms":2.169,"ip":"::1","size":64}
{"timestamp":"2026-01-29T19:01:20.2147856-05:00","level":"INFO","method":"GET","path":"/api/v1/notifications/history","status":200,"duration_ms":3.287,"ip":"::1","size":64}
{"timestamp":"2026-01-29T19:01:25.2106237-05:00","level":"INFO","method":"GET","path":"/api/v1/notifications/history","status":200,"duration_ms":1.191,"ip":"::1","size":64}
{"timestamp":"2026-01-29T19:01:30.1622636-05:00","level":"INFO","method":"GET","path":"/api/v1/notifications/history","status":200,"duration_ms":0.996,"ip":"::1","size":64}
{"timestamp":"2026-01-29T19:01:35.219289-05:00","level":"INFO","method":"GET","path":"/api/v1/notifications/history","status":200,"duration_ms":1.272,"ip":"::1","size":64}
{"timestamp":"2026-01-29T19:01:40.0211374-05:00","level":"INFO","method":"GET","path":"/api/v1/notifications/history","status":200,"duration_ms":0.517,"ip":"::1","size":64}
{"timestamp":"2026-01-29T19:01:45.2152357-05:00","level":"INFO","method":"GET","path":"/api/v1/notifications/history","status":200,"duration_ms":1.885,"ip":"::1","size":64}
{"timestamp":"2026-01-29T19:01:50.2235212-05:00","level":"INFO","method":"GET","path":"/api/v1/notifications/history","status":200,"duration_ms":1.072,"ip":"::1","size":64}
{"timestamp":"2026-01-29T19:01:55.2240913-05:00","level":"INFO","method":"GET","path":"/api/v1/notifications/history","status":200,"duration_ms":1.344,"ip":"::1","size":64}
{"timestamp":"2026-01-29T19:02:00.2199455-05:00","level":"INFO","method":"GET","path":"/api/v1/notifications/history","status":200,"duration_ms":1.446,"ip":"::1","size":64}
{"timestamp":"2026-01-29T19:02:05.2245452-05:00","level":"INFO","method":"GET","path":"/api/v1/notifications/history","status":200,"duration_ms":2.994,"ip":"::1","size":64}
{"timestamp":"2026-01-29T19:02:10.2250782-05:00","level":"INFO","method":"GET","path":"/api/v1/notifications/history","status":200,"duration_ms":1.404,"ip":"::1","size":64}
{"timestamp":"2026-01-29T19:02:15.2211063-05:00","level":"INFO","method":"GET","path":"/api/v1/notifications/history","status":200,"duration_ms":0.991,"ip":"::1","size":64}
{"timestamp":"2026-01-29T19:02:20.2662592-05:00","level":"INFO","method":"GET","path":"/api/v1/notifications/history","status":200,"duration_ms":1.862,"ip":"::1","size":64}
{"timestamp":"2026-01-29T19:02:25.2231079-05:00","level":"INFO","method":"GET","path":"/api/v1/notifications/history","status":200,"duration_ms":0.996,"ip":"::1","size":64}
{"timestamp":"2026-01-29T19:02:30.2210083-05:00","level":"INFO","method":"GET","path":"/api/v1/notifications/history","status":200,"duration_ms":1.991,"ip":"::1","size":64}
{"timestamp":"2026-01-29T19:02:35.2135552-05:00","level":"INFO","method":"GET","path":"/api/v1/notifications/history","status":200,"duration_ms":0.9,"ip":"::1","size":64}
{"timestamp":"2026-01-29T19:02:40.2181043-05:00","level":"INFO","method":"GET","path":"/api/v1/notifications/history","status":200,"duration_ms":1.281,"ip":"::1","size":64}
{"timestamp":"2026-01-29T19:02:45.220426-05:00","level":"INFO","method":"GET","path":"/api/v1/notifications/history","status":200,"duration_ms":1.507,"ip":"::1","size":64}
{"timestamp":"2026-01-29T19:02:50.2170583-05:00","level":"INFO","method":"GET","path":"/api/v1/notifications/history","status":200,"duration_ms":0.991,"ip":"::1","size":64}
{"timestamp":"2026-01-29T19:02:55.2204108-05:00","level":"INFO","method":"GET","path":"/api/v1/notifications/history","status":200,"duration_ms":3.891,"ip":"::1","size":64}
{"timestamp":"2026-01-29T19:03:00.2271036-05:00","level":"INFO","method":"GET","path":"/api/v1/notifications/history","status":200,"duration_ms":2.175,"ip":"::1","size":64}
{"timestamp":"2026-01-29T19:03:05.236472-05:00","level":"INFO","method":"GET","path":"/api/v1/notifications/history","status":200,"duration_ms":2.992,"ip":"::1","size":64}
{"timestamp":"2026-01-29T19:03:10.2265922-05:00","level":"INFO","method":"GET","path":"/api/v1/notifications/history","status":200,"duration_ms":0.979,"ip":"::1","size":64}
{"timestamp":"2026-01-29T19:03:19.1547426-05:00","level":"INFO","method":"GET","path":"/api/v1/notifications/history","status":200,"duration_ms":1.992,"ip":"::1","size":64}
{"timestamp":"2026-01-29T19:03:20.0295902-05:00","level":"INFO","method":"GET","path":"/api/v1/notifications/history","status":200,"duration_ms":1.395,"ip":"::1","size":64}
{"timestamp":"2026-01-29T19:03:25.0246198-05:00","level":"INFO","method":"GET","path":"/api/v1/notifications/history","status":200,"duration_ms":1.253,"ip":"::1","size":64}
{"timestamp":"2026-01-29T19:03:30.2453109-05:00","level":"INFO","method":"GET","path":"/api/v1/notifications/history","status":200,"duration_ms":1.668,"ip":"::1","size":64}
{"timestamp":"2026-01-29T19:03:35.2196784-05:00","level":"INFO","method":"GET","path":"/api/v1/notifications/history","status":200,"duration_ms":1.266,"ip":"::1","size":64}
{"timestamp":"2026-01-29T19:03:40.2263995-05:00","level":"INFO","method":"GET","path":"/api/v1/notifications/history","status":200,"duration_ms":0.94,"ip":"::1","size":64}
{"timestamp":"2026-01-29T19:03:45.2099975-05:00","level":"INFO","method":"GET","path":"/api/v1/notifications/history","status":200,"duration_ms":0.736,"ip":"::1","size":64}
{"timestamp":"2026-01-29T19:03:50.2171413-05:00","level":"INFO","method":"GET","path":"/api/v1/notifications/history","status":200,"duration_ms":1.372,"ip":"::1","size":64}
{"timestamp":"2026-01-29T19:03:55.2471917-05:00","level":"INFO","method":"GET","path":"/api/v1/notifications/history","status":200,"duration_ms":0.514,"ip":"::1","size":64}
{"timestamp":"2026-01-29T19:04:00.2302445-05:00","level":"INFO","method":"GET","path":"/api/v1/notifications/history","status":200,"duration_ms":0.518,"ip":"::1","size":64}
{"timestamp":"2026-01-29T19:04:05.2244874-05:00","level":"INFO","method":"GET","path":"/api/v1/notifications/history","status":200,"duration_ms":0.805,"ip":"::1","size":64}
{"timestamp":"2026-01-29T19:04:10.2249756-05:00","level":"INFO","method":"GET","path":"/api/v1/notifications/history","status":200,"duration_ms":1.786,"ip":"::1","size":64}
{"timestamp":"2026-01-29T19:04:15.2157693-05:00","level":"INFO","method":"GET","path":"/api/v1/notifications/history","status":200,"duration_ms":1.498,"ip":"::1","size":64}
{"timestamp":"2026-01-29T19:04:20.2117018-05:00","level":"INFO","method":"GET","path":"/api/v1/notifications/history","status":200,"duration_ms":1.038,"ip":"::1","size":64}
{"timestamp":"2026-01-29T19:04:25.2228698-05:00","level":"INFO","method":"GET","path":"/api/v1/notifications/history","status":200,"duration_ms":1.936,"ip":"::1","size":64}
{"timestamp":"2026-01-29T19:04:44.2725383-05:00","level":"INFO","method":"GET","path":"/api/v1/notifications/history","status":200,"duration_ms":0.997,"ip":"::1","size":64}
{"timestamp":"2026-01-29T19:05:44.2175734-05:00","level":"INFO","method":"GET","path":"/api/v1/notifications/history","status":200,"duration_ms":0.963,"ip":"::1","size":64}
{"timestamp":"2026-01-29T19:06:44.2133214-05:00","level":"INFO","method":"GET","path":"/api/v1/notifications/history","status":200,"duration_ms":1.349,"ip":"::1","size":64}
{"timestamp":"2026-01-29T19:07:44.2122057-05:00","level":"INFO","method":"GET","path":"/api/v1/notifications/history","status":200,"duration_ms":0.995,"ip":"::1","size":64}
{"timestamp":"2026-01-29T19:08:44.2190856-05:00","level":"INFO","method":"GET","path":"/api/v1/notifications/history","status":200,"duration_ms":1.173,"ip":"::1","size":64}
{"timestamp":"2026-01-29T19:09:44.2349747-05:00","level":"INFO","method":"GET","path":"/api/v1/notifications/history","status":200,"duration_ms":0.824,"ip":"::1","size":64}
{"timestamp":"2026-01-29T19:10:44.2212741-05:00","level":"INFO","method":"GET","path":"/api/v1/notifications/history","status":200,"duration_ms":1.987,"ip":"::1","size":64}
{"timestamp":"2026-01-29T19:11:15.9267202-05:00","level":"INFO","method":"GET","path":"/api/v1/notifications/history","status":200,"duration_ms":2.283,"ip":"::1","size":64}
{"timestamp":"2026-01-29T19:13:03.0320497-05:00","level":"INFO","method":"POST","path":"/api/v1/login","status":200,"duration_ms":108.085,"ip":"::1","size":376}
{"timestamp":"2026-01-29T19:13:03.5954034-05:00","level":"INFO","method":"GET","path":"/api/v1/notifications/history","status":200,"duration_ms":2.991,"ip":"::1","size":64}
{"timestamp":"2026-01-29T19:13:03.5982038-05:00","level":"INFO","method":"GET","path":"/api/v1/notifications/history","status":200,"duration_ms":0.998,"ip":"::1","size":64}
{"timestamp":"2026-01-29T19:13:03.6006272-05:00","level":"INFO","method":"GET","path":"/api/v1/targets","status":200,"duration_ms":3.421,"ip":"::1","size":706}
{"timestamp":"2026-01-29T19:13:03.6101143-05:00","level":"INFO","method":"GET","path":"/api/v1/targets","status":200,"duration_ms":5.985,"ip":"::1","size":706}
{"timestamp":"2026-01-29T19:13:05.4265794-05:00","level":"INFO","method":"GET","path":"/api/v1/targets","status":200,"duration_ms":1.205,"ip":"::1","size":706}
{"timestamp":"2026-01-29T19:13:05.4299856-05:00","level":"INFO","method":"GET","path":"/api/v1/targets","status":200,"duration_ms":1.899,"ip":"::1","size":706}
{"timestamp":"2026-01-29T19:13:08.6016196-05:00","level":"INFO","method":"GET","path":"/api/v1/notifications/history","status":200,"duration_ms":1.994,"ip":"::1","size":64}
{"timestamp":"2026-01-29T19:13:13.7978713-05:00","level":"INFO","method":"GET","path":"/api/v1/notifications/history","status":200,"duration_ms":1.67,"ip":"::1","size":64}
{"timestamp":"2026-01-29T19:13:18.6113622-05:00","level":"INFO","method":"GET","path":"/api/v1/notifications/history","status":200,"duration_ms":1.989,"ip":"::1","size":64}
{"timestamp":"2026-01-29T19:13:23.6358032-05:00","level":"INFO","method":"GET","path":"/api/v1/notifications/history","status":200,"duration_ms":0.986,"ip":"::1","size":64}
{"timestamp":"2026-01-29T19:13:28.6239245-05:00","level":"INFO","method":"GET","path":"/api/v1/notifications/history","status":200,"duration_ms":2.992,"ip":"::1","size":64}
{"timestamp":"2026-01-29T19:13:33.6065938-05:00","level":"INFO","method":"GET","path":"/api/v1/notifications/history","status":200,"duration_ms":2.239,"ip":"::1","size":64}
{"timestamp":"2026-01-29T19:13:38.6097287-05:00","level":"INFO","method":"GET","path":"/api/v1/notifications/history","status":200,"duration_ms":1.682,"ip":"::1","size":64}
{"timestamp":"2026-01-29T19:13:43.5957413-05:00","level":"INFO","method":"GET","path":"/api/v1/notifications/history","status":200,"duration_ms":1.652,"ip":"::1","size":64}
{"timestamp":"2026-01-29T19:13:48.6021634-05:00","level":"INFO","method":"GET","path":"/api/v1/notifications/history","status":200,"duration_ms":0,"ip":"::1","size":64}
{"timestamp":"2026-01-29T19:13:53.6165155-05:00","level":"INFO","method":"GET","path":"/api/v1/notifications/history","status":200,"duration_ms":1.607,"ip":"::1","size":64}
{"timestamp":"2026-01-29T19:13:58.6089381-05:00","level":"INFO","method":"GET","path":"/api/v1/notifications/history","status":200,"duration_ms":1.307,"ip":"::1","size":64}
{"timestamp":"2026-01-29T19:14:03.5931079-05:00","level":"INFO","method":"GET","path":"/api/v1/notifications/history","status":200,"duration_ms":0.747,"ip":"::1","size":64}
{"timestamp":"2026-01-29T19:14:08.5968835-05:00","level":"INFO","method":"GET","path":"/api/v1/notifications/history","status":200,"duration_ms":0.78,"ip":"::1","size":64}
{"timestamp":"2026-01-29T19:14:13.5984275-05:00","level":"INFO","method":"GET","path":"/api/v1/notifications/history","status":200,"duration_ms":1.933,"ip":"::1","size":64}
{"timestamp":"2026-01-29T19:14:18.6107217-05:00","level":"INFO","method":"GET","path":"/api/v1/notifications/history","status":200,"duration_ms":2.295,"ip":"::1","size":64}
{"timestamp":"2026-01-29T19:14:23.5967505-05:00","level":"INFO","method":"GET","path":"/api/v1/notifications/history","status":200,"duration_ms":0.71,"ip":"::1","size":64}
{"timestamp":"2026-01-29T19:14:28.6081929-05:00","level":"INFO","method":"GET","path":"/api/v1/notifications/history","status":200,"duration_ms":1.774,"ip":"::1","size":64}
{"timestamp":"2026-01-29T19:14:33.6016459-05:00","level":"INFO","method":"GET","path":"/api/v1/notifications/history","status":200,"duration_ms":0.997,"ip":"::1","size":64}
{"timestamp":"2026-01-29T19:14:38.5941122-05:00","level":"INFO","method":"GET","path":"/api/v1/notifications/history","status":200,"duration_ms":1.435,"ip":"::1","size":64}
{"timestamp":"2026-01-29T19:14:43.6072501-05:00","level":"INFO","method":"GET","path":"/api/v1/notifications/history","status":200,"duration_ms":0,"ip":"::1","size":64}
{"timestamp":"2026-01-29T19:14:48.676479-05:00","level":"INFO","method":"GET","path":"/api/v1/notifications/history","status":200,"duration_ms":24.432,"ip":"::1","size":64}
{"timestamp":"2026-01-29T19:14:54.2202136-05:00","level":"INFO","method":"GET","path":"/api/v1/notifications/history","status":200,"duration_ms":0.992,"ip":"::1","size":64}
{"timestamp":"2026-01-29T19:14:59.2157151-05:00","level":"INFO","method":"GET","path":"/api/v1/notifications/history","status":200,"duration_ms":0.647,"ip":"::1","size":64}
{"timestamp":"2026-01-29T19:15:04.2250771-05:00","level":"INFO","method":"GET","path":"/api/v1/notifications/history","status":200,"duration_ms":1.104,"ip":"::1","size":64}
{"timestamp":"2026-01-29T19:15:09.2135478-05:00","level":"INFO","method":"GET","path":"/api/v1/notifications/history","status":200,"duration_ms":0.996,"ip":"::1","size":64}
{"timestamp":"2026-01-29T19:15:14.2115263-05:00","level":"INFO","method":"GET","path":"/api/v1/notifications/history","status":200,"duration_ms":0.997,"ip":"::1","size":64}
{"timestamp":"2026-01-29T19:15:19.2257943-05:00","level":"INFO","method":"GET","path":"/api/v1/notifications/history","status":200,"duration_ms":1.801,"ip":"::1","size":64}
{"timestamp":"2026-01-29T19:15:24.2315334-05:00","level":"INFO","method":"GET","path":"/api/v1/notifications/history","status":200,"duration_ms":0.997,"ip":"::1","size":64}
{"timestamp":"2026-01-29T19:15:29.2212649-05:00","level":"INFO","method":"GET","path":"/api/v1/notifications/history","status":200,"duration_ms":0.997,"ip":"::1","size":64}
{"timestamp":"2026-01-29T19:15:34.2140396-05:00","level":"INFO","method":"GET","path":"/api/v1/notifications/history","status":200,"duration_ms":1.428,"ip":"::1","size":64}
{"timestamp":"2026-01-29T19:15:39.2162548-05:00","level":"INFO","method":"GET","path":"/api/v1/notifications/history","status":200,"duration_ms":1.54,"ip":"::1","size":64}
{"timestamp":"2026-01-29T19:15:43.9090491-05:00","level":"INFO","method":"GET","path":"/api/v1/notifications/history","status":200,"duration_ms":1.358,"ip":"::1","size":64}
{"timestamp":"2026-01-29T19:15:49.2480177-05:00","level":"INFO","method":"GET","path":"/api/v1/notifications/history","status":200,"duration_ms":0.998,"ip":"::1","size":64}
{"timestamp":"2026-01-29T19:15:54.3284654-05:00","level":"INFO","method":"GET","path":"/api/v1/notifications/history","status":200,"duration_ms":1.99,"ip":"::1","size":64}
{"timestamp":"2026-01-29T19:15:59.2159434-05:00","level":"INFO","method":"GET","path":"/api/v1/notifications/history","status":200,"duration_ms":3.989,"ip":"::1","size":64}
{"timestamp":"2026-01-29T19:16:04.2691006-05:00","level":"INFO","method":"GET","path":"/api/v1/notifications/history","status":200,"duration_ms":1.367,"ip":"::1","size":64}
{"timestamp":"2026-01-29T19:16:09.2117752-05:00","level":"INFO","method":"GET","path":"/api/v1/notifications/history","status":200,"duration_ms":1.856,"ip":"::1","size":64}
{"timestamp":"2026-01-29T19:16:14.2244986-05:00","level":"INFO","method":"GET","path":"/api/v1/notifications/history","status":200,"duration_ms":1.689,"ip":"::1","size":64}
{"timestamp":"2026-01-29T19:16:19.2531472-05:00","level":"INFO","method":"GET","path":"/api/v1/notifications/history","status":200,"duration_ms":1.545,"ip":"::1","size":64}
{"timestamp":"2026-01-29T19:16:24.2211339-05:00","level":"INFO","method":"GET","path":"/api/v1/notifications/history","status":200,"duration_ms":0.993,"ip":"::1","size":64}
{"timestamp":"2026-01-29T19:16:29.2321155-05:00","level":"INFO","method":"GET","path":"/api/v1/notifications/history","status":200,"duration_ms":0.996,"ip":"::1","size":64}
{"timestamp":"2026-01-29T19:16:34.2324625-05:00","level":"INFO","method":"GET","path":"/api/v1/notifications/history","status":200,"duration_ms":0.997,"ip":"::1","size":64}
{"timestamp":"2026-01-29T19:16:39.2274782-05:00","level":"INFO","method":"GET","path":"/api/v1/notifications/history","status":200,"duration_ms":3.479,"ip":"::1","size":64}
{"timestamp":"2026-01-29T19:16:44.2175687-05:00","level":"INFO","method":"GET","path":"/api/v1/notifications/history","status":200,"duration_ms":0.662,"ip":"::1","size":64}
{"timestamp":"2026-01-29T19:17:44.2168274-05:00","level":"INFO","method":"GET","path":"/api/v1/notifications/history","status":200,"duration_ms":0.696,"ip":"::1","size":64}
{"timestamp":"2026-01-29T19:18:44.2182343-05:00","level":"INFO","method":"GET","path":"/api/v1/notifications/history","status":200,"duration_ms":0.747,"ip":"::1","size":64}
{"timestamp":"2026-01-29T19:19:06.6218046-05:00","level":"INFO","method":"GET","path":"/api/v1/notifications/history","status":200,"duration_ms":1.405,"ip":"::1","size":64}
{"timestamp":"2026-01-29T19:19:08.6131908-05:00","level":"INFO","method":"GET","path":"/api/v1/notifications/history","status":200,"duration_ms":1.201,"ip":"::1","size":64}
{"timestamp":"2026-01-29T19:19:13.5996526-05:00","level":"INFO","method":"GET","path":"/api/v1/notifications/history","status":200,"duration_ms":0.513,"ip":"::1","size":64}
{"timestamp":"2026-01-29T19:19:19.1170051-05:00","level":"INFO","method":"GET","path":"/api/v1/notifications/history","status":200,"duration_ms":0.997,"ip":"::1","size":64}
{"timestamp":"2026-01-29T19:19:23.5925724-05:00","level":"INFO","method":"GET","path":"/api/v1/notifications/history","status":200,"duration_ms":0.629,"ip":"::1","size":64}
{"timestamp":"2026-01-29T19:19:28.5946666-05:00","level":"INFO","method":"GET","path":"/api/v1/notifications/history","status":200,"duration_ms":2.009,"ip":"::1","size":64}
{"timestamp":"2026-01-29T19:19:31.6869931-05:00","level":"INFO","method":"GET","path":"/api/v1/notifications/history","status":200,"duration_ms":1.986,"ip":"::1","size":64}
{"timestamp":"2026-01-29T19:19:31.695407-05:00","level":"INFO","method":"GET","path":"/api/v1/notifications/history","status":200,"duration_ms":1.866,"ip":"::1","size":64}
{"timestamp":"2026-01-29T19:19:31.695407-05:00","level":"INFO","method":"GET","path":"/api/v1/targets","status":200,"duration_ms":1.866,"ip":"::1","size":706}
{"timestamp":"2026-01-29T19:19:31.6983336-05:00","level":"INFO","method":"GET","path":"/api/v1/targets","status":200,"duration_ms":0.526,"ip":"::1","size":706}
{"timestamp":"2026-01-29T19:19:36.694448-05:00","level":"INFO","method":"GET","path":"/api/v1/notifications/history","status":200,"duration_ms":1.264,"ip":"::1","size":64}
{"timestamp":"2026-01-29T19:19:41.5625784-05:00","level":"INFO","method":"GET","path":"/api/v1/targets/:id","status":200,"duration_ms":2.408,"ip":"::1","size":750}
{"timestamp":"2026-01-29T19:19:41.5683287-05:00","level":"INFO","method":"GET","path":"/api/v1/targets/:id","status":200,"duration_ms":3.492,"ip":"::1","size":750}
{"timestamp":"2026-01-29T19:19:41.5746406-05:00","level":"INFO","method":"GET","path":"/api/v1/targets/:id/history","status":200,"duration_ms":4.159,"ip":"::1","size":904}
{"timestamp":"2026-01-29T19:19:41.578133-05:00","level":"INFO","method":"GET","path":"/api/v1/targets/:id/history","status":200,"duration_ms":2.979,"ip":"::1","size":904}
{"timestamp":"2026-01-29T19:19:41.5816379-05:00","level":"INFO","method":"GET","path":"/api/v1/targets/:id/metrics","status":200,"duration_ms":1.994,"ip":"::1","size":7654}
{"timestamp":"2026-01-29T19:19:41.5848479-05:00","level":"INFO","method":"GET","path":"/api/v1/targets/:id/metrics","status":200,"duration_ms":1.114,"ip":"::1","size":7654}
{"timestamp":"2026-01-29T19:19:41.5894766-05:00","level":"INFO","method":"GET","path":"/api/v1/targets/:id/statistics","status":200,"duration_ms":1.509,"ip":"::1","size":475}
{"timestamp":"2026-01-29T19:19:41.5926601-05:00","level":"INFO","method":"GET","path":"/api/v1/targets/:id/statistics","status":200,"duration_ms":0.596,"ip":"::1","size":475}
{"timestamp":"2026-01-29T19:19:41.7020429-05:00","level":"INFO","method":"GET","path":"/api/v1/notifications/history","status":200,"duration_ms":1.159,"ip":"::1","size":64}
{"timestamp":"2026-01-29T19:19:46.6957615-05:00","level":"INFO","method":"GET","path":"/api/v1/notifications/history","status":200,"duration_ms":1.926,"ip":"::1","size":64}
{"timestamp":"2026-01-29T19:19:52.2184809-05:00","level":"INFO","method":"GET","path":"/api/v1/notifications/history","status":200,"duration_ms":1.812,"ip":"::1","size":64}
{"timestamp":"2026-01-29T19:19:57.2233354-05:00","level":"INFO","method":"GET","path":"/api/v1/notifications/history","status":200,"duration_ms":1.91,"ip":"::1","size":64}
{"timestamp":"2026-01-29T19:20:02.219669-05:00","level":"INFO","method":"GET","path":"/api/v1/notifications/history","status":200,"duration_ms":1.045,"ip":"::1","size":64}
{"timestamp":"2026-01-29T19:20:07.2160471-05:00","level":"INFO","method":"GET","path":"/api/v1/notifications/history","status":200,"duration_ms":1.818,"ip":"::1","size":64}
{"timestamp":"2026-01-29T19:20:12.2233612-05:00","level":"INFO","method":"GET","path":"/api/v1/notifications/history","status":200,"duration_ms":0.809,"ip":"::1","size":64}
{"timestamp":"2026-01-29T19:20:17.2200412-05:00","level":"INFO","method":"GET","path":"/api/v1/notifications/history","status":200,"duration_ms":1.3,"ip":"::1","size":64}
{"timestamp":"2026-01-29T19:20:22.2222476-05:00","level":"INFO","method":"GET","path":"/api/v1/notifications/history","status":200,"duration_ms":1.075,"ip":"::1","size":64}
{"timestamp":"2026-01-29T19:20:27.2182129-05:00","level":"INFO","method":"GET","path":"/api/v1/notifications/history","status":200,"duration_ms":1.156,"ip":"::1","size":64}
{"timestamp":"2026-01-29T19:20:32.2252593-05:00","level":"INFO","method":"GET","path":"/api/v1/notifications/history","status":200,"duration_ms":0.997,"ip":"::1","size":64}
{"timestamp":"2026-01-29T19:20:37.2140778-05:00","level":"INFO","method":"GET","path":"/api/v1/notifications/history","status":200,"duration_ms":1.651,"ip":"::1","size":64}
{"timestamp":"2026-01-29T19:20:42.2749228-05:00","level":"INFO","method":"GET","path":"/api/v1/notifications/history","status":200,"duration_ms":2.354,"ip":"::1","size":64}
{"timestamp":"2026-01-29T19:20:47.2177184-05:00","level":"INFO","method":"GET","path":"/api/v1/notifications/history","status":200,"duration_ms":1.546,"ip":"::1","size":64}
{"timestamp":"2026-01-29T19:21:44.2366688-05:00","level":"INFO","method":"GET","path":"/api/v1/notifications/history","status":200,"duration_ms":0.605,"ip":"::1","size":64}
{"timestamp":"2026-01-29T19:21:54.2754012-05:00","level":"INFO","method":"GET","path":"/api/v1/notifications/history","status":200,"duration_ms":4.987,"ip":"::1","size":64}
{"timestamp":"2026-01-29T19:21:56.8995137-05:00","level":"INFO","method":"GET","path":"/api/v1/notifications/history","status":200,"duration_ms":0.894,"ip":"::1","size":64}
{"timestamp":"2026-01-29T19:22:02.2100725-05:00","level":"INFO","method":"GET","path":"/api/v1/notifications/history","status":200,"duration_ms":1.177,"ip":"::1","size":64}
{"timestamp":"2026-01-29T19:22:07.2153912-05:00","level":"INFO","method":"GET","path":"/api/v1/notifications/history","status":200,"duration_ms":1.791,"ip":"::1","size":64}
{"timestamp":"2026-01-29T19:22:12.2230339-05:00","level":"INFO","method":"GET","path":"/api/v1/notifications/history","status":200,"duration_ms":1.021,"ip":"::1","size":64}
{"timestamp":"2026-01-29T19:22:17.219909-05:00","level":"INFO","method":"GET","path":"/api/v1/notifications/history","status":200,"duration_ms":1.939,"ip":"::1","size":64}
{"timestamp":"2026-01-29T19:22:22.2195346-05:00","level":"INFO","method":"GET","path":"/api/v1/notifications/history","status":200,"duration_ms":0.894,"ip":"::1","size":64}
{"timestamp":"2026-01-29T19:22:27.2244568-05:00","level":"INFO","method":"GET","path":"/api/v1/notifications/history","status":200,"duration_ms":1.546,"ip":"::1","size":64}
{"timestamp":"2026-01-29T19:22:32.2247594-05:00","level":"INFO","method":"GET","path":"/api/v1/notifications/history","status":200,"duration_ms":1.231,"ip":"::1","size":64}
{"timestamp":"2026-01-29T19:22:37.2194232-05:00","level":"INFO","method":"GET","path":"/api/v1/notifications/history","status":200,"duration_ms":0.883,"ip":"::1","size":64}
{"timestamp":"2026-01-29T19:22:42.2182514-05:00","level":"INFO","method":"GET","path":"/api/v1/notifications/history","status":200,"duration_ms":1.528,"ip":"::1","size":64}
{"timestamp":"2026-01-29T19:22:47.2201766-05:00","level":"INFO","method":"GET","path":"/api/v1/notifications/history","status":200,"duration_ms":1.368,"ip":"::1","size":64}
{"timestamp":"2026-01-29T19:22:52.2235533-05:00","level":"INFO","method":"GET","path":"/api/v1/notifications/history","status":200,"duration_ms":0.711,"ip":"::1","size":64}
{"timestamp":"2026-01-29T19:22:57.2139442-05:00","level":"INFO","method":"GET","path":"/api/v1/notifications/history","status":200,"duration_ms":1.374,"ip":"::1","size":64}
{"timestamp":"2026-01-29T19:23:02.2182735-05:00","level":"INFO","method":"GET","path":"/api/v1/notifications/history","status":200,"duration_ms":0.727,"ip":"::1","size":64}
{"timestamp":"2026-01-29T19:23:07.2199572-05:00","level":"INFO","method":"GET","path":"/api/v1/notifications/history","status":200,"duration_ms":0.512,"ip":"::1","size":64}
{"timestamp":"2026-01-29T19:23:12.2110287-05:00","level":"INFO","method":"GET","path":"/api/v1/notifications/history","status":200,"duration_ms":1.256,"ip":"::1","size":64}
{"timestamp":"2026-01-29T19:23:23.127157-05:00","level":"INFO","method":"GET","path":"/api/v1/notifications/history","status":200,"duration_ms":1.764,"ip":"::1","size":64}
{"timestamp":"2026-01-29T19:23:26.8493077-05:00","level":"INFO","method":"GET","path":"/api/v1/notifications/history","status":200,"duration_ms":1.828,"ip":"::1","size":64}
{"timestamp":"2026-01-29T19:23:26.8502991-05:00","level":"INFO","method":"GET","path":"/api/v1/targets/:id","status":200,"duration_ms":1.823,"ip":"::1","size":750}
{"timestamp":"2026-01-29T19:23:26.852293-05:00","level":"INFO","method":"GET","path":"/api/v1/notifications/history","status":200,"duration_ms":1.993,"ip":"::1","size":64}
{"timestamp":"2026-01-29T19:23:26.8532909-05:00","level":"INFO","method":"GET","path":"/api/v1/targets/:id","status":200,"duration_ms":0.997,"ip":"::1","size":750}
{"timestamp":"2026-01-29T19:23:26.8627623-05:00","level":"INFO","method":"GET","path":"/api/v1/targets/:id/history","status":200,"duration_ms":1.993,"ip":"::1","size":904}
{"timestamp":"2026-01-29T19:23:26.870603-05:00","level":"INFO","method":"GET","path":"/api/v1/targets/:id/history","status":200,"duration_ms":2.992,"ip":"::1","size":904}
{"timestamp":"2026-01-29T19:23:26.877704-05:00","level":"INFO","method":"GET","path":"/api/v1/targets/:id/metrics","status":200,"duration_ms":3.111,"ip":"::1","size":7654}
{"timestamp":"2026-01-29T19:23:26.8831996-05:00","level":"INFO","method":"GET","path":"/api/v1/targets/:id/metrics","status":200,"duration_ms":2.991,"ip":"::1","size":7654}
{"timestamp":"2026-01-29T19:23:26.8851955-05:00","level":"INFO","method":"GET","path":"/api/v1/targets/:id/statistics","status":200,"duration_ms":1.995,"ip":"::1","size":475}
{"timestamp":"2026-01-29T19:23:26.8915901-05:00","level":"INFO","method":"GET","path":"/api/v1/targets/:id/statistics","status":200,"duration_ms":3.575,"ip":"::1","size":475}
{"timestamp":"2026-01-29T19:23:32.212094-05:00","level":"INFO","method":"GET","path":"/api/v1/notifications/history","status":200,"duration_ms":1.646,"ip":"::1","size":64}
{"timestamp":"2026-01-29T19:23:37.2222115-05:00","level":"INFO","method":"GET","path":"/api/v1/notifications/history","status":200,"duration_ms":1.332,"ip":"::1","size":64}
{"timestamp":"2026-01-29T19:23:42.217119-05:00","level":"INFO","method":"GET","path":"/api/v1/notifications/history","status":200,"duration_ms":1.493,"ip":"::1","size":64}
{"timestamp":"2026-01-29T19:23:47.2193307-05:00","level":"INFO","method":"GET","path":"/api/v1/notifications/history","status":200,"duration_ms":1.122,"ip":"::1","size":64}
{"timestamp":"2026-01-29T19:23:52.2135972-05:00","level":"INFO","method":"GET","path":"/api/v1/notifications/history","status":200,"duration_ms":0.662,"ip":"::1","size":64}
{"timestamp":"2026-01-29T19:23:57.2113964-05:00","level":"INFO","method":"GET","path":"/api/v1/notifications/history","status":200,"duration_ms":1.265,"ip":"::1","size":64}
{"timestamp":"2026-01-29T19:24:02.2634542-05:00","level":"INFO","method":"GET","path":"/api/v1/notifications/history","status":200,"duration_ms":0.997,"ip":"::1","size":64}
{"timestamp":"2026-01-29T19:24:07.2251173-05:00","level":"INFO","method":"GET","path":"/api/v1/notifications/history","status":200,"duration_ms":0.844,"ip":"::1","size":64}
{"timestamp":"2026-01-29T19:24:11.848083-05:00","level":"INFO","method":"GET","path":"/api/v1/notifications/history","status":200,"duration_ms":0.729,"ip":"::1","size":64}
{"timestamp":"2026-01-29T19:24:17.3153595-05:00","level":"INFO","method":"GET","path":"/api/v1/notifications/history","status":200,"duration_ms":10.36,"ip":"::1","size":64}
{"timestamp":"2026-01-29T19:24:22.7009359-05:00","level":"INFO","method":"GET","path":"/api/v1/notifications/history","status":200,"duration_ms":0.524,"ip":"::1","size":64}
{"timestamp":"2026-01-29T19:24:27.3977096-05:00","level":"INFO","method":"GET","path":"/api/v1/notifications/history","status":200,"duration_ms":1.993,"ip":"::1","size":64}
{"timestamp":"2026-01-29T19:24:32.2221958-05:00","level":"INFO","method":"GET","path":"/api/v1/notifications/history","status":200,"duration_ms":0.873,"ip":"::1","size":64}
{"timestamp":"2026-01-29T19:24:37.240225-05:00","level":"INFO","method":"GET","path":"/api/v1/notifications/history","status":200,"duration_ms":2.228,"ip":"::1","size":64}
{"timestamp":"2026-01-29T19:24:42.2279908-05:00","level":"INFO","method":"GET","path":"/api/v1/notifications/history","status":200,"duration_ms":1.635,"ip":"::1","size":64}
{"timestamp":"2026-01-29T19:24:47.2284781-05:00","level":"INFO","method":"GET","path":"/api/v1/notifications/history","status":200,"duration_ms":0.938,"ip":"::1","size":64}
{"timestamp":"2026-01-29T19:24:52.2270161-05:00","level":"INFO","method":"GET","path":"/api/v1/notifications/history","status":200,"duration_ms":0.991,"ip":"::1","size":64}
{"timestamp":"2026-01-29T19:24:57.2268411-05:00","level":"INFO","method":"GET","path":"/api/v1/notifications/history","status":200,"duration_ms":1.428,"ip":"::1","size":64}
{"timestamp":"2026-01-29T19:25:02.2299897-05:00","level":"INFO","method":"GET","path":"/api/v1/notifications/history","status":200,"duration_ms":2.991,"ip":"::1","size":64}
{"timestamp":"2026-01-29T19:25:07.2232154-05:00","level":"INFO","method":"GET","path":"/api/v1/notifications/history","status":200,"duration_ms":1.995,"ip":"::1","size":64}
{"timestamp":"2026-01-29T19:25:12.2256977-05:00","level":"INFO","method":"GET","path":"/api/v1/notifications/history","status":200,"duration_ms":3.94,"ip":"::1","size":64}
{"timestamp":"2026-01-29T19:25:17.2141486-05:00","level":"INFO","method":"GET","path":"/api/v1/notifications/history","status":200,"duration_ms":1.298,"ip":"::1","size":64}
{"timestamp":"2026-01-29T19:25:22.2129156-05:00","level":"INFO","method":"GET","path":"/api/v1/notifications/history","status":200,"duration_ms":1.993,"ip":"::1","size":64}
{"timestamp":"2026-01-29T19:25:27.2168765-05:00","level":"INFO","method":"GET","path":"/api/v1/notifications/history","status":200,"duration_ms":0.668,"ip":"::1","size":64}
{"timestamp":"2026-01-29T19:25:32.2176467-05:00","level":"INFO","method":"GET","path":"/api/v1/notifications/history","status":200,"duration_ms":0.904,"ip":"::1","size":64}
{"timestamp":"2026-01-29T19:25:37.2206852-05:00","level":"INFO","method":"GET","path":"/api/v1/notifications/history","status":200,"duration_ms":0.993,"ip":"::1","size":64}
{"timestamp":"2026-01-29T19:25:42.5346975-05:00","level":"INFO","method":"GET","path":"/api/v1/notifications/history","status":200,"duration_ms":6.977,"ip":"::1","size":64}
{"timestamp":"2026-01-29T19:25:47.2255279-05:00","level":"INFO","method":"GET","path":"/api/v1/notifications/history","status":200,"duration_ms":2.991,"ip":"::1","size":64}
{"timestamp":"2026-01-29T19:25:52.2193261-05:00","level":"INFO","method":"GET","path":"/api/v1/notifications/history","status":200,"duration_ms":2.585,"ip":"::1","size":64}
{"timestamp":"2026-01-29T19:25:57.2219921-05:00","level":"INFO","method":"GET","path":"/api/v1/notifications/history","status":200,"duration_ms":1.295,"ip":"::1","size":64}
{"timestamp":"2026-01-29T19:26:02.2252933-05:00","level":"INFO","method":"GET","path":"/api/v1/notifications/history","status":200,"duration_ms":1.498,"ip":"::1","size":64}
{"timestamp":"2026-01-29T19:26:22.7636378-05:00","level":"INFO","method":"GET","path":"/api/v1/notifications/history","status":200,"duration_ms":27.494,"ip":"::1","size":64}
{"timestamp":"2026-01-29T19:26:26.8495814-05:00","level":"INFO","method":"GET","path":"/api/v1/notifications/history","status":200,"duration_ms":0.785,"ip":"::1","size":64}
{"timestamp":"2026-01-29T19:26:32.2255617-05:00","level":"INFO","method":"GET","path":"/api/v1/notifications/history","status":200,"duration_ms":0.79,"ip":"::1","size":64}
{"timestamp":"2026-01-29T19:26:37.2184331-05:00","level":"INFO","method":"GET","path":"/api/v1/notifications/history","status":200,"duration_ms":1.197,"ip":"::1","size":64}
{"timestamp":"2026-01-29T19:26:42.2149855-05:00","level":"INFO","method":"GET","path":"/api/v1/notifications/history","status":200,"duration_ms":1.995,"ip":"::1","size":64}
{"timestamp":"2026-01-29T19:26:47.2225037-05:00","level":"INFO","method":"GET","path":"/api/v1/notifications/history","status":200,"duration_ms":0.519,"ip":"::1","size":64}
{"timestamp":"2026-01-29T19:26:52.2092815-05:00","level":"INFO","method":"GET","path":"/api/v1/notifications/history","status":200,"duration_ms":0.515,"ip":"::1","size":64}
{"timestamp":"2026-01-29T19:26:57.2192361-05:00","level":"INFO","method":"GET","path":"/api/v1/notifications/history","status":200,"duration_ms":0.514,"ip":"::1","size":64}
{"timestamp":"2026-01-29T19:27:02.2138701-05:00","level":"INFO","method":"GET","path":"/api/v1/notifications/history","status":200,"duration_ms":1.035,"ip":"::1","size":64}
{"timestamp":"2026-01-29T19:27:07.2248474-05:00","level":"INFO","method":"GET","path":"/api/v1/notifications/history","status":200,"duration_ms":1.267,"ip":"::1","size":64}
{"timestamp":"2026-01-29T19:27:12.2114355-05:00","level":"INFO","method":"GET","path":"/api/v1/notifications/history","status":200,"duration_ms":1.567,"ip":"::1","size":64}
{"timestamp":"2026-01-29T19:27:17.2182785-05:00","level":"INFO","method":"GET","path":"/api/v1/notifications/history","status":200,"duration_ms":0.511,"ip":"::1","size":64}
{"timestamp":"2026-01-29T19:27:22.2114598-05:00","level":"INFO","method":"GET","path":"/api/v1/notifications/history","status":200,"duration_ms":0.845,"ip":"::1","size":64}
{"timestamp":"2026-01-29T19:27:27.2130205-05:00","level":"INFO","method":"GET","path":"/api/v1/notifications/history","status":200,"duration_ms":1.217,"ip":"::1","size":64}
{"timestamp":"2026-01-29T19:27:44.2094209-05:00","level":"INFO","method":"GET","path":"/api/v1/notifications/history","status":200,"duration_ms":1.31,"ip":"::1","size":64}
{"timestamp":"2026-01-29T19:28:44.225406-05:00","level":"INFO","method":"GET","path":"/api/v1/notifications/history","status":200,"duration_ms":0.663,"ip":"::1","size":64}
{"timestamp":"2026-01-29T19:29:44.2179307-05:00","level":"INFO","method":"GET","path":"/api/v1/notifications/history","status":200,"duration_ms":1.178,"ip":"::1","size":64}
{"timestamp":"2026-01-29T19:30:40.2284944-05:00","level":"INFO","method":"GET","path":"/api/v1/notifications/history","status":200,"duration_ms":0.517,"ip":"::1","size":64}
{"timestamp":"2026-01-29T19:30:42.2141055-05:00","level":"INFO","method":"GET","path":"/api/v1/notifications/history","status":200,"duration_ms":1.032,"ip":"::1","size":64}
{"timestamp":"2026-01-29T19:30:47.2171368-05:00","level":"INFO","method":"GET","path":"/api/v1/notifications/history","status":200,"duration_ms":0.996,"ip":"::1","size":64}
{"timestamp":"2026-01-29T19:30:52.2207076-05:00","level":"INFO","method":"GET","path":"/api/v1/notifications/history","status":200,"duration_ms":0.997,"ip":"::1","size":64}
{"timestamp":"2026-01-29T19:30:57.2191653-05:00","level":"INFO","method":"GET","path":"/api/v1/notifications/history","status":200,"duration_ms":0.941,"ip":"::1","size":64}
{"timestamp":"2026-01-29T19:31:02.2424068-05:00","level":"INFO","method":"GET","path":"/api/v1/notifications/history","status":200,"duration_ms":5.497,"ip":"::1","size":64}
{"timestamp":"2026-01-29T19:31:07.2172924-05:00","level":"INFO","method":"GET","path":"/api/v1/notifications/history","status":200,"duration_ms":1.207,"ip":"::1","size":64}
{"timestamp":"2026-01-29T19:31:12.2229237-05:00","level":"INFO","method":"GET","path":"/api/v1/notifications/history","status":200,"duration_ms":0.759,"ip":"::1","size":64}
{"timestamp":"2026-01-29T19:31:17.2236156-05:00","level":"INFO","method":"GET","path":"/api/v1/notifications/history","status":200,"duration_ms":1.359,"ip":"::1","size":64}
{"timestamp":"2026-01-29T19:31:22.2916673-05:00","level":"INFO","method":"GET","path":"/api/v1/notifications/history","status":200,"duration_ms":0.997,"ip":"::1","size":64}
{"timestamp":"2026-01-29T19:31:27.2174409-05:00","level":"INFO","method":"GET","path":"/api/v1/notifications/history","status":200,"duration_ms":1.286,"ip":"::1","size":64}
{"timestamp":"2026-01-29T19:31:32.2214239-05:00","level":"INFO","method":"GET","path":"/api/v1/notifications/history","status":200,"duration_ms":1.993,"ip":"::1","size":64}
{"timestamp":"2026-01-29T19:31:37.2286295-05:00","level":"INFO","method":"GET","path":"/api/v1/notifications/history","status":200,"duration_ms":0.919,"ip":"::1","size":64}
{"timestamp":"2026-01-29T19:32:44.2345611-05:00","level":"INFO","method":"GET","path":"/api/v1/notifications/history","status":200,"duration_ms":1.434,"ip":"::1","size":64}
{"timestamp":"2026-01-29T19:33:44.2239895-05:00","level":"INFO","method":"GET","path":"/api/v1/notifications/history","status":200,"duration_ms":2.313,"ip":"::1","size":64}
{"timestamp":"2026-01-29T19:34:04.8931175-05:00","level":"INFO","method":"GET","path":"/api/v1/notifications/history","status":200,"duration_ms":1.345,"ip":"::1","size":64}
{"timestamp":"2026-01-29T19:34:06.879118-05:00","level":"INFO","method":"GET","path":"/api/v1/notifications/history","status":200,"duration_ms":0.998,"ip":"::1","size":64}
{"timestamp":"2026-01-29T19:34:06.8970687-05:00","level":"INFO","method":"GET","path":"/api/v1/targets/:id","status":200,"duration_ms":2.992,"ip":"::1","size":750}
{"timestamp":"2026-01-29T19:34:06.9000611-05:00","level":"INFO","method":"GET","path":"/api/v1/notifications/history","status":200,"duration_ms":2.992,"ip":"::1","size":64}
{"timestamp":"2026-01-29T19:34:06.9112074-05:00","level":"INFO","method":"GET","path":"/api/v1/targets/:id","status":200,"duration_ms":10.148,"ip":"::1","size":750}
{"timestamp":"2026-01-29T19:34:06.9196946-05:00","level":"INFO","method":"GET","path":"/api/v1/targets/:id/history","status":200,"duration_ms":1.993,"ip":"::1","size":904}
{"timestamp":"2026-01-29T19:34:06.9245058-05:00","level":"INFO","method":"GET","path":"/api/v1/targets/:id/history","status":200,"duration_ms":2.815,"ip":"::1","size":904}
{"timestamp":"2026-01-29T19:34:06.9328753-05:00","level":"INFO","method":"GET","path":"/api/v1/targets/:id/metrics","status":200,"duration_ms":3.616,"ip":"::1","size":7655}
{"timestamp":"2026-01-29T19:34:06.9369893-05:00","level":"INFO","method":"GET","path":"/api/v1/targets/:id/metrics","status":200,"duration_ms":3.083,"ip":"::1","size":7655}
{"timestamp":"2026-01-29T19:34:06.9436288-05:00","level":"INFO","method":"GET","path":"/api/v1/targets/:id/statistics","status":200,"duration_ms":2.14,"ip":"::1","size":475}
{"timestamp":"2026-01-29T19:34:06.9468396-05:00","level":"INFO","method":"GET","path":"/api/v1/targets/:id/statistics","status":200,"duration_ms":1.369,"ip":"::1","size":475}
{"timestamp":"2026-01-29T19:34:11.8768296-05:00","level":"INFO","method":"GET","path":"/api/v1/notifications/history","status":200,"duration_ms":2.489,"ip":"::1","size":64}
{"timestamp":"2026-01-29T19:34:17.5156087-05:00","level":"INFO","method":"GET","path":"/api/v1/notifications/history","status":200,"duration_ms":0.996,"ip":"::1","size":64}
{"timestamp":"2026-01-29T19:34:22.2491264-05:00","level":"INFO","method":"GET","path":"/api/v1/notifications/history","status":200,"duration_ms":1.268,"ip":"::1","size":64}
{"timestamp":"2026-01-29T19:34:27.2231133-05:00","level":"INFO","method":"GET","path":"/api/v1/notifications/history","status":200,"duration_ms":1.072,"ip":"::1","size":64}
{"timestamp":"2026-01-29T19:34:32.2184331-05:00","level":"INFO","method":"GET","path":"/api/v1/notifications/history","status":200,"duration_ms":1.285,"ip":"::1","size":64}
{"timestamp":"2026-01-29T19:34:37.2246751-05:00","level":"INFO","method":"GET","path":"/api/v1/notifications/history","status":200,"duration_ms":0.516,"ip":"::1","size":64}
{"timestamp":"2026-01-29T19:34:42.2233296-05:00","level":"INFO","method":"GET","path":"/api/v1/notifications/history","status":200,"duration_ms":1.269,"ip":"::1","size":64}
{"timestamp":"2026-01-29T19:34:47.2191487-05:00","level":"INFO","method":"GET","path":"/api/v1/notifications/history","status":200,"duration_ms":1.188,"ip":"::1","size":64}
{"timestamp":"2026-01-29T19:34:52.2100797-05:00","level":"INFO","method":"GET","path":"/api/v1/notifications/history","status":200,"duration_ms":1.052,"ip":"::1","size":64}
{"timestamp":"2026-01-29T19:34:57.2362404-05:00","level":"INFO","method":"GET","path":"/api/v1/notifications/history","status":200,"duration_ms":2.991,"ip":"::1","size":64}
{"timestamp":"2026-01-29T19:35:02.2196331-05:00","level":"INFO","method":"GET","path":"/api/v1/notifications/history","status":200,"duration_ms":0.997,"ip":"::1","size":64}
{"timestamp":"2026-01-29T19:35:07.2116055-05:00","level":"INFO","method":"GET","path":"/api/v1/notifications/history","status":200,"duration_ms":0.816,"ip":"::1","size":64}
{"timestamp":"2026-01-29T19:35:12.2140226-05:00","level":"INFO","method":"GET","path":"/api/v1/notifications/history","status":200,"duration_ms":0.902,"ip":"::1","size":64}
{"timestamp":"2026-01-29T19:35:44.219672-05:00","level":"INFO","method":"GET","path":"/api/v1/notifications/history","status":200,"duration_ms":0.992,"ip":"::1","size":64}
{"timestamp":"2026-01-29T19:36:21.3176578-05:00","level":"INFO","method":"GET","path":"/api/v1/notifications/history","status":200,"duration_ms":0.94,"ip":"::1","size":64}
{"timestamp":"2026-01-29T19:36:21.8796091-05:00","level":"INFO","method":"GET","path":"/api/v1/notifications/history","status":200,"duration_ms":2.886,"ip":"::1","size":64}
{"timestamp":"2026-01-29T19:36:26.8847558-05:00","level":"INFO","method":"GET","path":"/api/v1/notifications/history","status":200,"duration_ms":0.991,"ip":"::1","size":64}
{"timestamp":"2026-01-29T19:36:28.7195711-05:00","level":"INFO","method":"POST","path":"/api/v1/targets","status":201,"duration_ms":7.115,"ip":"::1","size":754}
{"timestamp":"2026-01-29T19:36:30.8543904-05:00","level":"INFO","method":"GET","path":"/api/v1/targets","status":200,"duration_ms":3.945,"ip":"::1","size":915}
{"timestamp":"2026-01-29T19:36:30.8595049-05:00","level":"INFO","method":"GET","path":"/api/v1/targets","status":200,"duration_ms":2.991,"ip":"::1","size":915}
{"timestamp":"2026-01-29T19:36:31.8995207-05:00","level":"INFO","method":"GET","path":"/api/v1/notifications/history","status":200,"duration_ms":1.986,"ip":"::1","size":64}
{"timestamp":"2026-01-29T19:36:33.5583571-05:00","level":"INFO","method":"GET","path":"/api/v1/targets/:id","status":200,"duration_ms":0.955,"ip":"::1","size":756}
{"timestamp":"2026-01-29T19:36:33.560865-05:00","level":"INFO","method":"GET","path":"/api/v1/targets/:id","status":200,"duration_ms":0.997,"ip":"::1","size":756}
{"timestamp":"2026-01-29T19:36:33.5648574-05:00","level":"INFO","method":"GET","path":"/api/v1/targets/:id/history","status":200,"duration_ms":1.997,"ip":"::1","size":462}
{"timestamp":"2026-01-29T19:36:33.5706747-05:00","level":"INFO","method":"GET","path":"/api/v1/targets/:id/history","status":200,"duration_ms":1.994,"ip":"::1","size":462}
{"timestamp":"2026-01-29T19:36:33.5764523-05:00","level":"INFO","method":"GET","path":"/api/v1/targets/:id/metrics","status":200,"duration_ms":5.777,"ip":"::1","size":465}
{"timestamp":"2026-01-29T19:36:33.5789563-05:00","level":"INFO","method":"GET","path":"/api/v1/targets/:id/metrics","status":200,"duration_ms":1.99,"ip":"::1","size":465}
{"timestamp":"2026-01-29T19:36:33.5831497-05:00","level":"INFO","method":"GET","path":"/api/v1/targets/:id/statistics","status":200,"duration_ms":2.198,"ip":"::1","size":471}
{"timestamp":"2026-01-29T19:36:33.5857399-05:00","level":"INFO","method":"GET","path":"/api/v1/targets/:id/statistics","status":200,"duration_ms":1.083,"ip":"::1","size":471}
{"timestamp":"2026-01-29T19:36:35.8319719-05:00","level":"INFO","method":"GET","path":"/api/v1/targets/:id","status":200,"duration_ms":0.998,"ip":"::1","size":756}
{"timestamp":"2026-01-29T19:36:35.8419449-05:00","level":"INFO","method":"GET","path":"/api/v1/targets/:id","status":200,"duration_ms":0.997,"ip":"::1","size":756}
{"timestamp":"2026-01-29T19:36:35.8379561-05:00","level":"INFO","method":"GET","path":"/api/v1/notifications/history","status":200,"duration_ms":6.982,"ip":"::1","size":64}
{"timestamp":"2026-01-29T19:36:35.845934-05:00","level":"INFO","method":"GET","path":"/api/v1/notifications/history","status":200,"duration_ms":0,"ip":"::1","size":64}
{"timestamp":"2026-01-29T19:36:35.8541308-05:00","level":"INFO","method":"GET","path":"/api/v1/targets/:id/history","status":200,"duration_ms":4.186,"ip":"::1","size":462}
{"timestamp":"2026-01-29T19:36:35.8611077-05:00","level":"INFO","method":"GET","path":"/api/v1/targets/:id/history","status":200,"duration_ms":1.993,"ip":"::1","size":462}
{"timestamp":"2026-01-29T19:36:35.8611077-05:00","level":"INFO","method":"GET","path":"/api/v1/targets/:id/metrics","status":200,"duration_ms":0.997,"ip":"::1","size":465}
{"timestamp":"2026-01-29T19:36:35.8677273-05:00","level":"INFO","method":"GET","path":"/api/v1/targets/:id/statistics","status":200,"duration_ms":0.635,"ip":"::1","size":471}
{"timestamp":"2026-01-29T19:36:35.8677273-05:00","level":"INFO","method":"GET","path":"/api/v1/targets/:id/metrics","status":200,"duration_ms":0.635,"ip":"::1","size":465}
{"timestamp":"2026-01-29T19:36:35.875454-05:00","level":"INFO","method":"GET","path":"/api/v1/targets/:id/statistics","status":200,"duration_ms":2.57,"ip":"::1","size":471}
{"timestamp":"2026-01-29T19:36:37.0711158-05:00","level":"INFO","method":"GET","path":"/api/v1/targets/:id","status":200,"duration_ms":0.997,"ip":"::1","size":756}
{"timestamp":"2026-01-29T19:36:37.0711158-05:00","level":"INFO","method":"GET","path":"/api/v1/notifications/history","status":200,"duration_ms":0.997,"ip":"::1","size":64}
{"timestamp":"2026-01-29T19:36:37.079038-05:00","level":"INFO","method":"GET","path":"/api/v1/notifications/history","status":200,"duration_ms":4.985,"ip":"::1","size":64}
{"timestamp":"2026-01-29T19:36:37.0800354-05:00","level":"INFO","method":"GET","path":"/api/v1/targets/:id","status":200,"duration_ms":0.997,"ip":"::1","size":756}
{"timestamp":"2026-01-29T19:36:37.083316-05:00","level":"INFO","method":"GET","path":"/api/v1/targets/:id/history","status":200,"duration_ms":1.494,"ip":"::1","size":462}
{"timestamp":"2026-01-29T19:36:37.0896806-05:00","level":"INFO","method":"GET","path":"/api/v1/targets/:id/metrics","status":200,"duration_ms":0,"ip":"::1","size":465}
{"timestamp":"2026-01-29T19:36:37.0896806-05:00","level":"INFO","method":"GET","path":"/api/v1/targets/:id/history","status":200,"duration_ms":0,"ip":"::1","size":462}
{"timestamp":"2026-01-29T19:36:37.0954898-05:00","level":"INFO","method":"GET","path":"/api/v1/targets/:id/statistics","status":200,"duration_ms":0.526,"ip":"::1","size":471}
{"timestamp":"2026-01-29T19:36:37.0966058-05:00","level":"INFO","method":"GET","path":"/api/v1/targets/:id/metrics","status":200,"duration_ms":0.603,"ip":"::1","size":465}
{"timestamp":"2026-01-29T19:36:37.3018051-05:00","level":"INFO","method":"GET","path":"/api/v1/targets/:id/statistics","status":200,"duration_ms":1.004,"ip":"::1","size":471}
{"timestamp":"2026-01-29T19:36:38.2001014-05:00","level":"INFO","method":"GET","path":"/api/v1/notifications/history","status":200,"duration_ms":0.611,"ip":"::1","size":64}
{"timestamp":"2026-01-29T19:36:38.2001014-05:00","level":"INFO","method":"GET","path":"/api/v1/targets/:id","status":200,"duration_ms":0.611,"ip":"::1","size":756}
{"timestamp":"2026-01-29T19:36:38.204262-05:00","level":"INFO","method":"GET","path":"/api/v1/targets/:id","status":200,"duration_ms":0.996,"ip":"::1","size":756}
{"timestamp":"2026-01-29T19:36:38.208638-05:00","level":"INFO","method":"GET","path":"/api/v1/notifications/history","status":200,"duration_ms":2.381,"ip":"::1","size":64}
{"timestamp":"2026-01-29T19:36:38.2164539-05:00","level":"INFO","method":"GET","path":"/api/v1/targets/:id/history","status":200,"duration_ms":4.827,"ip":"::1","size":462}
{"timestamp":"2026-01-29T19:36:38.2194697-05:00","level":"INFO","method":"GET","path":"/api/v1/targets/:id/history","status":200,"duration_ms":2.258,"ip":"::1","size":462}
{"timestamp":"2026-01-29T19:36:38.2239296-05:00","level":"INFO","method":"GET","path":"/api/v1/targets/:id/metrics","status":200,"duration_ms":2.075,"ip":"::1","size":465}
{"timestamp":"2026-01-29T19:36:38.227046-05:00","level":"INFO","method":"GET","path":"/api/v1/targets/:id/metrics","status":200,"duration_ms":0.566,"ip":"::1","size":465}
{"timestamp":"2026-01-29T19:36:38.2320822-05:00","level":"INFO","method":"GET","path":"/api/v1/targets/:id/statistics","status":200,"duration_ms":0.998,"ip":"::1","size":471}
{"timestamp":"2026-01-29T19:36:38.2347899-05:00","level":"INFO","method":"GET","path":"/api/v1/targets/:id/statistics","status":200,"duration_ms":1.086,"ip":"::1","size":471}
{"timestamp":"2026-01-29T19:36:39.876014-05:00","level":"INFO","method":"GET","path":"/api/v1/notifications/history","status":200,"duration_ms":4.69,"ip":"::1","size":64}
{"timestamp":"2026-01-29T19:36:39.8765294-05:00","level":"INFO","method":"GET","path":"/api/v1/targets/:id","status":200,"duration_ms":5.206,"ip":"::1","size":756}
{"timestamp":"2026-01-29T19:36:39.8856337-05:00","level":"INFO","method":"GET","path":"/api/v1/targets/:id","status":200,"duration_ms":0,"ip":"::1","size":756}
{"timestamp":"2026-01-29T19:36:39.8886748-05:00","level":"INFO","method":"GET","path":"/api/v1/notifications/history","status":200,"duration_ms":2.043,"ip":"::1","size":64}
{"timestamp":"2026-01-29T19:36:39.8979261-05:00","level":"INFO","method":"GET","path":"/api/v1/targets/:id/history","status":200,"duration_ms":2.204,"ip":"::1","size":462}
{"timestamp":"2026-01-29T19:36:39.9029125-05:00","level":"INFO","method":"GET","path":"/api/v1/targets/:id/history","status":200,"duration_ms":1.995,"ip":"::1","size":462}
{"timestamp":"2026-01-29T19:36:39.9094352-05:00","level":"INFO","method":"GET","path":"/api/v1/targets/:id/metrics","status":200,"duration_ms":0.997,"ip":"::1","size":465}
{"timestamp":"2026-01-29T19:36:39.9125865-05:00","level":"INFO","method":"GET","path":"/api/v1/targets/:id/metrics","status":200,"duration_ms":1.156,"ip":"::1","size":465}
{"timestamp":"2026-01-29T19:36:39.9179529-05:00","level":"INFO","method":"GET","path":"/api/v1/targets/:id/statistics","status":200,"duration_ms":0.996,"ip":"::1","size":471}
{"timestamp":"2026-01-29T19:36:39.9247429-05:00","level":"INFO","method":"GET","path":"/api/v1/targets/:id/statistics","status":200,"duration_ms":2.8,"ip":"::1","size":471}
{"timestamp":"2026-01-29T19:36:43.566505-05:00","level":"INFO","method":"GET","path":"/api/v1/targets/:id","status":200,"duration_ms":0.997,"ip":"::1","size":756}
{"timestamp":"2026-01-29T19:36:43.5694571-05:00","level":"INFO","method":"GET","path":"/api/v1/notifications/history","status":200,"duration_ms":3.949,"ip":"::1","size":64}
{"timestamp":"2026-01-29T19:36:43.5757072-05:00","level":"INFO","method":"GET","path":"/api/v1/targets/:id","status":200,"duration_ms":4.986,"ip":"::1","size":756}
{"timestamp":"2026-01-29T19:36:43.5811328-05:00","level":"INFO","method":"GET","path":"/api/v1/targets/:id/history","status":200,"duration_ms":0.997,"ip":"::1","size":462}
{"timestamp":"2026-01-29T19:36:43.5821301-05:00","level":"INFO","method":"GET","path":"/api/v1/notifications/history","status":200,"duration_ms":1.994,"ip":"::1","size":64}
{"timestamp":"2026-01-29T19:36:43.5865333-05:00","level":"INFO","method":"GET","path":"/api/v1/targets/:id/history","status":200,"duration_ms":1.509,"ip":"::1","size":462}
{"timestamp":"2026-01-29T19:36:43.594467-05:00","level":"INFO","method":"GET","path":"/api/v1/targets/:id/metrics","status":200,"duration_ms":0.995,"ip":"::1","size":465}
{"timestamp":"2026-01-29T19:36:43.5979209-05:00","level":"INFO","method":"GET","path":"/api/v1/targets/:id/metrics","status":200,"duration_ms":1.813,"ip":"::1","size":465}
{"timestamp":"2026-01-29T19:36:43.6021807-05:00","level":"INFO","method":"GET","path":"/api/v1/targets/:id/statistics","status":200,"duration_ms":0.544,"ip":"::1","size":471}
{"timestamp":"2026-01-29T19:36:43.6043652-05:00","level":"INFO","method":"GET","path":"/api/v1/targets/:id/statistics","status":200,"duration_ms":1.086,"ip":"::1","size":471}
{"timestamp":"2026-01-29T19:36:46.6929646-05:00","level":"INFO","method":"GET","path":"/api/v1/targets","status":200,"duration_ms":3.23,"ip":"::1","size":915}
{"timestamp":"2026-01-29T19:36:46.6954676-05:00","level":"INFO","method":"GET","path":"/api/v1/targets","status":200,"duration_ms":1.989,"ip":"::1","size":915}
{"timestamp":"2026-01-29T19:36:47.2926175-05:00","level":"INFO","method":"GET","path":"/api/v1/targets","status":200,"duration_ms":1.994,"ip":"::1","size":915}
{"timestamp":"2026-01-29T19:36:47.2958558-05:00","level":"INFO","method":"GET","path":"/api/v1/targets","status":200,"duration_ms":1.243,"ip":"::1","size":915}
{"timestamp":"2026-01-29T19:36:48.5682676-05:00","level":"INFO","method":"GET","path":"/api/v1/notifications/history","status":200,"duration_ms":1.211,"ip":"::1","size":64}
{"timestamp":"2026-01-29T19:36:49.9104771-05:00","level":"INFO","method":"GET","path":"/api/v1/targets/:id","status":200,"duration_ms":0,"ip":"::1","size":756}
{"timestamp":"2026-01-29T19:36:53.5538633-05:00","level":"INFO","method":"GET","path":"/api/v1/notifications/history","status":200,"duration_ms":0.79,"ip":"::1","size":64}
{"timestamp":"2026-01-29T19:36:54.054319-05:00","level":"INFO","method":"PUT","path":"/api/v1/targets/:id/configuration","status":200,"duration_ms":2.257,"ip":"::1","size":476}
{"timestamp":"2026-01-29T19:36:58.5752869-05:00","level":"INFO","method":"GET","path":"/api/v1/notifications/history","status":200,"duration_ms":4.652,"ip":"::1","size":64}
{"timestamp":"2026-01-29T19:36:58.5837058-05:00","level":"INFO","method":"GET","path":"/api/v1/targets/:id","status":200,"duration_ms":13.071,"ip":"::1","size":756}
{"timestamp":"2026-01-29T19:36:58.5862403-05:00","level":"INFO","method":"GET","path":"/api/v1/targets/:id","status":200,"duration_ms":0.997,"ip":"::1","size":756}
{"timestamp":"2026-01-29T19:36:58.591007-05:00","level":"INFO","method":"GET","path":"/api/v1/targets/:id/history","status":200,"duration_ms":1.034,"ip":"::1","size":462}
{"timestamp":"2026-01-29T19:36:58.5938173-05:00","level":"INFO","method":"GET","path":"/api/v1/targets/:id/history","status":200,"duration_ms":1.555,"ip":"::1","size":462}
{"timestamp":"2026-01-29T19:36:58.5969782-05:00","level":"INFO","method":"GET","path":"/api/v1/targets/:id/metrics","status":200,"duration_ms":0.814,"ip":"::1","size":465}
{"timestamp":"2026-01-29T19:36:58.6001129-05:00","level":"INFO","method":"GET","path":"/api/v1/targets/:id/metrics","status":200,"duration_ms":0.997,"ip":"::1","size":465}
{"timestamp":"2026-01-29T19:36:58.6020009-05:00","level":"INFO","method":"GET","path":"/api/v1/targets/:id/statistics","status":200,"duration_ms":0.524,"ip":"::1","size":471}
{"timestamp":"2026-01-29T19:36:58.6061188-05:00","level":"INFO","method":"GET","path":"/api/v1/targets/:id/statistics","status":200,"duration_ms":1.614,"ip":"::1","size":471}
{"timestamp":"2026-01-29T19:37:00.1598989-05:00","level":"INFO","method":"GET","path":"/api/v1/targets/:id","status":200,"duration_ms":0.996,"ip":"::1","size":753}
{"timestamp":"2026-01-29T19:37:00.160895-05:00","level":"INFO","method":"GET","path":"/api/v1/notifications/history","status":200,"duration_ms":1.992,"ip":"::1","size":250}
{"timestamp":"2026-01-29T19:37:00.1618927-05:00","level":"INFO","method":"GET","path":"/api/v1/targets/:id","status":200,"duration_ms":0,"ip":"::1","size":753}
{"timestamp":"2026-01-29T19:37:00.1668818-05:00","level":"INFO","method":"GET","path":"/api/v1/notifications/history","status":200,"duration_ms":3.992,"ip":"::1","size":250}
{"timestamp":"2026-01-29T19:37:00.1722353-05:00","level":"INFO","method":"GET","path":"/api/v1/targets/:id/history","status":200,"duration_ms":2.965,"ip":"::1","size":547}
{"timestamp":"2026-01-29T19:37:00.1789771-05:00","level":"INFO","method":"GET","path":"/api/v1/targets/:id/history","status":200,"duration_ms":2.24,"ip":"::1","size":547}
{"timestamp":"2026-01-29T19:37:00.1832007-05:00","level":"INFO","method":"GET","path":"/api/v1/targets/:id/metrics","status":200,"duration_ms":3.038,"ip":"::1","size":534}
{"timestamp":"2026-01-29T19:37:00.1851229-05:00","level":"INFO","method":"GET","path":"/api/v1/targets/:id/metrics","status":200,"duration_ms":0.744,"ip":"::1","size":534}
{"timestamp":"2026-01-29T19:37:00.191264-05:00","level":"INFO","method":"GET","path":"/api/v1/targets/:id/statistics","status":200,"duration_ms":3.505,"ip":"::1","size":471}
{"timestamp":"2026-01-29T19:37:00.1927745-05:00","level":"INFO","method":"GET","path":"/api/v1/targets/:id/statistics","status":200,"duration_ms":0,"ip":"::1","size":471}
{"timestamp":"2026-01-29T19:37:05.1589676-05:00","level":"INFO","method":"GET","path":"/api/v1/notifications/history","status":200,"duration_ms":1.433,"ip":"::1","size":250}
{"timestamp":"2026-01-29T19:37:10.1669644-05:00","level":"INFO","method":"GET","path":"/api/v1/notifications/history","status":200,"duration_ms":0.947,"ip":"::1","size":250}
{"timestamp":"2026-01-29T19:37:15.1526477-05:00","level":"INFO","method":"GET","path":"/api/v1/notifications/history","status":200,"duration_ms":2.008,"ip":"::1","size":250}
{"timestamp":"2026-01-29T19:37:20.1523699-05:00","level":"INFO","method":"GET","path":"/api/v1/notifications/history","status":200,"duration_ms":1.031,"ip":"::1","size":250}
{"timestamp":"2026-01-29T19:37:25.1606938-05:00","level":"INFO","method":"GET","path":"/api/v1/notifications/history","status":200,"duration_ms":0.998,"ip":"::1","size":250}
{"timestamp":"2026-01-29T19:37:30.1553593-05:00","level":"INFO","method":"GET","path":"/api/v1/notifications/history","status":200,"duration_ms":1.11,"ip":"::1","size":250}
{"timestamp":"2026-01-29T19:37:35.1622704-05:00","level":"INFO","method":"GET","path":"/api/v1/notifications/history","status":200,"duration_ms":0.837,"ip":"::1","size":250}
{"timestamp":"2026-01-29T19:37:40.1574029-05:00","level":"INFO","method":"GET","path":"/api/v1/notifications/history","status":200,"duration_ms":0.768,"ip":"::1","size":250}
{"timestamp":"2026-01-29T19:37:45.1619882-05:00","level":"INFO","method":"GET","path":"/api/v1/notifications/history","status":200,"duration_ms":1.914,"ip":"::1","size":250}
{"timestamp":"2026-01-29T19:37:50.1644526-05:00","level":"INFO","method":"GET","path":"/api/v1/notifications/history","status":200,"duration_ms":0.709,"ip":"::1","size":250}
{"timestamp":"2026-01-29T19:37:55.1596835-05:00","level":"INFO","method":"GET","path":"/api/v1/notifications/history","status":200,"duration_ms":1.991,"ip":"::1","size":250}
{"timestamp":"2026-01-29T19:38:00.1604183-05:00","level":"INFO","method":"GET","path":"/api/v1/notifications/history","status":200,"duration_ms":1.579,"ip":"::1","size":250}
{"timestamp":"2026-01-29T19:38:05.1611706-05:00","level":"INFO","method":"GET","path":"/api/v1/notifications/history","status":200,"duration_ms":1.117,"ip":"::1","size":250}
{"timestamp":"2026-01-29T19:38:10.1549675-05:00","level":"INFO","method":"GET","path":"/api/v1/notifications/history","status":200,"duration_ms":0.721,"ip":"::1","size":250}
{"timestamp":"2026-01-29T19:38:15.1620717-05:00","level":"INFO","method":"GET","path":"/api/v1/notifications/history","status":200,"duration_ms":1.746,"ip":"::1","size":250}
{"timestamp":"2026-01-29T19:38:20.223509-05:00","level":"INFO","method":"GET","path":"/api/v1/notifications/history","status":200,"duration_ms":1.994,"ip":"::1","size":250}
{"timestamp":"2026-01-29T19:38:25.213767-05:00","level":"INFO","method":"GET","path":"/api/v1/notifications/history","status":200,"duration_ms":1.396,"ip":"::1","size":250}
{"timestamp":"2026-01-29T19:38:30.215308-05:00","level":"INFO","method":"GET","path":"/api/v1/notifications/history","status":200,"duration_ms":1.746,"ip":"::1","size":250}
{"timestamp":"2026-01-29T19:38:35.2239306-05:00","level":"INFO","method":"GET","path":"/api/v1/notifications/history","status":200,"duration_ms":1.391,"ip":"::1","size":250}
{"timestamp":"2026-01-29T19:38:40.2103313-05:00","level":"INFO","method":"GET","path":"/api/v1/notifications/history","status":200,"duration_ms":0.67,"ip":"::1","size":250}
{"timestamp":"2026-01-29T19:38:45.2186839-05:00","level":"INFO","method":"GET","path":"/api/v1/notifications/history","status":200,"duration_ms":0.512,"ip":"::1","size":250}
{"timestamp":"2026-01-29T19:38:50.218697-05:00","level":"INFO","method":"GET","path":"/api/v1/notifications/history","status":200,"duration_ms":0.864,"ip":"::1","size":250}
{"timestamp":"2026-01-29T19:38:55.2223956-05:00","level":"INFO","method":"GET","path":"/api/v1/notifications/history","status":200,"duration_ms":0.757,"ip":"::1","size":250}
{"timestamp":"2026-01-29T19:39:00.2201905-05:00","level":"INFO","method":"GET","path":"/api/v1/notifications/history","status":200,"duration_ms":1.222,"ip":"::1","size":250}
{"timestamp":"2026-01-29T19:39:05.2116859-05:00","level":"INFO","method":"GET","path":"/api/v1/notifications/history","status":200,"duration_ms":0.692,"ip":"::1","size":250}
{"timestamp":"2026-01-29T19:39:10.2198302-05:00","level":"INFO","method":"GET","path":"/api/v1/notifications/history","status":200,"duration_ms":0.51,"ip":"::1","size":250}
{"timestamp":"2026-01-29T19:39:15.2094946-05:00","level":"INFO","method":"GET","path":"/api/v1/notifications/history","status":200,"duration_ms":1.529,"ip":"::1","size":250}
{"timestamp":"2026-01-29T19:39:44.2190661-05:00","level":"INFO","method":"GET","path":"/api/v1/notifications/history","status":200,"duration_ms":0.992,"ip":"::1","size":250}
{"timestamp":"2026-01-29T19:40:44.2092879-05:00","level":"INFO","method":"GET","path":"/api/v1/notifications/history","status":200,"duration_ms":1.473,"ip":"::1","size":250}
{"timestamp":"2026-01-29T19:41:44.2347613-05:00","level":"INFO","method":"GET","path":"/api/v1/notifications/history","status":200,"duration_ms":1.534,"ip":"::1","size":250}
{"timestamp":"2026-01-29T19:42:44.213766-05:00","level":"INFO","method":"GET","path":"/api/v1/notifications/history","status":200,"duration_ms":1.559,"ip":"::1","size":250}
{"timestamp":"2026-01-29T19:44:44.2263977-05:00","level":"INFO","method":"GET","path":"/api/v1/notifications/history","status":200,"duration_ms":5.156,"ip":"::1","size":250}
{"timestamp":"2026-01-29T19:45:44.3992012-05:00","level":"INFO","method":"GET","path":"/api/v1/notifications/history","status":200,"duration_ms":0.997,"ip":"::1","size":250}
{"timestamp":"2026-01-29T19:46:10.7304128-05:00","level":"INFO","method":"GET","path":"/api/v1/notifications/history","status":200,"duration_ms":1.903,"ip":"::1","size":250}
{"timestamp":"2026-01-29T19:46:15.6927309-05:00","level":"INFO","method":"GET","path":"/api/v1/notifications/history","status":200,"duration_ms":1.567,"ip":"::1","size":250}
{"timestamp":"2026-01-29T19:46:20.2146906-05:00","level":"INFO","method":"GET","path":"/api/v1/notifications/history","status":200,"duration_ms":0.879,"ip":"::1","size":250}
{"timestamp":"2026-01-29T19:46:25.2276424-05:00","level":"INFO","method":"GET","path":"/api/v1/notifications/history","status":200,"duration_ms":1.39,"ip":"::1","size":250}
{"timestamp":"2026-01-29T19:46:30.2130981-05:00","level":"INFO","method":"GET","path":"/api/v1/notifications/history","status":200,"duration_ms":1.074,"ip":"::1","size":250}
{"timestamp":"2026-01-29T19:46:35.2179445-05:00","level":"INFO","method":"GET","path":"/api/v1/notifications/history","status":200,"duration_ms":1.002,"ip":"::1","size":250}
{"timestamp":"2026-01-29T19:46:40.2553875-05:00","level":"INFO","method":"GET","path":"/api/v1/notifications/history","status":200,"duration_ms":1.568,"ip":"::1","size":250}
{"timestamp":"2026-01-29T19:46:45.2979902-05:00","level":"INFO","method":"GET","path":"/api/v1/notifications/history","status":200,"duration_ms":0.997,"ip":"::1","size":250}
{"timestamp":"2026-01-29T19:46:51.525316-05:00","level":"INFO","method":"GET","path":"/api/v1/notifications/history","status":200,"duration_ms":6.11,"ip":"::1","size":250}
{"timestamp":"2026-01-29T19:46:55.710952-05:00","level":"INFO","method":"GET","path":"/api/v1/notifications/history","status":200,"duration_ms":0.997,"ip":"::1","size":250}
{"timestamp":"2026-01-29T19:47:00.2249799-05:00","level":"INFO","method":"GET","path":"/api/v1/notifications/history","status":200,"duration_ms":1.77,"ip":"::1","size":250}
{"timestamp":"2026-01-29T19:47:18.4527579-05:00","level":"INFO","method":"GET","path":"/api/v1/notifications/history","status":200,"duration_ms":25.973,"ip":"::1","size":250}
{"timestamp":"2026-01-29T19:47:26.6925151-05:00","level":"INFO","method":"GET","path":"/api/v1/targets/:id","status":200,"duration_ms":1.636,"ip":"::1","size":753}
{"timestamp":"2026-01-29T19:47:26.6930276-05:00","level":"INFO","method":"GET","path":"/api/v1/notifications/history","status":200,"duration_ms":2.834,"ip":"::1","size":250}
{"timestamp":"2026-01-29T19:47:26.700064-05:00","level":"INFO","method":"GET","path":"/api/v1/notifications/history","status":200,"duration_ms":0.87,"ip":"::1","size":250}
{"timestamp":"2026-01-29T19:47:26.7005806-05:00","level":"INFO","method":"GET","path":"/api/v1/targets/:id","status":200,"duration_ms":1.387,"ip":"::1","size":753}
{"timestamp":"2026-01-29T19:47:26.726812-05:00","level":"INFO","method":"GET","path":"/api/v1/targets/:id/history","status":200,"duration_ms":3.344,"ip":"::1","size":547}
{"timestamp":"2026-01-29T19:47:26.7486068-05:00","level":"INFO","method":"GET","path":"/api/v1/targets/:id/history","status":200,"duration_ms":1.184,"ip":"::1","size":547}
{"timestamp":"2026-01-29T19:47:26.7568471-05:00","level":"INFO","method":"GET","path":"/api/v1/targets/:id/metrics","status":200,"duration_ms":2.655,"ip":"::1","size":1375}
{"timestamp":"2026-01-29T19:47:26.75961-05:00","level":"INFO","method":"GET","path":"/api/v1/targets/:id/metrics","status":200,"duration_ms":1.296,"ip":"::1","size":1375}
{"timestamp":"2026-01-29T19:47:26.7683215-05:00","level":"INFO","method":"GET","path":"/api/v1/targets/:id/statistics","status":200,"duration_ms":0.546,"ip":"::1","size":472}
{"timestamp":"2026-01-29T19:47:26.770529-05:00","level":"INFO","method":"GET","path":"/api/v1/targets/:id/statistics","status":200,"duration_ms":0.523,"ip":"::1","size":472}
{"timestamp":"2026-01-29T19:47:32.2211297-05:00","level":"INFO","method":"GET","path":"/api/v1/notifications/history","status":200,"duration_ms":0.625,"ip":"::1","size":250}
{"timestamp":"2026-01-29T19:47:37.2259141-05:00","level":"INFO","method":"GET","path":"/api/v1/notifications/history","status":200,"duration_ms":0.692,"ip":"::1","size":250}
{"timestamp":"2026-01-29T19:47:42.2341895-05:00","level":"INFO","method":"GET","path":"/api/v1/notifications/history","status":200,"duration_ms":1.571,"ip":"::1","size":250}
{"timestamp":"2026-01-29T19:47:47.2188755-05:00","level":"INFO","method":"GET","path":"/api/v1/notifications/history","status":200,"duration_ms":1.554,"ip":"::1","size":250}
{"timestamp":"2026-01-29T19:47:52.2196808-05:00","level":"INFO","method":"GET","path":"/api/v1/notifications/history","status":200,"duration_ms":1.487,"ip":"::1","size":250}
{"timestamp":"2026-01-29T19:47:57.2163243-05:00","level":"INFO","method":"GET","path":"/api/v1/notifications/history","status":200,"duration_ms":1.577,"ip":"::1","size":250}
{"timestamp":"2026-01-29T19:48:02.2159735-05:00","level":"INFO","method":"GET","path":"/api/v1/notifications/history","status":200,"duration_ms":0.804,"ip":"::1","size":250}
{"timestamp":"2026-01-29T19:48:07.2098046-05:00","level":"INFO","method":"GET","path":"/api/v1/notifications/history","status":200,"duration_ms":0.756,"ip":"::1","size":250}
{"timestamp":"2026-01-29T19:48:12.2091541-05:00","level":"INFO","method":"GET","path":"/api/v1/notifications/history","status":200,"duration_ms":0.736,"ip":"::1","size":250}
{"timestamp":"2026-01-29T19:48:17.2222229-05:00","level":"INFO","method":"GET","path":"/api/v1/notifications/history","status":200,"duration_ms":0.932,"ip":"::1","size":250}
{"timestamp":"2026-01-29T19:48:39.7844897-05:00","level":"INFO","method":"GET","path":"/api/v1/notifications/history","status":200,"duration_ms":0.996,"ip":"::1","size":250}
{"timestamp":"2026-01-29T19:48:42.2264121-05:00","level":"INFO","method":"GET","path":"/api/v1/notifications/history","status":200,"duration_ms":0.793,"ip":"::1","size":250}
{"timestamp":"2026-01-29T19:48:47.2162098-05:00","level":"INFO","method":"GET","path":"/api/v1/notifications/history","status":200,"duration_ms":1.066,"ip":"::1","size":250}
{"timestamp":"2026-01-29T19:48:52.2236558-05:00","level":"INFO","method":"GET","path":"/api/v1/notifications/history","status":200,"duration_ms":1.791,"ip":"::1","size":250}
{"timestamp":"2026-01-29T19:48:57.2102247-05:00","level":"INFO","method":"GET","path":"/api/v1/notifications/history","status":200,"duration_ms":0.693,"ip":"::1","size":250}
{"timestamp":"2026-01-29T19:49:02.2155007-05:00","level":"INFO","method":"GET","path":"/api/v1/notifications/history","status":200,"duration_ms":2.456,"ip":"::1","size":250}
{"timestamp":"2026-01-29T19:49:07.2168489-05:00","level":"INFO","method":"GET","path":"/api/v1/notifications/history","status":200,"duration_ms":1.185,"ip":"::1","size":250}
{"timestamp":"2026-01-29T19:49:12.2216849-05:00","level":"INFO","method":"GET","path":"/api/v1/notifications/history","status":200,"duration_ms":1.263,"ip":"::1","size":250}
{"timestamp":"2026-01-29T19:49:17.2201515-05:00","level":"INFO","method":"GET","path":"/api/v1/notifications/history","status":200,"duration_ms":1.75,"ip":"::1","size":250}
{"timestamp":"2026-01-29T19:49:22.2259862-05:00","level":"INFO","method":"GET","path":"/api/v1/notifications/history","status":200,"duration_ms":1.816,"ip":"::1","size":250}
{"timestamp":"2026-01-29T19:49:27.2221652-05:00","level":"INFO","method":"GET","path":"/api/v1/notifications/history","status":200,"duration_ms":1.58,"ip":"::1","size":250}
{"timestamp":"2026-01-29T19:49:32.2156815-05:00","level":"INFO","method":"GET","path":"/api/v1/notifications/history","status":200,"duration_ms":1.128,"ip":"::1","size":250}
{"timestamp":"2026-01-29T19:49:37.2147951-05:00","level":"INFO","method":"GET","path":"/api/v1/notifications/history","status":200,"duration_ms":1.551,"ip":"::1","size":250}
{"timestamp":"2026-01-29T19:49:42.2188367-05:00","level":"INFO","method":"GET","path":"/api/v1/notifications/history","status":200,"duration_ms":1.187,"ip":"::1","size":250}
{"timestamp":"2026-01-29T19:49:47.2174019-05:00","level":"INFO","method":"GET","path":"/api/v1/notifications/history","status":200,"duration_ms":1.163,"ip":"::1","size":250}
{"timestamp":"2026-01-29T19:49:52.2299732-05:00","level":"INFO","method":"GET","path":"/api/v1/notifications/history","status":200,"duration_ms":2.124,"ip":"::1","size":250}
{"timestamp":"2026-01-29T19:49:57.2206864-05:00","level":"INFO","method":"GET","path":"/api/v1/notifications/history","status":200,"duration_ms":0.823,"ip":"::1","size":250}
{"timestamp":"2026-01-29T19:50:02.2144415-05:00","level":"INFO","method":"GET","path":"/api/v1/notifications/history","status":200,"duration_ms":1.239,"ip":"::1","size":250}
{"timestamp":"2026-01-29T19:50:07.2121192-05:00","level":"INFO","method":"GET","path":"/api/v1/notifications/history","status":200,"duration_ms":1.471,"ip":"::1","size":250}
{"timestamp":"2026-01-29T19:50:12.2223314-05:00","level":"INFO","method":"GET","path":"/api/v1/notifications/history","status":200,"duration_ms":0.754,"ip":"::1","size":250}
{"timestamp":"2026-01-29T19:50:17.2208466-05:00","level":"INFO","method":"GET","path":"/api/v1/notifications/history","status":200,"duration_ms":0.907,"ip":"::1","size":250}
{"timestamp":"2026-01-29T19:50:22.2202465-05:00","level":"INFO","method":"GET","path":"/api/v1/notifications/history","status":200,"duration_ms":0.938,"ip":"::1","size":250}
{"timestamp":"2026-01-29T19:50:27.2148611-05:00","level":"INFO","method":"GET","path":"/api/v1/notifications/history","status":200,"duration_ms":1.649,"ip":"::1","size":250}
{"timestamp":"2026-01-29T19:50:32.2195176-05:00","level":"INFO","method":"GET","path":"/api/v1/notifications/history","status":200,"duration_ms":1.239,"ip":"::1","size":250}
{"timestamp":"2026-01-29T19:50:37.2189328-05:00","level":"INFO","method":"GET","path":"/api/v1/notifications/history","status":200,"duration_ms":0.994,"ip":"::1","size":250}
{"timestamp":"2026-01-29T19:50:42.2270732-05:00","level":"INFO","method":"GET","path":"/api/v1/notifications/history","status":200,"duration_ms":1.572,"ip":"::1","size":250}
{"timestamp":"2026-01-29T19:50:47.2229026-05:00","level":"INFO","method":"GET","path":"/api/v1/notifications/history","status":200,"duration_ms":1.432,"ip":"::1","size":250}
{"timestamp":"2026-01-29T19:50:52.2247129-05:00","level":"INFO","method":"GET","path":"/api/v1/notifications/history","status":200,"duration_ms":0.363,"ip":"::1","size":250}
{"timestamp":"2026-01-29T19:50:57.220772-05:00","level":"INFO","method":"GET","path":"/api/v1/notifications/history","status":200,"duration_ms":0.842,"ip":"::1","size":250}
{"timestamp":"2026-01-29T19:51:02.2153947-05:00","level":"INFO","method":"GET","path":"/api/v1/notifications/history","status":200,"duration_ms":1.663,"ip":"::1","size":250}
{"timestamp":"2026-01-29T19:51:07.2130821-05:00","level":"INFO","method":"GET","path":"/api/v1/notifications/history","status":200,"duration_ms":0.513,"ip":"::1","size":250}
{"timestamp":"2026-01-29T19:51:12.2166553-05:00","level":"INFO","method":"GET","path":"/api/v1/notifications/history","status":200,"duration_ms":1.793,"ip":"::1","size":250}
{"timestamp":"2026-01-29T19:51:21.3716682-05:00","level":"INFO","method":"GET","path":"/api/v1/notifications/history","status":200,"duration_ms":0.998,"ip":"::1","size":250}
{"timestamp":"2026-01-29T19:51:22.2187521-05:00","level":"INFO","method":"GET","path":"/api/v1/notifications/history","status":200,"duration_ms":1.003,"ip":"::1","size":250}
{"timestamp":"2026-01-29T19:51:42.3009718-05:00","level":"INFO","method":"GET","path":"/api/v1/notifications/history","status":200,"duration_ms":1.548,"ip":"::1","size":250}
{"timestamp":"2026-01-29T19:51:42.3133492-05:00","level":"INFO","method":"GET","path":"/api/v1/notifications/history","status":200,"duration_ms":0.993,"ip":"::1","size":250}
{"timestamp":"2026-01-29T19:51:42.3212353-05:00","level":"INFO","method":"GET","path":"/api/v1/notifications/history","status":200,"duration_ms":1.266,"ip":"::1","size":250}
{"timestamp":"2026-01-29T19:51:48.1604101-05:00","level":"INFO","method":"GET","path":"/api/v1/notifications/history","status":200,"duration_ms":1.994,"ip":"::1","size":250}
{"timestamp":"2026-01-29T19:51:52.3274602-05:00","level":"INFO","method":"GET","path":"/api/v1/notifications/history","status":200,"duration_ms":31.914,"ip":"::1","size":250}
{"timestamp":"2026-01-29T19:51:57.2868193-05:00","level":"INFO","method":"GET","path":"/api/v1/notifications/history","status":200,"duration_ms":1.994,"ip":"::1","size":250}
{"timestamp":"2026-01-29T19:52:05.603616-05:00","level":"INFO","method":"GET","path":"/api/v1/notifications/history","status":200,"duration_ms":0.996,"ip":"::1","size":250}
{"timestamp":"2026-01-29T19:52:07.47331-05:00","level":"INFO","method":"GET","path":"/api/v1/notifications/history","status":200,"duration_ms":1.222,"ip":"::1","size":250}
{"timestamp":"2026-01-29T19:52:14.1028872-05:00","level":"INFO","method":"GET","path":"/api/v1/notifications/history","status":200,"duration_ms":1.179,"ip":"::1","size":250}
{"timestamp":"2026-01-29T19:52:22.147777-05:00","level":"INFO","method":"GET","path":"/api/v1/notifications/history","status":200,"duration_ms":0.866,"ip":"::1","size":250}
{"timestamp":"2026-01-29T19:52:27.6776835-05:00","level":"INFO","method":"GET","path":"/api/v1/notifications/history","status":200,"duration_ms":1.352,"ip":"::1","size":250}
{"timestamp":"2026-01-29T19:52:34.5151908-05:00","level":"INFO","method":"GET","path":"/api/v1/notifications/history","status":200,"duration_ms":1.091,"ip":"::1","size":250}
{"timestamp":"2026-01-29T19:52:38.6006328-05:00","level":"INFO","method":"GET","path":"/api/v1/notifications/history","status":200,"duration_ms":1.629,"ip":"::1","size":250}
{"timestamp":"2026-01-29T19:52:48.8141014-05:00","level":"INFO","method":"GET","path":"/api/v1/notifications/history","status":200,"duration_ms":20.192,"ip":"::1","size":250}
{"timestamp":"2026-01-29T19:52:49.0086428-05:00","level":"INFO","method":"GET","path":"/api/v1/notifications/history","status":200,"duration_ms":0.998,"ip":"::1","size":250}
{"timestamp":"2026-01-29T19:52:52.3697023-05:00","level":"INFO","method":"GET","path":"/api/v1/notifications/history","status":200,"duration_ms":120.346,"ip":"::1","size":250}
{"timestamp":"2026-01-29T19:52:57.6049183-05:00","level":"INFO","method":"GET","path":"/api/v1/notifications/history","status":200,"duration_ms":1.996,"ip":"::1","size":250}
{"timestamp":"2026-01-29T19:53:02.3361961-05:00","level":"INFO","method":"GET","path":"/api/v1/notifications/history","status":200,"duration_ms":9.801,"ip":"::1","size":250}
{"timestamp":"2026-01-29T19:53:07.5597908-05:00","level":"INFO","method":"GET","path":"/api/v1/notifications/history","status":200,"duration_ms":1.63,"ip":"::1","size":250}
{"timestamp":"2026-01-29T19:53:12.2860928-05:00","level":"INFO","method":"GET","path":"/api/v1/notifications/history","status":200,"duration_ms":18.957,"ip":"::1","size":250}
{"timestamp":"2026-01-29T19:53:17.4009663-05:00","level":"INFO","method":"GET","path":"/api/v1/notifications/history","status":200,"duration_ms":1.993,"ip":"::1","size":250}
{"timestamp":"2026-01-29T19:53:22.2929441-05:00","level":"INFO","method":"GET","path":"/api/v1/notifications/history","status":200,"duration_ms":15.644,"ip":"::1","size":250}
{"timestamp":"2026-01-29T19:53:27.2287252-05:00","level":"INFO","method":"GET","path":"/api/v1/notifications/history","status":200,"duration_ms":6.03,"ip":"::1","size":250}
{"timestamp":"2026-01-29T19:53:32.2872752-05:00","level":"INFO","method":"GET","path":"/api/v1/notifications/history","status":200,"duration_ms":23.384,"ip":"::1","size":250}
{"timestamp":"2026-01-29T19:53:37.2899651-05:00","level":"INFO","method":"GET","path":"/api/v1/notifications/history","status":200,"duration_ms":0.998,"ip":"::1","size":250}
{"timestamp":"2026-01-29T19:53:43.4770181-05:00","level":"INFO","method":"GET","path":"/api/v1/notifications/history","status":200,"duration_ms":18.461,"ip":"::1","size":250}
{"timestamp":"2026-01-29T19:53:47.2822149-05:00","level":"INFO","method":"GET","path":"/api/v1/notifications/history","status":200,"duration_ms":31.147,"ip":"::1","size":250}
{"timestamp":"2026-01-29T19:53:52.3213484-05:00","level":"INFO","method":"GET","path":"/api/v1/notifications/history","status":200,"duration_ms":23.719,"ip":"::1","size":250}
{"timestamp":"2026-01-29T19:53:57.3625211-05:00","level":"INFO","method":"GET","path":"/api/v1/notifications/history","status":200,"duration_ms":37.898,"ip":"::1","size":250}
{"timestamp":"2026-01-29T19:54:02.3395909-05:00","level":"INFO","method":"GET","path":"/api/v1/notifications/history","status":200,"duration_ms":61.276,"ip":"::1","size":250}
{"timestamp":"2026-01-29T19:54:07.2714281-05:00","level":"INFO","method":"GET","path":"/api/v1/notifications/history","status":200,"duration_ms":6.522,"ip":"::1","size":250}
{"timestamp":"2026-01-29T19:54:12.3136599-05:00","level":"INFO","method":"GET","path":"/api/v1/notifications/history","status":200,"duration_ms":1.513,"ip":"::1","size":250}
{"timestamp":"2026-01-29T19:54:17.2675914-05:00","level":"INFO","method":"GET","path":"/api/v1/notifications/history","status":200,"duration_ms":0.996,"ip":"::1","size":250}
{"timestamp":"2026-01-29T19:54:23.8662828-05:00","level":"INFO","method":"GET","path":"/api/v1/notifications/history","status":200,"duration_ms":1.995,"ip":"::1","size":250}
{"timestamp":"2026-01-29T19:54:27.5666496-05:00","level":"INFO","method":"GET","path":"/api/v1/notifications/history","status":200,"duration_ms":1.509,"ip":"::1","size":250}
{"timestamp":"2026-01-29T19:54:40.8339698-05:00","level":"INFO","method":"GET","path":"/api/v1/notifications/history","status":200,"duration_ms":0.993,"ip":"::1","size":250}
{"timestamp":"2026-01-29T19:54:42.3600897-05:00","level":"INFO","method":"GET","path":"/api/v1/notifications/history","status":200,"duration_ms":70.378,"ip":"::1","size":250}
{"timestamp":"2026-01-29T19:54:47.2253509-05:00","level":"INFO","method":"GET","path":"/api/v1/notifications/history","status":200,"duration_ms":1.991,"ip":"::1","size":250}
{"timestamp":"2026-01-29T19:54:52.2255939-05:00","level":"INFO","method":"GET","path":"/api/v1/notifications/history","status":200,"duration_ms":0.994,"ip":"::1","size":250}
{"timestamp":"2026-01-29T19:54:57.2331352-05:00","level":"INFO","method":"GET","path":"/api/v1/notifications/history","status":200,"duration_ms":2.384,"ip":"::1","size":250}
{"timestamp":"2026-01-29T19:55:02.2164202-05:00","level":"INFO","method":"GET","path":"/api/v1/notifications/history","status":200,"duration_ms":0.996,"ip":"::1","size":250}
{"timestamp":"2026-01-29T19:55:07.2177164-05:00","level":"INFO","method":"GET","path":"/api/v1/notifications/history","status":200,"duration_ms":0.997,"ip":"::1","size":250}
{"timestamp":"2026-01-29T19:55:12.2661096-05:00","level":"INFO","method":"GET","path":"/api/v1/notifications/history","status":200,"duration_ms":5.95,"ip":"::1","size":250}
{"timestamp":"2026-01-29T19:55:17.2275208-05:00","level":"INFO","method":"GET","path":"/api/v1/notifications/history","status":200,"duration_ms":0.998,"ip":"::1","size":250}
{"timestamp":"2026-01-29T19:55:22.2520103-05:00","level":"INFO","method":"GET","path":"/api/v1/notifications/history","status":200,"duration_ms":1.506,"ip":"::1","size":250}
{"timestamp":"2026-01-29T19:55:29.502419-05:00","level":"INFO","method":"GET","path":"/api/v1/notifications/history","status":200,"duration_ms":1.995,"ip":"::1","size":250}
{"timestamp":"2026-01-29T19:55:34.7822037-05:00","level":"INFO","method":"GET","path":"/api/v1/notifications/history","status":200,"duration_ms":1.994,"ip":"::1","size":250}
{"timestamp":"2026-01-29T19:55:39.8969415-05:00","level":"INFO","method":"GET","path":"/api/v1/notifications/history","status":200,"duration_ms":0.994,"ip":"::1","size":250}
{"timestamp":"2026-01-29T19:55:42.226711-05:00","level":"INFO","method":"GET","path":"/api/v1/notifications/history","status":200,"duration_ms":1.193,"ip":"::1","size":250}
{"timestamp":"2026-01-29T19:55:47.2698325-05:00","level":"INFO","method":"GET","path":"/api/v1/notifications/history","status":200,"duration_ms":5.225,"ip":"::1","size":250}
{"timestamp":"2026-01-29T19:55:52.2149713-05:00","level":"INFO","method":"GET","path":"/api/v1/notifications/history","status":200,"duration_ms":1.174,"ip":"::1","size":250}
{"timestamp":"2026-01-29T19:55:57.2151287-05:00","level":"INFO","method":"GET","path":"/api/v1/notifications/history","status":200,"duration_ms":0.958,"ip":"::1","size":250}
{"timestamp":"2026-01-29T19:56:02.2219054-05:00","level":"INFO","method":"GET","path":"/api/v1/notifications/history","status":200,"duration_ms":1.172,"ip":"::1","size":250}
{"timestamp":"2026-01-29T19:56:07.2236003-05:00","level":"INFO","method":"GET","path":"/api/v1/notifications/history","status":200,"duration_ms":1.972,"ip":"::1","size":250}
{"timestamp":"2026-01-29T19:56:14.6176992-05:00","level":"INFO","method":"GET","path":"/api/v1/notifications/history","status":200,"duration_ms":9.923,"ip":"::1","size":250}
{"timestamp":"2026-01-29T19:56:17.2194534-05:00","level":"INFO","method":"GET","path":"/api/v1/notifications/history","status":200,"duration_ms":1.274,"ip":"::1","size":250}
{"timestamp":"2026-01-29T19:56:22.2201433-05:00","level":"INFO","method":"GET","path":"/api/v1/notifications/history","status":200,"duration_ms":0.65,"ip":"::1","size":250}
{"timestamp":"2026-01-29T19:56:27.214056-05:00","level":"INFO","method":"GET","path":"/api/v1/notifications/history","status":200,"duration_ms":0.974,"ip":"::1","size":250}
{"timestamp":"2026-01-29T19:56:32.2181664-05:00","level":"INFO","method":"GET","path":"/api/v1/notifications/history","status":200,"duration_ms":1.598,"ip":"::1","size":250}
{"timestamp":"2026-01-29T19:56:37.212033-05:00","level":"INFO","method":"GET","path":"/api/v1/notifications/history","status":200,"duration_ms":1.207,"ip":"::1","size":250}
{"timestamp":"2026-01-29T19:56:42.2236795-05:00","level":"INFO","method":"GET","path":"/api/v1/notifications/history","status":200,"duration_ms":1.003,"ip":"::1","size":250}
{"timestamp":"2026-01-29T19:56:47.215387-05:00","level":"INFO","method":"GET","path":"/api/v1/notifications/history","status":200,"duration_ms":1.417,"ip":"::1","size":250}
{"timestamp":"2026-01-29T19:56:52.2120929-05:00","level":"INFO","method":"GET","path":"/api/v1/notifications/history","status":200,"duration_ms":1.065,"ip":"::1","size":250}
{"timestamp":"2026-01-29T19:56:57.2123994-05:00","level":"INFO","method":"GET","path":"/api/v1/notifications/history","status":200,"duration_ms":1.512,"ip":"::1","size":250}
{"timestamp":"2026-01-29T19:57:44.2239268-05:00","level":"INFO","method":"GET","path":"/api/v1/notifications/history","status":200,"duration_ms":1.33,"ip":"::1","size":250}
{"timestamp":"2026-01-29T19:58:44.2258758-05:00","level":"INFO","method":"GET","path":"/api/v1/notifications/history","status":200,"duration_ms":1.977,"ip":"::1","size":449}
{"timestamp":"2026-01-29T19:59:44.2187388-05:00","level":"INFO","method":"GET","path":"/api/v1/notifications/history","status":200,"duration_ms":0.843,"ip":"::1","size":642}
