{"timestamp":"2026-01-29T01:17:38.1583678-05:00","level":"INFO","method":"GET","path":"/api/v1/notifications/history","status":200,"duration_ms":2.784,"ip":"::1","size":64}
{"timestamp":"2026-01-29T01:17:43.1590197-05:00","level":"INFO","method":"GET","path":"/api/v1/notifications/history","status":200,"duration_ms":0.747,"ip":"::1","size":64}
{"timestamp":"2026-01-29T01:17:48.5730599-05:00","level":"INFO","method":"GET","path":"/api/v1/notifications/history","status":200,"duration_ms":1.995,"ip":"::1","size":64}
{"timestamp":"2026-01-29T01:17:48.5810379-05:00","level":"INFO","method":"GET","path":"/api/v1/notifications/history","status":200,"duration_ms":2.991,"ip":"::1","size":64}
{"timestamp":"2026-01-29T01:17:48.7920369-05:00","level":"INFO","method":"GET","path":"/api/v1/targets/:id","status":200,"duration_ms":219.974,"ip":"::1","size":750}
{"timestamp":"2026-01-29T01:17:48.7970257-05:00","level":"INFO","method":"GET","path":"/api/v1/targets/:id","status":200,"duration_ms":2.994,"ip":"::1","size":750}
{"timestamp":"2026-01-29T01:17:48.807782-05:00","level":"INFO","method":"GET","path":"/api/v1/targets/:id/history","status":200,"duration_ms":7.117,"ip":"::1","size":726}
{"timestamp":"2026-01-29T01:17:48.8133452-05:00","level":"INFO","method":"GET","path":"/api/v1/targets/:id/history","status":200,"duration_ms":4.566,"ip":"::1","size":726}
{"timestamp":"2026-01-29T01:17:48.8956724-05:00","level":"INFO","method":"GET","path":"/api/v1/targets/:id/metrics","status":200,"duration_ms":71.808,"ip":"::1","size":7646}
{"timestamp":"2026-01-29T01:17:48.9777533-05:00","level":"INFO","method":"GET","path":"/api/v1/targets/:id/metrics","status":200,"duration_ms":50.314,"ip":"::1","size":7646}
{"timestamp":"2026-01-29T01:17:48.9886404-05:00","level":"INFO","method":"GET","path":"/api/v1/targets/:id/statistics","status":200,"duration_ms":10.887,"ip":"::1","size":475}
{"timestamp":"2026-01-29T01:17:49.0077059-05:00","level":"INFO","method":"GET","path":"/api/v1/targets/:id/statistics","status":200,"duration_ms":9.973,"ip":"::1","size":475}
{"timestamp":"2026-01-29T01:17:52.4919023-05:00","level":"INFO","method":"GET","path":"/api/v1/notifications/history","status":200,"duration_ms":0.515,"ip":"::1","size":64}
{"timestamp":"2026-01-29T01:17:52.4928966-05:00","level":"INFO","method":"GET","path":"/api/v1/targets/:id","status":200,"duration_ms":3.277,"ip":"::1","size":750}
{"timestamp":"2026-01-29T01:17:52.5048651-05:00","level":"INFO","method":"GET","path":"/api/v1/targets/:id","status":200,"duration_ms":0,"ip":"::1","size":750}
{"timestamp":"2026-01-29T01:17:52.5106798-05:00","level":"INFO","method":"GET","path":"/api/v1/notifications/history","status":200,"duration_ms":5.814,"ip":"::1","size":64}
{"timestamp":"2026-01-29T01:17:52.5161799-05:00","level":"INFO","method":"GET","path":"/api/v1/targets/:id/history","status":200,"duration_ms":0.997,"ip":"::1","size":726}
{"timestamp":"2026-01-29T01:17:52.5251555-05:00","level":"INFO","method":"GET","path":"/api/v1/targets/:id/history","status":200,"duration_ms":4.986,"ip":"::1","size":726}
{"timestamp":"2026-01-29T01:17:52.6917125-05:00","level":"INFO","method":"GET","path":"/api/v1/targets/:id/metrics","status":200,"duration_ms":41.888,"ip":"::1","size":7645}
{"timestamp":"2026-01-29T01:17:52.7827541-05:00","level":"INFO","method":"GET","path":"/api/v1/targets/:id/metrics","status":200,"duration_ms":2.991,"ip":"::1","size":7645}
{"timestamp":"2026-01-29T01:17:52.8175876-05:00","level":"INFO","method":"GET","path":"/api/v1/targets/:id/statistics","status":200,"duration_ms":1.993,"ip":"::1","size":475}
{"timestamp":"2026-01-29T01:17:52.8391535-05:00","level":"INFO","method":"GET","path":"/api/v1/targets/:id/statistics","status":200,"duration_ms":0.544,"ip":"::1","size":475}
{"timestamp":"2026-01-29T01:17:57.4060199-05:00","level":"INFO","method":"GET","path":"/api/v1/notifications/history","status":200,"duration_ms":0.859,"ip":"::1","size":64}
{"timestamp":"2026-01-29T01:17:58.7220631-05:00","level":"INFO","method":"GET","path":"/api/v1/notifications/history","status":200,"duration_ms":0.515,"ip":"::1","size":64}
{"timestamp":"2026-01-29T01:17:58.7235698-05:00","level":"WARNING","method":"GET","path":"/api/v1/targets/:id444","status":404,"duration_ms":0,"ip":"::1","size":63}
{"timestamp":"2026-01-29T01:17:58.7297702-05:00","level":"INFO","method":"GET","path":"/api/v1/notifications/history","status":200,"duration_ms":0.723,"ip":"::1","size":64}
{"timestamp":"2026-01-29T01:17:58.7319137-05:00","level":"WARNING","method":"GET","path":"/api/v1/targets/:id444","status":404,"duration_ms":1.152,"ip":"::1","size":63}
{"timestamp":"2026-01-29T01:18:03.8361075-05:00","level":"INFO","method":"GET","path":"/api/v1/targets/:id/history","status":200,"duration_ms":2.358,"ip":"::1","size":726}
{"timestamp":"2026-01-29T01:18:03.8889863-05:00","level":"INFO","method":"GET","path":"/api/v1/targets/:id/history","status":200,"duration_ms":15.464,"ip":"::1","size":726}
{"timestamp":"2026-01-29T01:18:03.8916966-05:00","level":"INFO","method":"GET","path":"/api/v1/targets/:id/metrics","status":200,"duration_ms":2.71,"ip":"::1","size":7645}
{"timestamp":"2026-01-29T01:18:03.8975917-05:00","level":"INFO","method":"GET","path":"/api/v1/targets/:id/metrics","status":200,"duration_ms":3.723,"ip":"::1","size":7645}
{"timestamp":"2026-01-29T01:18:03.9002006-05:00","level":"INFO","method":"GET","path":"/api/v1/targets/:id/statistics","status":200,"duration_ms":0.804,"ip":"::1","size":475}
{"timestamp":"2026-01-29T01:18:03.9067142-05:00","level":"INFO","method":"GET","path":"/api/v1/targets/:id/statistics","status":200,"duration_ms":1.191,"ip":"::1","size":475}
{"timestamp":"2026-01-29T01:18:09.0170907-05:00","level":"INFO","method":"GET","path":"/api/v1/notifications/history","status":200,"duration_ms":0.728,"ip":"::1","size":64}
{"timestamp":"2026-01-29T01:18:14.0446044-05:00","level":"INFO","method":"GET","path":"/api/v1/notifications/history","status":200,"duration_ms":2.611,"ip":"::1","size":64}
{"timestamp":"2026-01-29T01:18:18.9918747-05:00","level":"INFO","method":"GET","path":"/api/v1/notifications/history","status":200,"duration_ms":2.368,"ip":"::1","size":64}
{"timestamp":"2026-01-29T01:18:23.9896478-05:00","level":"INFO","method":"GET","path":"/api/v1/notifications/history","status":200,"duration_ms":0.894,"ip":"::1","size":64}
{"timestamp":"2026-01-29T01:18:28.9959192-05:00","level":"INFO","method":"GET","path":"/api/v1/notifications/history","status":200,"duration_ms":0.699,"ip":"::1","size":64}
{"timestamp":"2026-01-29T01:18:33.9943476-05:00","level":"INFO","method":"GET","path":"/api/v1/notifications/history","status":200,"duration_ms":0.998,"ip":"::1","size":64}
{"timestamp":"2026-01-29T01:18:39.0196712-05:00","level":"INFO","method":"GET","path":"/api/v1/notifications/history","status":200,"duration_ms":1.162,"ip":"::1","size":64}
{"timestamp":"2026-01-29T01:18:43.9894949-05:00","level":"INFO","method":"GET","path":"/api/v1/notifications/history","status":200,"duration_ms":0.787,"ip":"::1","size":64}
{"timestamp":"2026-01-29T01:18:48.9867159-05:00","level":"INFO","method":"GET","path":"/api/v1/notifications/history","status":200,"duration_ms":0.947,"ip":"::1","size":64}
{"timestamp":"2026-01-29T01:18:53.9860485-05:00","level":"INFO","method":"GET","path":"/api/v1/notifications/history","status":200,"duration_ms":0.736,"ip":"::1","size":64}
{"timestamp":"2026-01-29T01:18:59.0006293-05:00","level":"INFO","method":"GET","path":"/api/v1/notifications/history","status":200,"duration_ms":0.993,"ip":"::1","size":64}
{"timestamp":"2026-01-29T01:19:04.0875281-05:00","level":"INFO","method":"GET","path":"/api/v1/notifications/history","status":200,"duration_ms":1.001,"ip":"::1","size":64}
{"timestamp":"2026-01-29T01:19:10.7262399-05:00","level":"INFO","method":"GET","path":"/api/v1/notifications/history","status":200,"duration_ms":36.049,"ip":"::1","size":64}
{"timestamp":"2026-01-29T01:19:12.4533619-05:00","level":"INFO","method":"GET","path":"/api/v1/targets","status":200,"duration_ms":2.786,"ip":"::1","size":706}
{"timestamp":"2026-01-29T01:19:12.4572087-05:00","level":"INFO","method":"GET","path":"/api/v1/targets","status":200,"duration_ms":2.339,"ip":"::1","size":706}
{"timestamp":"2026-01-29T01:19:13.8827709-05:00","level":"INFO","method":"GET","path":"/api/v1/notifications/history","status":200,"duration_ms":2.508,"ip":"::1","size":64}
{"timestamp":"2026-01-29T01:19:18.9830618-05:00","level":"INFO","method":"GET","path":"/api/v1/notifications/history","status":200,"duration_ms":0.993,"ip":"::1","size":64}
{"timestamp":"2026-01-29T01:19:23.9844945-05:00","level":"INFO","method":"GET","path":"/api/v1/notifications/history","status":200,"duration_ms":0,"ip":"::1","size":64}
{"timestamp":"2026-01-29T01:19:28.9821291-05:00","level":"INFO","method":"GET","path":"/api/v1/notifications/history","status":200,"duration_ms":0.513,"ip":"::1","size":64}
{"timestamp":"2026-01-29T01:19:32.5448829-05:00","level":"INFO","method":"GET","path":"/api/v1/notifications/history","status":200,"duration_ms":2.043,"ip":"::1","size":64}
{"timestamp":"2026-01-29T01:19:32.5486979-05:00","level":"INFO","method":"GET","path":"/api/v1/targets","status":200,"duration_ms":4.791,"ip":"::1","size":706}
{"timestamp":"2026-01-29T01:19:32.5528059-05:00","level":"INFO","method":"GET","path":"/api/v1/notifications/history","status":200,"duration_ms":0.997,"ip":"::1","size":64}
{"timestamp":"2026-01-29T01:19:32.5548007-05:00","level":"INFO","method":"GET","path":"/api/v1/targets","status":200,"duration_ms":1.994,"ip":"::1","size":706}
{"timestamp":"2026-01-29T01:19:37.9942943-05:00","level":"INFO","method":"GET","path":"/api/v1/notifications/history","status":200,"duration_ms":1.762,"ip":"::1","size":64}
{"timestamp":"2026-01-29T01:19:42.9876202-05:00","level":"INFO","method":"GET","path":"/api/v1/notifications/history","status":200,"duration_ms":1.181,"ip":"::1","size":64}
{"timestamp":"2026-01-29T01:19:48.0015904-05:00","level":"INFO","method":"GET","path":"/api/v1/notifications/history","status":200,"duration_ms":0.878,"ip":"::1","size":64}
{"timestamp":"2026-01-29T01:19:52.9874471-05:00","level":"INFO","method":"GET","path":"/api/v1/notifications/history","status":200,"duration_ms":2.804,"ip":"::1","size":64}
{"timestamp":"2026-01-29T01:19:57.9865899-05:00","level":"INFO","method":"GET","path":"/api/v1/notifications/history","status":200,"duration_ms":1.351,"ip":"::1","size":64}
{"timestamp":"2026-01-29T01:20:02.9884775-05:00","level":"INFO","method":"GET","path":"/api/v1/notifications/history","status":200,"duration_ms":2.28,"ip":"::1","size":64}
{"timestamp":"2026-01-29T01:20:07.9966925-05:00","level":"INFO","method":"GET","path":"/api/v1/notifications/history","status":200,"duration_ms":0.73,"ip":"::1","size":64}
{"timestamp":"2026-01-29T01:20:12.9864288-05:00","level":"INFO","method":"GET","path":"/api/v1/notifications/history","status":200,"duration_ms":2.225,"ip":"::1","size":64}
{"timestamp":"2026-01-29T01:20:17.999565-05:00","level":"INFO","method":"GET","path":"/api/v1/notifications/history","status":200,"duration_ms":2.256,"ip":"::1","size":64}
{"timestamp":"2026-01-29T01:20:22.9935789-05:00","level":"INFO","method":"GET","path":"/api/v1/notifications/history","status":200,"duration_ms":0.996,"ip":"::1","size":64}
{"timestamp":"2026-01-29T01:20:28.0101085-05:00","level":"INFO","method":"GET","path":"/api/v1/notifications/history","status":200,"duration_ms":0.981,"ip":"::1","size":64}
{"timestamp":"2026-01-29T01:20:32.9855381-05:00","level":"INFO","method":"GET","path":"/api/v1/notifications/history","status":200,"duration_ms":0.82,"ip":"::1","size":64}
{"timestamp":"2026-01-29T01:21:13.9987091-05:00","level":"INFO","method":"GET","path":"/api/v1/notifications/history","status":200,"duration_ms":0.997,"ip":"::1","size":64}
{"timestamp":"2026-01-29T01:22:14.0013912-05:00","level":"INFO","method":"GET","path":"/api/v1/notifications/history","status":200,"duration_ms":0.515,"ip":"::1","size":64}
{"timestamp":"2026-01-29T01:23:14.016706-05:00","level":"INFO","method":"GET","path":"/api/v1/notifications/history","status":200,"duration_ms":2.303,"ip":"::1","size":64}
{"timestamp":"2026-01-29T01:24:13.9989796-05:00","level":"INFO","method":"GET","path":"/api/v1/notifications/history","status":200,"duration_ms":0.906,"ip":"::1","size":64}
{"timestamp":"2026-01-29T01:25:13.9930582-05:00","level":"INFO","method":"GET","path":"/api/v1/notifications/history","status":200,"duration_ms":0.999,"ip":"::1","size":64}
{"timestamp":"2026-01-29T01:26:13.9948441-05:00","level":"INFO","method":"GET","path":"/api/v1/notifications/history","status":200,"duration_ms":0.997,"ip":"::1","size":64}
{"timestamp":"2026-01-29T01:27:48.140037-05:00","level":"INFO","method":"GET","path":"/api/v1/notifications/history","status":200,"duration_ms":7.507,"ip":"127.0.0.1","size":64}
{"timestamp":"2026-01-29T01:27:51.9867301-05:00","level":"INFO","method":"GET","path":"/api/v1/targets","status":200,"duration_ms":8.016,"ip":"::1","size":706}
{"timestamp":"2026-01-29T01:27:52.0877542-05:00","level":"INFO","method":"GET","path":"/api/v1/targets","status":200,"duration_ms":15.999,"ip":"::1","size":706}
{"timestamp":"2026-01-29T01:27:52.2251822-05:00","level":"INFO","method":"GET","path":"/api/v1/notifications/history","status":200,"duration_ms":243.476,"ip":"::1","size":64}
{"timestamp":"2026-01-29T01:27:52.2311412-05:00","level":"INFO","method":"GET","path":"/api/v1/notifications/history","status":200,"duration_ms":0.516,"ip":"::1","size":64}
{"timestamp":"2026-01-29T01:27:56.9972025-05:00","level":"INFO","method":"GET","path":"/api/v1/notifications/history","status":200,"duration_ms":1.055,"ip":"::1","size":64}
{"timestamp":"2026-01-29T01:28:01.9912799-05:00","level":"INFO","method":"GET","path":"/api/v1/notifications/history","status":200,"duration_ms":0.932,"ip":"::1","size":64}
{"timestamp":"2026-01-29T01:28:06.9942999-05:00","level":"INFO","method":"GET","path":"/api/v1/notifications/history","status":200,"duration_ms":1.596,"ip":"::1","size":64}
{"timestamp":"2026-01-29T01:28:12.0118941-05:00","level":"INFO","method":"GET","path":"/api/v1/notifications/history","status":200,"duration_ms":3.001,"ip":"::1","size":64}
{"timestamp":"2026-01-29T01:28:16.9955984-05:00","level":"INFO","method":"GET","path":"/api/v1/notifications/history","status":200,"duration_ms":0.512,"ip":"::1","size":64}
{"timestamp":"2026-01-29T01:28:21.5111819-05:00","level":"INFO","method":"GET","path":"/api/v1/notifications/history","status":200,"duration_ms":1.365,"ip":"::1","size":64}
{"timestamp":"2026-01-29T01:28:21.5243175-05:00","level":"INFO","method":"GET","path":"/api/v1/targets","status":200,"duration_ms":6.823,"ip":"::1","size":706}
{"timestamp":"2026-01-29T01:28:21.5293031-05:00","level":"INFO","method":"GET","path":"/api/v1/notifications/history","status":200,"duration_ms":0.921,"ip":"::1","size":64}
{"timestamp":"2026-01-29T01:28:21.5330794-05:00","level":"INFO","method":"GET","path":"/api/v1/targets","status":200,"duration_ms":3.776,"ip":"::1","size":706}
{"timestamp":"2026-01-29T01:28:26.9959013-05:00","level":"INFO","method":"GET","path":"/api/v1/notifications/history","status":200,"duration_ms":0,"ip":"::1","size":64}
{"timestamp":"2026-01-29T01:28:31.524305-05:00","level":"INFO","method":"GET","path":"/api/v1/notifications/history","status":200,"duration_ms":0.669,"ip":"::1","size":64}
{"timestamp":"2026-01-29T01:28:31.7710585-05:00","level":"INFO","method":"GET","path":"/api/v1/targets/:id","status":200,"duration_ms":3.108,"ip":"::1","size":749}
{"timestamp":"2026-01-29T01:28:31.7764054-05:00","level":"INFO","method":"GET","path":"/api/v1/targets/:id","status":200,"duration_ms":1.507,"ip":"::1","size":749}
{"timestamp":"2026-01-29T01:28:31.7868174-05:00","level":"INFO","method":"GET","path":"/api/v1/targets/:id/history","status":200,"duration_ms":3.803,"ip":"::1","size":725}
{"timestamp":"2026-01-29T01:28:31.7916861-05:00","level":"INFO","method":"GET","path":"/api/v1/targets/:id/history","status":200,"duration_ms":1.506,"ip":"::1","size":725}
{"timestamp":"2026-01-29T01:28:31.8026567-05:00","level":"INFO","method":"GET","path":"/api/v1/targets/:id/metrics","status":200,"duration_ms":6.981,"ip":"::1","size":7656}
{"timestamp":"2026-01-29T01:28:31.817231-05:00","level":"INFO","method":"GET","path":"/api/v1/targets/:id/metrics","status":200,"duration_ms":4.601,"ip":"::1","size":7656}
{"timestamp":"2026-01-29T01:28:31.8237264-05:00","level":"INFO","method":"GET","path":"/api/v1/targets/:id/statistics","status":200,"duration_ms":6.495,"ip":"::1","size":475}
{"timestamp":"2026-01-29T01:28:31.8285142-05:00","level":"INFO","method":"GET","path":"/api/v1/targets/:id/statistics","status":200,"duration_ms":1.995,"ip":"::1","size":475}
{"timestamp":"2026-01-29T01:28:36.5347864-05:00","level":"INFO","method":"GET","path":"/api/v1/notifications/history","status":200,"duration_ms":0.512,"ip":"::1","size":64}
{"timestamp":"2026-01-29T01:28:41.5271813-05:00","level":"INFO","method":"GET","path":"/api/v1/notifications/history","status":200,"duration_ms":2.765,"ip":"::1","size":64}
{"timestamp":"2026-01-29T01:28:46.5354246-05:00","level":"INFO","method":"GET","path":"/api/v1/notifications/history","status":200,"duration_ms":0.948,"ip":"::1","size":64}
{"timestamp":"2026-01-29T01:28:51.5313309-05:00","level":"INFO","method":"GET","path":"/api/v1/notifications/history","status":200,"duration_ms":1.404,"ip":"::1","size":64}
{"timestamp":"2026-01-29T01:28:56.537894-05:00","level":"INFO","method":"GET","path":"/api/v1/notifications/history","status":200,"duration_ms":2.412,"ip":"::1","size":64}
{"timestamp":"2026-01-29T01:29:01.5251058-05:00","level":"INFO","method":"GET","path":"/api/v1/notifications/history","status":200,"duration_ms":0.933,"ip":"::1","size":64}
{"timestamp":"2026-01-29T01:29:06.5234845-05:00","level":"INFO","method":"GET","path":"/api/v1/notifications/history","status":200,"duration_ms":1.995,"ip":"::1","size":64}
{"timestamp":"2026-01-29T01:29:11.530601-05:00","level":"INFO","method":"GET","path":"/api/v1/notifications/history","status":200,"duration_ms":2.271,"ip":"::1","size":64}
{"timestamp":"2026-01-29T01:29:16.522268-05:00","level":"INFO","method":"GET","path":"/api/v1/notifications/history","status":200,"duration_ms":0,"ip":"::1","size":64}
{"timestamp":"2026-01-29T01:29:21.5315513-05:00","level":"INFO","method":"GET","path":"/api/v1/notifications/history","status":200,"duration_ms":1.514,"ip":"::1","size":64}
{"timestamp":"2026-01-29T01:29:26.9956329-05:00","level":"INFO","method":"GET","path":"/api/v1/notifications/history","status":200,"duration_ms":0.51,"ip":"::1","size":64}
{"timestamp":"2026-01-29T01:29:32.0114318-05:00","level":"INFO","method":"GET","path":"/api/v1/notifications/history","status":200,"duration_ms":0.898,"ip":"::1","size":64}
{"timestamp":"2026-01-29T01:29:37.0084602-05:00","level":"INFO","method":"GET","path":"/api/v1/notifications/history","status":200,"duration_ms":7.541,"ip":"::1","size":64}
{"timestamp":"2026-01-29T01:29:41.9903525-05:00","level":"INFO","method":"GET","path":"/api/v1/notifications/history","status":200,"duration_ms":2.023,"ip":"::1","size":64}
{"timestamp":"2026-01-29T01:29:46.9885177-05:00","level":"INFO","method":"GET","path":"/api/v1/notifications/history","status":200,"duration_ms":1.644,"ip":"::1","size":64}
{"timestamp":"2026-01-29T01:29:51.9955046-05:00","level":"INFO","method":"GET","path":"/api/v1/notifications/history","status":200,"duration_ms":3.026,"ip":"::1","size":64}
{"timestamp":"2026-01-29T01:29:57.0020223-05:00","level":"INFO","method":"GET","path":"/api/v1/notifications/history","status":200,"duration_ms":2.63,"ip":"::1","size":64}
{"timestamp":"2026-01-29T01:30:01.9967643-05:00","level":"INFO","method":"GET","path":"/api/v1/notifications/history","status":200,"duration_ms":0.781,"ip":"::1","size":64}
{"timestamp":"2026-01-29T01:30:06.9981263-05:00","level":"INFO","method":"GET","path":"/api/v1/notifications/history","status":200,"duration_ms":0.848,"ip":"::1","size":64}
{"timestamp":"2026-01-29T01:30:11.9863853-05:00","level":"INFO","method":"GET","path":"/api/v1/notifications/history","status":200,"duration_ms":0.856,"ip":"::1","size":64}
{"timestamp":"2026-01-29T01:30:16.9876249-05:00","level":"INFO","method":"GET","path":"/api/v1/notifications/history","status":200,"duration_ms":1.94,"ip":"::1","size":64}
{"timestamp":"2026-01-29T01:30:22.0085514-05:00","level":"INFO","method":"GET","path":"/api/v1/notifications/history","status":200,"duration_ms":5.513,"ip":"::1","size":64}
{"timestamp":"2026-01-29T01:31:13.9926451-05:00","level":"INFO","method":"GET","path":"/api/v1/notifications/history","status":200,"duration_ms":2.146,"ip":"::1","size":64}
{"timestamp":"2026-01-29T01:32:14.0170323-05:00","level":"INFO","method":"GET","path":"/api/v1/notifications/history","status":200,"duration_ms":1.276,"ip":"::1","size":64}
{"timestamp":"2026-01-29T01:33:14.018423-05:00","level":"INFO","method":"GET","path":"/api/v1/notifications/history","status":200,"duration_ms":2.086,"ip":"::1","size":64}
{"timestamp":"2026-01-29T01:34:14.0020063-05:00","level":"INFO","method":"GET","path":"/api/v1/notifications/history","status":200,"duration_ms":1.775,"ip":"::1","size":64}
{"timestamp":"2026-01-29T01:35:13.9998835-05:00","level":"INFO","method":"GET","path":"/api/v1/notifications/history","status":200,"duration_ms":2.396,"ip":"::1","size":64}
{"timestamp":"2026-01-29T01:36:14.0057388-05:00","level":"INFO","method":"GET","path":"/api/v1/notifications/history","status":200,"duration_ms":4.157,"ip":"::1","size":64}
{"timestamp":"2026-01-29T01:37:13.9964154-05:00","level":"INFO","method":"GET","path":"/api/v1/notifications/history","status":200,"duration_ms":0.996,"ip":"::1","size":64}
{"timestamp":"2026-01-29T01:38:13.9980103-05:00","level":"INFO","method":"GET","path":"/api/v1/notifications/history","status":200,"duration_ms":2.209,"ip":"::1","size":64}
{"timestamp":"2026-01-29T01:39:14.0040512-05:00","level":"INFO","method":"GET","path":"/api/v1/notifications/history","status":200,"duration_ms":3.695,"ip":"::1","size":64}
{"timestamp":"2026-01-29T01:40:14.0026767-05:00","level":"INFO","method":"GET","path":"/api/v1/notifications/history","status":200,"duration_ms":1.665,"ip":"::1","size":64}
{"timestamp":"2026-01-29T01:41:14.0252594-05:00","level":"INFO","method":"GET","path":"/api/v1/notifications/history","status":200,"duration_ms":2.81,"ip":"::1","size":64}
{"timestamp":"2026-01-29T01:42:13.9933516-05:00","level":"INFO","method":"GET","path":"/api/v1/notifications/history","status":200,"duration_ms":1.61,"ip":"::1","size":64}
{"timestamp":"2026-01-29T01:43:14.0124107-05:00","level":"INFO","method":"GET","path":"/api/v1/notifications/history","status":200,"duration_ms":1.579,"ip":"::1","size":64}
{"timestamp":"2026-01-29T01:44:14.0126507-05:00","level":"INFO","method":"GET","path":"/api/v1/notifications/history","status":200,"duration_ms":2.041,"ip":"::1","size":64}
{"timestamp":"2026-01-29T01:45:14.0073859-05:00","level":"INFO","method":"GET","path":"/api/v1/notifications/history","status":200,"duration_ms":2.222,"ip":"::1","size":64}
{"timestamp":"2026-01-29T01:46:13.999695-05:00","level":"INFO","method":"GET","path":"/api/v1/notifications/history","status":200,"duration_ms":2.69,"ip":"::1","size":64}
{"timestamp":"2026-01-29T01:47:14.0133008-05:00","level":"INFO","method":"GET","path":"/api/v1/notifications/history","status":200,"duration_ms":1.05,"ip":"::1","size":64}
{"timestamp":"2026-01-29T01:48:13.9875747-05:00","level":"INFO","method":"GET","path":"/api/v1/notifications/history","status":200,"duration_ms":0.998,"ip":"::1","size":64}
{"timestamp":"2026-01-29T01:49:13.9965424-05:00","level":"INFO","method":"GET","path":"/api/v1/notifications/history","status":200,"duration_ms":2.823,"ip":"::1","size":64}
{"timestamp":"2026-01-29T01:50:13.9906572-05:00","level":"INFO","method":"GET","path":"/api/v1/notifications/history","status":200,"duration_ms":3.086,"ip":"::1","size":64}
{"timestamp":"2026-01-29T01:51:13.9935492-05:00","level":"INFO","method":"GET","path":"/api/v1/notifications/history","status":200,"duration_ms":1.037,"ip":"::1","size":64}
{"timestamp":"2026-01-29T01:52:13.9916153-05:00","level":"INFO","method":"GET","path":"/api/v1/notifications/history","status":200,"duration_ms":1.192,"ip":"::1","size":64}
{"timestamp":"2026-01-29T01:53:14.0028564-05:00","level":"INFO","method":"GET","path":"/api/v1/notifications/history","status":200,"duration_ms":4.101,"ip":"::1","size":64}
{"timestamp":"2026-01-29T01:54:13.9897627-05:00","level":"INFO","method":"GET","path":"/api/v1/notifications/history","status":200,"duration_ms":1.977,"ip":"::1","size":64}
{"timestamp":"2026-01-29T01:55:13.9965814-05:00","level":"INFO","method":"GET","path":"/api/v1/notifications/history","status":200,"duration_ms":0.997,"ip":"::1","size":64}
{"timestamp":"2026-01-29T01:56:13.9866356-05:00","level":"INFO","method":"GET","path":"/api/v1/notifications/history","status":200,"duration_ms":1.995,"ip":"::1","size":64}
{"timestamp":"2026-01-29T01:57:13.9974777-05:00","level":"INFO","method":"GET","path":"/api/v1/notifications/history","status":200,"duration_ms":1.854,"ip":"::1","size":64}
{"timestamp":"2026-01-29T01:58:14.0003048-05:00","level":"INFO","method":"GET","path":"/api/v1/notifications/history","status":200,"duration_ms":1.778,"ip":"::1","size":64}
{"timestamp":"2026-01-29T01:59:14.0040184-05:00","level":"INFO","method":"GET","path":"/api/v1/notifications/history","status":200,"duration_ms":1.995,"ip":"::1","size":64}
