{"timestamp":"2026-01-29T18:21:53.3269961-05:00","level":"INFO","method":"GET","path":"/api/v1/notifications/history","status":200,"duration_ms":1736.405,"ip":"::1","size":64}
{"timestamp":"2026-01-29T18:21:54.637833-05:00","level":"INFO","method":"GET","path":"/api/v1/notifications/history","status":200,"duration_ms":1246.453,"ip":"::1","size":64}
{"timestamp":"2026-01-29T18:21:54.7135925-05:00","level":"INFO","method":"GET","path":"/api/v1/notifications/history","status":200,"duration_ms":0.998,"ip":"::1","size":64}
{"timestamp":"2026-01-29T18:21:59.2305429-05:00","level":"INFO","method":"GET","path":"/api/v1/notifications/history","status":200,"duration_ms":0.517,"ip":"::1","size":64}
{"timestamp":"2026-01-29T18:22:04.223828-05:00","level":"INFO","method":"GET","path":"/api/v1/notifications/history","status":200,"duration_ms":0,"ip":"::1","size":64}
{"timestamp":"2026-01-29T18:22:09.2468898-05:00","level":"INFO","method":"GET","path":"/api/v1/notifications/history","status":200,"duration_ms":5.064,"ip":"::1","size":64}
{"timestamp":"2026-01-29T18:22:14.294058-05:00","level":"INFO","method":"GET","path":"/api/v1/notifications/history","status":200,"duration_ms":14.235,"ip":"::1","size":64}
{"timestamp":"2026-01-29T18:22:14.3605435-05:00","level":"INFO","method":"GET","path":"/api/v1/notifications/history","status":200,"duration_ms":11.633,"ip":"::1","size":64}
{"timestamp":"2026-01-29T18:22:14.3637312-05:00","level":"INFO","method":"GET","path":"/api/v1/targets","status":200,"duration_ms":114.378,"ip":"::1","size":712}
{"timestamp":"2026-01-29T18:22:14.3709923-05:00","level":"INFO","method":"GET","path":"/api/v1/targets","status":200,"duration_ms":3.271,"ip":"::1","size":712}
{"timestamp":"2026-01-29T18:22:19.0481013-05:00","level":"INFO","method":"GET","path":"/api/v1/notifications/history","status":200,"duration_ms":0.603,"ip":"::1","size":64}
{"timestamp":"2026-01-29T18:22:24.0442495-05:00","level":"INFO","method":"GET","path":"/api/v1/notifications/history","status":200,"duration_ms":0.99,"ip":"::1","size":64}
{"timestamp":"2026-01-29T18:22:27.1696263-05:00","level":"INFO","method":"GET","path":"/api/v1/notifications/history","status":200,"duration_ms":4.987,"ip":"::1","size":64}
{"timestamp":"2026-01-29T18:22:27.1805978-05:00","level":"INFO","method":"GET","path":"/api/v1/targets","status":200,"duration_ms":1.996,"ip":"::1","size":712}
{"timestamp":"2026-01-29T18:22:27.182591-05:00","level":"INFO","method":"GET","path":"/api/v1/notifications/history","status":200,"duration_ms":2.991,"ip":"::1","size":64}
{"timestamp":"2026-01-29T18:22:27.1875474-05:00","level":"INFO","method":"GET","path":"/api/v1/targets","status":200,"duration_ms":1.611,"ip":"::1","size":712}
{"timestamp":"2026-01-29T18:22:32.1242933-05:00","level":"INFO","method":"GET","path":"/api/v1/notifications/history","status":200,"duration_ms":2.505,"ip":"::1","size":64}
{"timestamp":"2026-01-29T18:22:34.4168233-05:00","level":"INFO","method":"GET","path":"/api/v1/targets","status":200,"duration_ms":1.702,"ip":"::1","size":706}
{"timestamp":"2026-01-29T18:22:34.4191431-05:00","level":"INFO","method":"GET","path":"/api/v1/targets","status":200,"duration_ms":1.09,"ip":"::1","size":706}
{"timestamp":"2026-01-29T18:22:35.0113918-05:00","level":"INFO","method":"GET","path":"/api/v1/targets","status":200,"duration_ms":0.593,"ip":"::1","size":706}
{"timestamp":"2026-01-29T18:22:35.0138955-05:00","level":"INFO","method":"GET","path":"/api/v1/targets","status":200,"duration_ms":0.999,"ip":"::1","size":706}
{"timestamp":"2026-01-29T18:22:35.8467119-05:00","level":"INFO","method":"GET","path":"/api/v1/targets","status":200,"duration_ms":0.562,"ip":"::1","size":706}
{"timestamp":"2026-01-29T18:22:35.849039-05:00","level":"INFO","method":"GET","path":"/api/v1/targets","status":200,"duration_ms":1.813,"ip":"::1","size":706}
{"timestamp":"2026-01-29T18:22:37.1241249-05:00","level":"INFO","method":"GET","path":"/api/v1/notifications/history","status":200,"duration_ms":3.322,"ip":"::1","size":64}
{"timestamp":"2026-01-29T18:22:38.9827595-05:00","level":"INFO","method":"GET","path":"/api/v1/targets/:id","status":200,"duration_ms":1.914,"ip":"::1","size":750}
{"timestamp":"2026-01-29T18:22:38.9863941-05:00","level":"INFO","method":"GET","path":"/api/v1/targets/:id","status":200,"duration_ms":1.367,"ip":"::1","size":750}
{"timestamp":"2026-01-29T18:22:38.9925857-05:00","level":"INFO","method":"GET","path":"/api/v1/targets/:id/history","status":200,"duration_ms":4.037,"ip":"::1","size":726}
{"timestamp":"2026-01-29T18:22:38.997086-05:00","level":"INFO","method":"GET","path":"/api/v1/targets/:id/history","status":200,"duration_ms":2.992,"ip":"::1","size":726}
{"timestamp":"2026-01-29T18:22:39.0096392-05:00","level":"INFO","method":"GET","path":"/api/v1/targets/:id/metrics","status":200,"duration_ms":10.559,"ip":"::1","size":7658}
{"timestamp":"2026-01-29T18:22:39.0181649-05:00","level":"INFO","method":"GET","path":"/api/v1/targets/:id/metrics","status":200,"duration_ms":7.018,"ip":"::1","size":7658}
{"timestamp":"2026-01-29T18:22:39.0181649-05:00","level":"INFO","method":"GET","path":"/api/v1/targets/:id/statistics","status":200,"duration_ms":1.51,"ip":"::1","size":475}
{"timestamp":"2026-01-29T18:22:39.219521-05:00","level":"INFO","method":"GET","path":"/api/v1/targets/:id/statistics","status":200,"duration_ms":0.572,"ip":"::1","size":475}
{"timestamp":"2026-01-29T18:22:42.1638653-05:00","level":"INFO","method":"GET","path":"/api/v1/notifications/history","status":200,"duration_ms":12.582,"ip":"::1","size":64}
{"timestamp":"2026-01-29T18:22:47.1323635-05:00","level":"INFO","method":"GET","path":"/api/v1/notifications/history","status":200,"duration_ms":1.681,"ip":"::1","size":64}
{"timestamp":"2026-01-29T18:22:52.2098529-05:00","level":"INFO","method":"GET","path":"/api/v1/notifications/history","status":200,"duration_ms":1.28,"ip":"::1","size":64}
{"timestamp":"2026-01-29T18:22:57.214686-05:00","level":"INFO","method":"GET","path":"/api/v1/notifications/history","status":200,"duration_ms":1.354,"ip":"::1","size":64}
{"timestamp":"2026-01-29T18:23:02.2115557-05:00","level":"INFO","method":"GET","path":"/api/v1/notifications/history","status":200,"duration_ms":1.203,"ip":"::1","size":64}
{"timestamp":"2026-01-29T18:23:07.2222942-05:00","level":"INFO","method":"GET","path":"/api/v1/notifications/history","status":200,"duration_ms":0.77,"ip":"::1","size":64}
{"timestamp":"2026-01-29T18:23:12.1285429-05:00","level":"INFO","method":"GET","path":"/api/v1/notifications/history","status":200,"duration_ms":1.795,"ip":"::1","size":64}
{"timestamp":"2026-01-29T18:23:17.2250704-05:00","level":"INFO","method":"GET","path":"/api/v1/notifications/history","status":200,"duration_ms":0.997,"ip":"::1","size":64}
{"timestamp":"2026-01-29T18:23:22.1461067-05:00","level":"INFO","method":"GET","path":"/api/v1/notifications/history","status":200,"duration_ms":0.997,"ip":"::1","size":64}
{"timestamp":"2026-01-29T18:23:27.2246645-05:00","level":"INFO","method":"GET","path":"/api/v1/notifications/history","status":200,"duration_ms":0.996,"ip":"::1","size":64}
{"timestamp":"2026-01-29T18:23:32.2131777-05:00","level":"INFO","method":"GET","path":"/api/v1/notifications/history","status":200,"duration_ms":1.25,"ip":"::1","size":64}
{"timestamp":"2026-01-29T18:23:37.2213375-05:00","level":"INFO","method":"GET","path":"/api/v1/notifications/history","status":200,"duration_ms":1.826,"ip":"::1","size":64}
{"timestamp":"2026-01-29T18:23:42.1280405-05:00","level":"INFO","method":"GET","path":"/api/v1/notifications/history","status":200,"duration_ms":1.291,"ip":"::1","size":64}
{"timestamp":"2026-01-29T18:23:47.2103172-05:00","level":"INFO","method":"GET","path":"/api/v1/notifications/history","status":200,"duration_ms":0.631,"ip":"::1","size":64}
{"timestamp":"2026-01-29T18:23:52.2181869-05:00","level":"INFO","method":"GET","path":"/api/v1/notifications/history","status":200,"duration_ms":1.549,"ip":"::1","size":64}
{"timestamp":"2026-01-29T18:23:57.2862372-05:00","level":"INFO","method":"GET","path":"/api/v1/notifications/history","status":200,"duration_ms":1.025,"ip":"::1","size":64}
{"timestamp":"2026-01-29T18:24:02.2253975-05:00","level":"INFO","method":"GET","path":"/api/v1/notifications/history","status":200,"duration_ms":0.996,"ip":"::1","size":64}
{"timestamp":"2026-01-29T18:24:07.2199587-05:00","level":"INFO","method":"GET","path":"/api/v1/notifications/history","status":200,"duration_ms":1.703,"ip":"::1","size":64}
{"timestamp":"2026-01-29T18:24:12.2094024-05:00","level":"INFO","method":"GET","path":"/api/v1/notifications/history","status":200,"duration_ms":0.968,"ip":"::1","size":64}
{"timestamp":"2026-01-29T18:24:17.2165287-05:00","level":"INFO","method":"GET","path":"/api/v1/notifications/history","status":200,"duration_ms":1.461,"ip":"::1","size":64}
{"timestamp":"2026-01-29T18:24:22.2254093-05:00","level":"INFO","method":"GET","path":"/api/v1/notifications/history","status":200,"duration_ms":1.993,"ip":"::1","size":64}
{"timestamp":"2026-01-29T18:24:27.2202402-05:00","level":"INFO","method":"GET","path":"/api/v1/notifications/history","status":200,"duration_ms":1.229,"ip":"::1","size":64}
{"timestamp":"2026-01-29T18:24:32.1419433-05:00","level":"INFO","method":"GET","path":"/api/v1/notifications/history","status":200,"duration_ms":1.995,"ip":"::1","size":64}
{"timestamp":"2026-01-29T18:24:32.1459318-05:00","level":"INFO","method":"GET","path":"/api/v1/targets/:id","status":200,"duration_ms":0.996,"ip":"::1","size":750}
{"timestamp":"2026-01-29T18:24:32.1469911-05:00","level":"INFO","method":"GET","path":"/api/v1/notifications/history","status":200,"duration_ms":1.059,"ip":"::1","size":64}
{"timestamp":"2026-01-29T18:24:32.1489734-05:00","level":"INFO","method":"GET","path":"/api/v1/targets/:id","status":200,"duration_ms":1.982,"ip":"::1","size":750}
{"timestamp":"2026-01-29T18:24:32.170822-05:00","level":"INFO","method":"GET","path":"/api/v1/targets/:id/history","status":200,"duration_ms":1.903,"ip":"::1","size":726}
{"timestamp":"2026-01-29T18:24:32.1783123-05:00","level":"INFO","method":"GET","path":"/api/v1/targets/:id/history","status":200,"duration_ms":3.989,"ip":"::1","size":726}
{"timestamp":"2026-01-29T18:24:32.1862901-05:00","level":"INFO","method":"GET","path":"/api/v1/targets/:id/metrics","status":200,"duration_ms":2.991,"ip":"::1","size":7657}
{"timestamp":"2026-01-29T18:24:32.1932715-05:00","level":"INFO","method":"GET","path":"/api/v1/targets/:id/metrics","status":200,"duration_ms":2.991,"ip":"::1","size":7657}
{"timestamp":"2026-01-29T18:24:32.1972604-05:00","level":"INFO","method":"GET","path":"/api/v1/targets/:id/statistics","status":200,"duration_ms":2.991,"ip":"::1","size":475}
{"timestamp":"2026-01-29T18:24:32.2618024-05:00","level":"INFO","method":"GET","path":"/api/v1/targets/:id/statistics","status":200,"duration_ms":3.988,"ip":"::1","size":475}
{"timestamp":"2026-01-29T18:24:34.0544913-05:00","level":"INFO","method":"GET","path":"/api/v1/targets/:id","status":200,"duration_ms":0.994,"ip":"::1","size":750}
{"timestamp":"2026-01-29T18:24:34.0594783-05:00","level":"INFO","method":"GET","path":"/api/v1/notifications/history","status":200,"duration_ms":6.495,"ip":"::1","size":64}
{"timestamp":"2026-01-29T18:24:34.0691794-05:00","level":"INFO","method":"GET","path":"/api/v1/notifications/history","status":200,"duration_ms":2.721,"ip":"::1","size":64}
{"timestamp":"2026-01-29T18:24:34.0701764-05:00","level":"INFO","method":"GET","path":"/api/v1/targets/:id","status":200,"duration_ms":3.718,"ip":"::1","size":750}
{"timestamp":"2026-01-29T18:24:34.1051099-05:00","level":"INFO","method":"GET","path":"/api/v1/targets/:id/history","status":200,"duration_ms":2.991,"ip":"::1","size":726}
{"timestamp":"2026-01-29T18:24:34.1160687-05:00","level":"INFO","method":"GET","path":"/api/v1/targets/:id/history","status":200,"duration_ms":0.997,"ip":"::1","size":726}
{"timestamp":"2026-01-29T18:24:34.1330231-05:00","level":"INFO","method":"GET","path":"/api/v1/targets/:id/metrics","status":200,"duration_ms":7.977,"ip":"::1","size":7657}
{"timestamp":"2026-01-29T18:24:34.1394031-05:00","level":"INFO","method":"GET","path":"/api/v1/targets/:id/metrics","status":200,"duration_ms":4.384,"ip":"::1","size":7657}
{"timestamp":"2026-01-29T18:24:34.1433921-05:00","level":"INFO","method":"GET","path":"/api/v1/targets/:id/statistics","status":200,"duration_ms":2.992,"ip":"::1","size":475}
{"timestamp":"2026-01-29T18:24:34.1541629-05:00","level":"INFO","method":"GET","path":"/api/v1/targets/:id/statistics","status":200,"duration_ms":1.995,"ip":"::1","size":475}
{"timestamp":"2026-01-29T18:24:35.0516723-05:00","level":"INFO","method":"GET","path":"/api/v1/targets","status":200,"duration_ms":1.733,"ip":"::1","size":706}
{"timestamp":"2026-01-29T18:24:35.0576866-05:00","level":"INFO","method":"GET","path":"/api/v1/targets","status":200,"duration_ms":5.506,"ip":"::1","size":706}
{"timestamp":"2026-01-29T18:24:36.2633341-05:00","level":"INFO","method":"GET","path":"/api/v1/targets/:id","status":200,"duration_ms":0.669,"ip":"::1","size":750}
{"timestamp":"2026-01-29T18:24:36.2659896-05:00","level":"INFO","method":"GET","path":"/api/v1/targets/:id","status":200,"duration_ms":1.629,"ip":"::1","size":750}
{"timestamp":"2026-01-29T18:24:36.2696009-05:00","level":"INFO","method":"GET","path":"/api/v1/targets/:id/history","status":200,"duration_ms":1.057,"ip":"::1","size":726}
{"timestamp":"2026-01-29T18:24:36.2747678-05:00","level":"INFO","method":"GET","path":"/api/v1/targets/:id/history","status":200,"duration_ms":3.503,"ip":"::1","size":726}
{"timestamp":"2026-01-29T18:24:36.2815363-05:00","level":"INFO","method":"GET","path":"/api/v1/targets/:id/metrics","status":200,"duration_ms":5.771,"ip":"::1","size":7658}
{"timestamp":"2026-01-29T18:24:36.2852922-05:00","level":"INFO","method":"GET","path":"/api/v1/targets/:id/metrics","status":200,"duration_ms":2.02,"ip":"::1","size":7658}
{"timestamp":"2026-01-29T18:24:36.2920574-05:00","level":"INFO","method":"GET","path":"/api/v1/targets/:id/statistics","status":200,"duration_ms":3.988,"ip":"::1","size":475}
{"timestamp":"2026-01-29T18:24:36.2970193-05:00","level":"INFO","method":"GET","path":"/api/v1/targets/:id/statistics","status":200,"duration_ms":1.257,"ip":"::1","size":475}
{"timestamp":"2026-01-29T18:24:38.2422916-05:00","level":"INFO","method":"GET","path":"/api/v1/targets/:id","status":200,"duration_ms":5.984,"ip":"::1","size":750}
{"timestamp":"2026-01-29T18:24:38.244286-05:00","level":"INFO","method":"GET","path":"/api/v1/notifications/history","status":200,"duration_ms":0.997,"ip":"::1","size":64}
{"timestamp":"2026-01-29T18:24:38.2462799-05:00","level":"INFO","method":"GET","path":"/api/v1/targets/:id","status":200,"duration_ms":0,"ip":"::1","size":750}
{"timestamp":"2026-01-29T18:24:38.2512935-05:00","level":"INFO","method":"GET","path":"/api/v1/notifications/history","status":200,"duration_ms":4.016,"ip":"::1","size":64}
{"timestamp":"2026-01-29T18:24:38.2647136-05:00","level":"INFO","method":"GET","path":"/api/v1/targets/:id/history","status":200,"duration_ms":2.991,"ip":"::1","size":726}
{"timestamp":"2026-01-29T18:24:38.2697103-05:00","level":"INFO","method":"GET","path":"/api/v1/targets/:id/history","status":200,"duration_ms":1.997,"ip":"::1","size":726}
{"timestamp":"2026-01-29T18:24:38.2796819-05:00","level":"INFO","method":"GET","path":"/api/v1/targets/:id/metrics","status":200,"duration_ms":7.978,"ip":"::1","size":7658}
{"timestamp":"2026-01-29T18:24:38.2856658-05:00","level":"INFO","method":"GET","path":"/api/v1/targets/:id/metrics","status":200,"duration_ms":3.989,"ip":"::1","size":7658}
{"timestamp":"2026-01-29T18:24:38.2867086-05:00","level":"INFO","method":"GET","path":"/api/v1/targets/:id/statistics","status":200,"duration_ms":1.042,"ip":"::1","size":475}
{"timestamp":"2026-01-29T18:24:38.2966741-05:00","level":"INFO","method":"GET","path":"/api/v1/targets/:id/statistics","status":200,"duration_ms":0.996,"ip":"::1","size":475}
{"timestamp":"2026-01-29T18:24:42.4477833-05:00","level":"INFO","method":"GET","path":"/api/v1/targets","status":200,"duration_ms":0.67,"ip":"::1","size":706}
{"timestamp":"2026-01-29T18:24:42.4502876-05:00","level":"INFO","method":"GET","path":"/api/v1/targets","status":200,"duration_ms":0.997,"ip":"::1","size":706}
{"timestamp":"2026-01-29T18:24:43.1302825-05:00","level":"INFO","method":"GET","path":"/api/v1/targets","status":200,"duration_ms":0.709,"ip":"::1","size":706}
{"timestamp":"2026-01-29T18:24:43.1321805-05:00","level":"INFO","method":"GET","path":"/api/v1/targets","status":200,"duration_ms":0.558,"ip":"::1","size":706}
{"timestamp":"2026-01-29T18:24:43.2310281-05:00","level":"INFO","method":"GET","path":"/api/v1/notifications/history","status":200,"duration_ms":1.165,"ip":"::1","size":64}
{"timestamp":"2026-01-29T18:24:45.1328314-05:00","level":"INFO","method":"GET","path":"/api/v1/targets","status":200,"duration_ms":0.638,"ip":"::1","size":706}
{"timestamp":"2026-01-29T18:24:45.1355706-05:00","level":"INFO","method":"GET","path":"/api/v1/targets","status":200,"duration_ms":1.232,"ip":"::1","size":706}
{"timestamp":"2026-01-29T18:24:46.6273339-05:00","level":"INFO","method":"GET","path":"/api/v1/targets","status":200,"duration_ms":0.995,"ip":"::1","size":706}
{"timestamp":"2026-01-29T18:24:46.6273339-05:00","level":"INFO","method":"GET","path":"/api/v1/notifications/history","status":200,"duration_ms":1.993,"ip":"::1","size":64}
{"timestamp":"2026-01-29T18:24:46.6303273-05:00","level":"INFO","method":"GET","path":"/api/v1/targets","status":200,"duration_ms":0.998,"ip":"::1","size":706}
{"timestamp":"2026-01-29T18:24:46.6303273-05:00","level":"INFO","method":"GET","path":"/api/v1/notifications/history","status":200,"duration_ms":0.998,"ip":"::1","size":64}
{"timestamp":"2026-01-29T18:24:47.5149583-05:00","level":"INFO","method":"GET","path":"/api/v1/notifications/history","status":200,"duration_ms":0.996,"ip":"::1","size":64}
{"timestamp":"2026-01-29T18:24:47.5159556-05:00","level":"INFO","method":"GET","path":"/api/v1/targets","status":200,"duration_ms":1.994,"ip":"::1","size":706}
{"timestamp":"2026-01-29T18:24:47.5189477-05:00","level":"INFO","method":"GET","path":"/api/v1/targets","status":200,"duration_ms":0.996,"ip":"::1","size":706}
{"timestamp":"2026-01-29T18:24:47.5189477-05:00","level":"INFO","method":"GET","path":"/api/v1/notifications/history","status":200,"duration_ms":0.996,"ip":"::1","size":64}
{"timestamp":"2026-01-29T18:24:48.4915163-05:00","level":"INFO","method":"GET","path":"/api/v1/notifications/history","status":200,"duration_ms":5.985,"ip":"::1","size":64}
{"timestamp":"2026-01-29T18:24:48.4984976-05:00","level":"INFO","method":"GET","path":"/api/v1/targets","status":200,"duration_ms":11.968,"ip":"::1","size":706}
{"timestamp":"2026-01-29T18:24:48.5156484-05:00","level":"INFO","method":"GET","path":"/api/v1/notifications/history","status":200,"duration_ms":13.161,"ip":"::1","size":64}
{"timestamp":"2026-01-29T18:24:48.5276718-05:00","level":"INFO","method":"GET","path":"/api/v1/targets","status":200,"duration_ms":15.015,"ip":"::1","size":706}
{"timestamp":"2026-01-29T18:24:49.4858704-05:00","level":"INFO","method":"GET","path":"/api/v1/targets/:id","status":200,"duration_ms":0.141,"ip":"::1","size":750}
{"timestamp":"2026-01-29T18:24:49.4883097-05:00","level":"INFO","method":"GET","path":"/api/v1/targets/:id","status":200,"duration_ms":0.929,"ip":"::1","size":750}
{"timestamp":"2026-01-29T18:24:49.496003-05:00","level":"INFO","method":"GET","path":"/api/v1/targets/:id/history","status":200,"duration_ms":1.709,"ip":"::1","size":726}
{"timestamp":"2026-01-29T18:24:49.4994402-05:00","level":"INFO","method":"GET","path":"/api/v1/targets/:id/history","status":200,"duration_ms":2.921,"ip":"::1","size":726}
{"timestamp":"2026-01-29T18:24:49.5059353-05:00","level":"INFO","method":"GET","path":"/api/v1/targets/:id/metrics","status":200,"duration_ms":4.986,"ip":"::1","size":7658}
{"timestamp":"2026-01-29T18:24:49.5114405-05:00","level":"INFO","method":"GET","path":"/api/v1/targets/:id/metrics","status":200,"duration_ms":4.198,"ip":"::1","size":7658}
{"timestamp":"2026-01-29T18:24:49.5139006-05:00","level":"INFO","method":"GET","path":"/api/v1/targets/:id/statistics","status":200,"duration_ms":1.511,"ip":"::1","size":475}
{"timestamp":"2026-01-29T18:24:49.5197326-05:00","level":"INFO","method":"GET","path":"/api/v1/targets/:id/statistics","status":200,"duration_ms":1.027,"ip":"::1","size":475}
{"timestamp":"2026-01-29T18:24:50.8989143-05:00","level":"INFO","method":"GET","path":"/api/v1/notifications/history","status":200,"duration_ms":0.996,"ip":"::1","size":64}
{"timestamp":"2026-01-29T18:24:50.8999119-05:00","level":"INFO","method":"GET","path":"/api/v1/targets/:id","status":200,"duration_ms":1.994,"ip":"::1","size":750}
{"timestamp":"2026-01-29T18:24:50.9085802-05:00","level":"INFO","method":"GET","path":"/api/v1/notifications/history","status":200,"duration_ms":0.996,"ip":"::1","size":64}
{"timestamp":"2026-01-29T18:24:50.9395972-05:00","level":"INFO","method":"GET","path":"/api/v1/targets/:id","status":200,"duration_ms":35.805,"ip":"::1","size":750}
{"timestamp":"2026-01-29T18:24:50.9415921-05:00","level":"INFO","method":"GET","path":"/api/v1/targets/:id/history","status":200,"duration_ms":3.99,"ip":"::1","size":726}
{"timestamp":"2026-01-29T18:24:50.9515652-05:00","level":"INFO","method":"GET","path":"/api/v1/targets/:id/history","status":200,"duration_ms":0.997,"ip":"::1","size":726}
{"timestamp":"2026-01-29T18:24:50.9535614-05:00","level":"INFO","method":"GET","path":"/api/v1/targets/:id/metrics","status":200,"duration_ms":2.993,"ip":"::1","size":7658}
{"timestamp":"2026-01-29T18:24:50.96852-05:00","level":"INFO","method":"GET","path":"/api/v1/targets/:id/statistics","status":200,"duration_ms":0.997,"ip":"::1","size":475}
{"timestamp":"2026-01-29T18:24:50.96852-05:00","level":"INFO","method":"GET","path":"/api/v1/targets/:id/metrics","status":200,"duration_ms":1.995,"ip":"::1","size":7658}
{"timestamp":"2026-01-29T18:24:50.9844841-05:00","level":"INFO","method":"GET","path":"/api/v1/targets/:id/statistics","status":200,"duration_ms":0.996,"ip":"::1","size":475}
{"timestamp":"2026-01-29T18:24:52.0433049-05:00","level":"INFO","method":"GET","path":"/api/v1/notifications/history","status":200,"duration_ms":4.987,"ip":"::1","size":64}
{"timestamp":"2026-01-29T18:24:52.0443011-05:00","level":"INFO","method":"GET","path":"/api/v1/targets/:id","status":200,"duration_ms":1.994,"ip":"::1","size":750}
{"timestamp":"2026-01-29T18:24:52.0712294-05:00","level":"INFO","method":"GET","path":"/api/v1/targets/:id","status":200,"duration_ms":0.997,"ip":"::1","size":750}
{"timestamp":"2026-01-29T18:24:52.0822016-05:00","level":"INFO","method":"GET","path":"/api/v1/notifications/history","status":200,"duration_ms":10.972,"ip":"::1","size":64}
{"timestamp":"2026-01-29T18:24:52.1101692-05:00","level":"INFO","method":"GET","path":"/api/v1/targets/:id/history","status":200,"duration_ms":9.489,"ip":"::1","size":726}
{"timestamp":"2026-01-29T18:24:52.1198444-05:00","level":"INFO","method":"GET","path":"/api/v1/targets/:id/history","status":200,"duration_ms":1.201,"ip":"::1","size":726}
{"timestamp":"2026-01-29T18:24:52.1711583-05:00","level":"INFO","method":"GET","path":"/api/v1/targets/:id/metrics","status":200,"duration_ms":9.546,"ip":"::1","size":7658}
{"timestamp":"2026-01-29T18:24:52.1861185-05:00","level":"INFO","method":"GET","path":"/api/v1/targets/:id/metrics","status":200,"duration_ms":1.994,"ip":"::1","size":7658}
{"timestamp":"2026-01-29T18:24:52.1861185-05:00","level":"INFO","method":"GET","path":"/api/v1/targets/:id/statistics","status":200,"duration_ms":0.997,"ip":"::1","size":475}
{"timestamp":"2026-01-29T18:24:52.3437892-05:00","level":"INFO","method":"GET","path":"/api/v1/targets/:id/statistics","status":200,"duration_ms":2.004,"ip":"::1","size":475}
{"timestamp":"2026-01-29T18:24:53.5850008-05:00","level":"INFO","method":"GET","path":"/api/v1/targets/:id","status":200,"duration_ms":4.986,"ip":"::1","size":750}
{"timestamp":"2026-01-29T18:24:53.5859981-05:00","level":"INFO","method":"GET","path":"/api/v1/notifications/history","status":200,"duration_ms":5.983,"ip":"::1","size":64}
{"timestamp":"2026-01-29T18:24:53.5869956-05:00","level":"INFO","method":"GET","path":"/api/v1/targets/:id","status":200,"duration_ms":0,"ip":"::1","size":750}
{"timestamp":"2026-01-29T18:24:53.5999988-05:00","level":"INFO","method":"GET","path":"/api/v1/notifications/history","status":200,"duration_ms":13.003,"ip":"::1","size":64}
{"timestamp":"2026-01-29T18:24:53.6049852-05:00","level":"INFO","method":"GET","path":"/api/v1/targets/:id/history","status":200,"duration_ms":1.994,"ip":"::1","size":726}
{"timestamp":"2026-01-29T18:24:53.6137824-05:00","level":"INFO","method":"GET","path":"/api/v1/targets/:id/history","status":200,"duration_ms":0.816,"ip":"::1","size":726}
{"timestamp":"2026-01-29T18:24:53.6192808-05:00","level":"INFO","method":"GET","path":"/api/v1/targets/:id/metrics","status":200,"duration_ms":2.992,"ip":"::1","size":7658}
{"timestamp":"2026-01-29T18:24:53.6279721-05:00","level":"INFO","method":"GET","path":"/api/v1/targets/:id/metrics","status":200,"duration_ms":4.702,"ip":"::1","size":7658}
{"timestamp":"2026-01-29T18:24:53.62948-05:00","level":"INFO","method":"GET","path":"/api/v1/targets/:id/statistics","status":200,"duration_ms":0.986,"ip":"::1","size":475}
{"timestamp":"2026-01-29T18:24:53.6521636-05:00","level":"INFO","method":"GET","path":"/api/v1/targets/:id/statistics","status":200,"duration_ms":0,"ip":"::1","size":475}
{"timestamp":"2026-01-29T18:24:59.2241881-05:00","level":"INFO","method":"GET","path":"/api/v1/notifications/history","status":200,"duration_ms":0.991,"ip":"::1","size":64}
{"timestamp":"2026-01-29T18:25:04.2107723-05:00","level":"INFO","method":"GET","path":"/api/v1/notifications/history","status":200,"duration_ms":0.675,"ip":"::1","size":64}
{"timestamp":"2026-01-29T18:25:09.2415123-05:00","level":"INFO","method":"GET","path":"/api/v1/notifications/history","status":200,"duration_ms":3.352,"ip":"::1","size":64}
{"timestamp":"2026-01-29T18:25:14.2249918-05:00","level":"INFO","method":"GET","path":"/api/v1/notifications/history","status":200,"duration_ms":0.995,"ip":"::1","size":64}
{"timestamp":"2026-01-29T18:25:19.2202128-05:00","level":"INFO","method":"GET","path":"/api/v1/notifications/history","status":200,"duration_ms":0.994,"ip":"::1","size":64}
{"timestamp":"2026-01-29T18:25:24.2198344-05:00","level":"INFO","method":"GET","path":"/api/v1/notifications/history","status":200,"duration_ms":0.974,"ip":"::1","size":64}
{"timestamp":"2026-01-29T18:25:29.2169879-05:00","level":"INFO","method":"GET","path":"/api/v1/notifications/history","status":200,"duration_ms":2.39,"ip":"::1","size":64}
{"timestamp":"2026-01-29T18:25:34.2095476-05:00","level":"INFO","method":"GET","path":"/api/v1/notifications/history","status":200,"duration_ms":0.637,"ip":"::1","size":64}
{"timestamp":"2026-01-29T18:25:39.2195755-05:00","level":"INFO","method":"GET","path":"/api/v1/notifications/history","status":200,"duration_ms":0.758,"ip":"::1","size":64}
{"timestamp":"2026-01-29T18:25:44.2213669-05:00","level":"INFO","method":"GET","path":"/api/v1/notifications/history","status":200,"duration_ms":0.957,"ip":"::1","size":64}
{"timestamp":"2026-01-29T18:25:49.2166244-05:00","level":"INFO","method":"GET","path":"/api/v1/notifications/history","status":200,"duration_ms":0.556,"ip":"::1","size":64}
{"timestamp":"2026-01-29T18:25:54.2443855-05:00","level":"INFO","method":"GET","path":"/api/v1/notifications/history","status":200,"duration_ms":0.993,"ip":"::1","size":64}
{"timestamp":"2026-01-29T18:26:26.0206172-05:00","level":"INFO","method":"GET","path":"/api/v1/notifications/history","status":200,"duration_ms":2.558,"ip":"::1","size":64}
{"timestamp":"2026-01-29T18:26:29.2226381-05:00","level":"INFO","method":"GET","path":"/api/v1/notifications/history","status":200,"duration_ms":1.276,"ip":"::1","size":64}
{"timestamp":"2026-01-29T18:26:34.2177764-05:00","level":"INFO","method":"GET","path":"/api/v1/notifications/history","status":200,"duration_ms":0.64,"ip":"::1","size":64}
{"timestamp":"2026-01-29T18:26:39.226409-05:00","level":"INFO","method":"GET","path":"/api/v1/notifications/history","status":200,"duration_ms":0.997,"ip":"::1","size":64}
{"timestamp":"2026-01-29T18:26:44.2215234-05:00","level":"INFO","method":"GET","path":"/api/v1/notifications/history","status":200,"duration_ms":0.727,"ip":"::1","size":64}
{"timestamp":"2026-01-29T18:26:49.2103586-05:00","level":"INFO","method":"GET","path":"/api/v1/notifications/history","status":200,"duration_ms":0.641,"ip":"::1","size":64}
{"timestamp":"2026-01-29T18:26:54.2209059-05:00","level":"INFO","method":"GET","path":"/api/v1/notifications/history","status":200,"duration_ms":1.113,"ip":"::1","size":64}
{"timestamp":"2026-01-29T18:26:59.2189448-05:00","level":"INFO","method":"GET","path":"/api/v1/notifications/history","status":200,"duration_ms":0.74,"ip":"::1","size":64}
{"timestamp":"2026-01-29T18:27:04.223301-05:00","level":"INFO","method":"GET","path":"/api/v1/notifications/history","status":200,"duration_ms":1.948,"ip":"::1","size":64}
{"timestamp":"2026-01-29T18:27:09.2111355-05:00","level":"INFO","method":"GET","path":"/api/v1/notifications/history","status":200,"duration_ms":0.759,"ip":"::1","size":64}
{"timestamp":"2026-01-29T18:27:14.2109433-05:00","level":"INFO","method":"GET","path":"/api/v1/notifications/history","status":200,"duration_ms":0.712,"ip":"::1","size":64}
{"timestamp":"2026-01-29T18:27:19.6088171-05:00","level":"INFO","method":"GET","path":"/api/v1/notifications/history","status":200,"duration_ms":5.976,"ip":"::1","size":64}
{"timestamp":"2026-01-29T18:27:24.2196762-05:00","level":"INFO","method":"GET","path":"/api/v1/notifications/history","status":200,"duration_ms":1.154,"ip":"::1","size":64}
{"timestamp":"2026-01-29T18:27:44.2185724-05:00","level":"INFO","method":"GET","path":"/api/v1/notifications/history","status":200,"duration_ms":0.63,"ip":"::1","size":64}
{"timestamp":"2026-01-29T18:28:44.2148392-05:00","level":"INFO","method":"GET","path":"/api/v1/notifications/history","status":200,"duration_ms":0.999,"ip":"::1","size":64}
{"timestamp":"2026-01-29T18:29:14.3386817-05:00","level":"INFO","method":"GET","path":"/api/v1/notifications/history","status":200,"duration_ms":0.665,"ip":"::1","size":64}
{"timestamp":"2026-01-29T18:29:18.5596363-05:00","level":"INFO","method":"GET","path":"/api/v1/notifications/history","status":200,"duration_ms":1.312,"ip":"::1","size":64}
{"timestamp":"2026-01-29T18:29:23.7993294-05:00","level":"INFO","method":"GET","path":"/api/v1/notifications/history","status":200,"duration_ms":0.998,"ip":"::1","size":64}
{"timestamp":"2026-01-29T18:29:28.5551553-05:00","level":"INFO","method":"GET","path":"/api/v1/notifications/history","status":200,"duration_ms":1.599,"ip":"::1","size":64}
{"timestamp":"2026-01-29T18:29:30.0536388-05:00","level":"INFO","method":"GET","path":"/api/v1/notifications/history","status":200,"duration_ms":2.992,"ip":"::1","size":64}
{"timestamp":"2026-01-29T18:29:30.0616169-05:00","level":"INFO","method":"GET","path":"/api/v1/targets/:id","status":200,"duration_ms":8.976,"ip":"::1","size":750}
{"timestamp":"2026-01-29T18:29:30.0707977-05:00","level":"INFO","method":"GET","path":"/api/v1/notifications/history","status":200,"duration_ms":0.99,"ip":"::1","size":64}
{"timestamp":"2026-01-29T18:29:30.0777798-05:00","level":"INFO","method":"GET","path":"/api/v1/targets/:id","status":200,"duration_ms":0.997,"ip":"::1","size":750}
{"timestamp":"2026-01-29T18:29:30.08726-05:00","level":"INFO","method":"GET","path":"/api/v1/targets/:id/history","status":200,"duration_ms":2.066,"ip":"::1","size":726}
{"timestamp":"2026-01-29T18:29:30.096746-05:00","level":"INFO","method":"GET","path":"/api/v1/targets/:id/history","status":200,"duration_ms":1.994,"ip":"::1","size":726}
{"timestamp":"2026-01-29T18:29:30.0998684-05:00","level":"INFO","method":"GET","path":"/api/v1/targets/:id/metrics","status":200,"duration_ms":4.119,"ip":"::1","size":7658}
{"timestamp":"2026-01-29T18:29:30.1099025-05:00","level":"INFO","method":"GET","path":"/api/v1/targets/:id/metrics","status":200,"duration_ms":5.223,"ip":"::1","size":7658}
{"timestamp":"2026-01-29T18:29:30.114887-05:00","level":"INFO","method":"GET","path":"/api/v1/targets/:id/statistics","status":200,"duration_ms":0.997,"ip":"::1","size":475}
{"timestamp":"2026-01-29T18:29:30.1190624-05:00","level":"INFO","method":"GET","path":"/api/v1/targets/:id/statistics","status":200,"duration_ms":1.184,"ip":"::1","size":475}
{"timestamp":"2026-01-29T18:29:35.0283843-05:00","level":"INFO","method":"GET","path":"/api/v1/notifications/history","status":200,"duration_ms":1.122,"ip":"::1","size":64}
{"timestamp":"2026-01-29T18:29:40.2523471-05:00","level":"INFO","method":"GET","path":"/api/v1/notifications/history","status":200,"duration_ms":1.112,"ip":"::1","size":64}
{"timestamp":"2026-01-29T18:29:45.2142779-05:00","level":"INFO","method":"GET","path":"/api/v1/notifications/history","status":200,"duration_ms":1.99,"ip":"::1","size":64}
{"timestamp":"2026-01-29T18:29:50.217735-05:00","level":"INFO","method":"GET","path":"/api/v1/notifications/history","status":200,"duration_ms":1.097,"ip":"::1","size":64}
{"timestamp":"2026-01-29T18:29:55.4699914-05:00","level":"INFO","method":"GET","path":"/api/v1/notifications/history","status":200,"duration_ms":3.237,"ip":"::1","size":64}
{"timestamp":"2026-01-29T18:30:00.215525-05:00","level":"INFO","method":"GET","path":"/api/v1/notifications/history","status":200,"duration_ms":1.994,"ip":"::1","size":64}
{"timestamp":"2026-01-29T18:30:05.2191047-05:00","level":"INFO","method":"GET","path":"/api/v1/notifications/history","status":200,"duration_ms":1.012,"ip":"::1","size":64}
{"timestamp":"2026-01-29T18:30:10.2177098-05:00","level":"INFO","method":"GET","path":"/api/v1/notifications/history","status":200,"duration_ms":1.991,"ip":"::1","size":64}
{"timestamp":"2026-01-29T18:30:15.210392-05:00","level":"INFO","method":"GET","path":"/api/v1/notifications/history","status":200,"duration_ms":0.978,"ip":"::1","size":64}
{"timestamp":"2026-01-29T18:30:20.2352785-05:00","level":"INFO","method":"GET","path":"/api/v1/notifications/history","status":200,"duration_ms":0.888,"ip":"::1","size":64}
{"timestamp":"2026-01-29T18:30:25.2153072-05:00","level":"INFO","method":"GET","path":"/api/v1/notifications/history","status":200,"duration_ms":3.152,"ip":"::1","size":64}
{"timestamp":"2026-01-29T18:30:30.218006-05:00","level":"INFO","method":"GET","path":"/api/v1/notifications/history","status":200,"duration_ms":1.535,"ip":"::1","size":64}
{"timestamp":"2026-01-29T18:30:35.215357-05:00","level":"INFO","method":"GET","path":"/api/v1/notifications/history","status":200,"duration_ms":1.594,"ip":"::1","size":64}
{"timestamp":"2026-01-29T18:30:40.2235199-05:00","level":"INFO","method":"GET","path":"/api/v1/notifications/history","status":200,"duration_ms":0.992,"ip":"::1","size":64}
{"timestamp":"2026-01-29T18:30:45.0200456-05:00","level":"INFO","method":"GET","path":"/api/v1/notifications/history","status":200,"duration_ms":1.093,"ip":"::1","size":64}
{"timestamp":"2026-01-29T18:30:50.2197991-05:00","level":"INFO","method":"GET","path":"/api/v1/notifications/history","status":200,"duration_ms":1.349,"ip":"::1","size":64}
{"timestamp":"2026-01-29T18:30:55.2242014-05:00","level":"INFO","method":"GET","path":"/api/v1/notifications/history","status":200,"duration_ms":2.988,"ip":"::1","size":64}
{"timestamp":"2026-01-29T18:31:00.2236199-05:00","level":"INFO","method":"GET","path":"/api/v1/notifications/history","status":200,"duration_ms":3.329,"ip":"::1","size":64}
{"timestamp":"2026-01-29T18:31:05.2099065-05:00","level":"INFO","method":"GET","path":"/api/v1/notifications/history","status":200,"duration_ms":0.654,"ip":"::1","size":64}
{"timestamp":"2026-01-29T18:31:10.2251752-05:00","level":"INFO","method":"GET","path":"/api/v1/notifications/history","status":200,"duration_ms":1.331,"ip":"::1","size":64}
{"timestamp":"2026-01-29T18:31:15.2209846-05:00","level":"INFO","method":"GET","path":"/api/v1/notifications/history","status":200,"duration_ms":1.119,"ip":"::1","size":64}
{"timestamp":"2026-01-29T18:31:20.2223456-05:00","level":"INFO","method":"GET","path":"/api/v1/notifications/history","status":200,"duration_ms":0.516,"ip":"::1","size":64}
{"timestamp":"2026-01-29T18:31:25.2161778-05:00","level":"INFO","method":"GET","path":"/api/v1/notifications/history","status":200,"duration_ms":1.801,"ip":"::1","size":64}
{"timestamp":"2026-01-29T18:31:30.2120578-05:00","level":"INFO","method":"GET","path":"/api/v1/notifications/history","status":200,"duration_ms":1.48,"ip":"::1","size":64}
{"timestamp":"2026-01-29T18:31:35.2209548-05:00","level":"INFO","method":"GET","path":"/api/v1/notifications/history","status":200,"duration_ms":0.837,"ip":"::1","size":64}
{"timestamp":"2026-01-29T18:31:40.4741665-05:00","level":"INFO","method":"GET","path":"/api/v1/notifications/history","status":200,"duration_ms":1.263,"ip":"::1","size":64}
{"timestamp":"2026-01-29T18:31:45.2124728-05:00","level":"INFO","method":"GET","path":"/api/v1/notifications/history","status":200,"duration_ms":1.019,"ip":"::1","size":64}
{"timestamp":"2026-01-29T18:31:50.2160498-05:00","level":"INFO","method":"GET","path":"/api/v1/notifications/history","status":200,"duration_ms":0.996,"ip":"::1","size":64}
{"timestamp":"2026-01-29T18:31:55.211356-05:00","level":"INFO","method":"GET","path":"/api/v1/notifications/history","status":200,"duration_ms":1.21,"ip":"::1","size":64}
{"timestamp":"2026-01-29T18:32:00.2234665-05:00","level":"INFO","method":"GET","path":"/api/v1/notifications/history","status":200,"duration_ms":1.991,"ip":"::1","size":64}
{"timestamp":"2026-01-29T18:32:05.2197628-05:00","level":"INFO","method":"GET","path":"/api/v1/notifications/history","status":200,"duration_ms":0.568,"ip":"::1","size":64}
{"timestamp":"2026-01-29T18:32:10.2143306-05:00","level":"INFO","method":"GET","path":"/api/v1/notifications/history","status":200,"duration_ms":0.832,"ip":"::1","size":64}
{"timestamp":"2026-01-29T18:32:15.2162891-05:00","level":"INFO","method":"GET","path":"/api/v1/notifications/history","status":200,"duration_ms":1.357,"ip":"::1","size":64}
{"timestamp":"2026-01-29T18:32:20.2346382-05:00","level":"INFO","method":"GET","path":"/api/v1/notifications/history","status":200,"duration_ms":0.997,"ip":"::1","size":64}
{"timestamp":"2026-01-29T18:32:25.2102945-05:00","level":"INFO","method":"GET","path":"/api/v1/notifications/history","status":200,"duration_ms":0.512,"ip":"::1","size":64}
{"timestamp":"2026-01-29T18:32:30.260749-05:00","level":"INFO","method":"GET","path":"/api/v1/notifications/history","status":200,"duration_ms":6.395,"ip":"::1","size":64}
{"timestamp":"2026-01-29T18:32:35.2204603-05:00","level":"INFO","method":"GET","path":"/api/v1/notifications/history","status":200,"duration_ms":0.891,"ip":"::1","size":64}
{"timestamp":"2026-01-29T18:32:44.2169534-05:00","level":"INFO","method":"GET","path":"/api/v1/notifications/history","status":200,"duration_ms":0.631,"ip":"::1","size":64}
{"timestamp":"2026-01-29T18:32:52.9133701-05:00","level":"INFO","method":"GET","path":"/api/v1/notifications/history","status":200,"duration_ms":1.996,"ip":"::1","size":64}
{"timestamp":"2026-01-29T18:32:55.0336326-05:00","level":"INFO","method":"GET","path":"/api/v1/notifications/history","status":200,"duration_ms":1.041,"ip":"::1","size":64}
{"timestamp":"2026-01-29T18:33:00.2131482-05:00","level":"INFO","method":"GET","path":"/api/v1/notifications/history","status":200,"duration_ms":0.993,"ip":"::1","size":64}
{"timestamp":"2026-01-29T18:33:05.2147985-05:00","level":"INFO","method":"GET","path":"/api/v1/notifications/history","status":200,"duration_ms":1.635,"ip":"::1","size":64}
{"timestamp":"2026-01-29T18:33:10.2192379-05:00","level":"INFO","method":"GET","path":"/api/v1/notifications/history","status":200,"duration_ms":1.266,"ip":"::1","size":64}
{"timestamp":"2026-01-29T18:33:15.2342701-05:00","level":"INFO","method":"GET","path":"/api/v1/notifications/history","status":200,"duration_ms":1.991,"ip":"::1","size":64}
{"timestamp":"2026-01-29T18:33:20.2587843-05:00","level":"INFO","method":"GET","path":"/api/v1/notifications/history","status":200,"duration_ms":1.146,"ip":"::1","size":64}
{"timestamp":"2026-01-29T18:33:25.213585-05:00","level":"INFO","method":"GET","path":"/api/v1/notifications/history","status":200,"duration_ms":0.994,"ip":"::1","size":64}
{"timestamp":"2026-01-29T18:33:30.2144152-05:00","level":"INFO","method":"GET","path":"/api/v1/notifications/history","status":200,"duration_ms":0,"ip":"::1","size":64}
{"timestamp":"2026-01-29T18:33:35.2115386-05:00","level":"INFO","method":"GET","path":"/api/v1/notifications/history","status":200,"duration_ms":1.513,"ip":"::1","size":64}
{"timestamp":"2026-01-29T18:33:40.2256038-05:00","level":"INFO","method":"GET","path":"/api/v1/notifications/history","status":200,"duration_ms":0.989,"ip":"::1","size":64}
{"timestamp":"2026-01-29T18:33:45.231727-05:00","level":"INFO","method":"GET","path":"/api/v1/notifications/history","status":200,"duration_ms":0.835,"ip":"::1","size":64}
{"timestamp":"2026-01-29T18:33:50.2180072-05:00","level":"INFO","method":"GET","path":"/api/v1/notifications/history","status":200,"duration_ms":2.182,"ip":"::1","size":64}
{"timestamp":"2026-01-29T18:33:58.6090585-05:00","level":"INFO","method":"GET","path":"/api/v1/notifications/history","status":200,"duration_ms":2.445,"ip":"::1","size":64}
{"timestamp":"2026-01-29T18:34:00.2249869-05:00","level":"INFO","method":"GET","path":"/api/v1/notifications/history","status":200,"duration_ms":1.138,"ip":"::1","size":64}
{"timestamp":"2026-01-29T18:34:05.2172571-05:00","level":"INFO","method":"GET","path":"/api/v1/notifications/history","status":200,"duration_ms":0.681,"ip":"::1","size":64}
{"timestamp":"2026-01-29T18:34:10.2186554-05:00","level":"INFO","method":"GET","path":"/api/v1/notifications/history","status":200,"duration_ms":1.642,"ip":"::1","size":64}
{"timestamp":"2026-01-29T18:34:15.2127932-05:00","level":"INFO","method":"GET","path":"/api/v1/notifications/history","status":200,"duration_ms":0.518,"ip":"::1","size":64}
{"timestamp":"2026-01-29T18:34:20.2167266-05:00","level":"INFO","method":"GET","path":"/api/v1/notifications/history","status":200,"duration_ms":0.993,"ip":"::1","size":64}
{"timestamp":"2026-01-29T18:34:25.2215376-05:00","level":"INFO","method":"GET","path":"/api/v1/notifications/history","status":200,"duration_ms":1.503,"ip":"::1","size":64}
{"timestamp":"2026-01-29T18:34:30.2212559-05:00","level":"INFO","method":"GET","path":"/api/v1/notifications/history","status":200,"duration_ms":1.33,"ip":"::1","size":64}
{"timestamp":"2026-01-29T18:34:35.2167542-05:00","level":"INFO","method":"GET","path":"/api/v1/notifications/history","status":200,"duration_ms":0.58,"ip":"::1","size":64}
{"timestamp":"2026-01-29T18:34:40.2172588-05:00","level":"INFO","method":"GET","path":"/api/v1/notifications/history","status":200,"duration_ms":0.746,"ip":"::1","size":64}
{"timestamp":"2026-01-29T18:34:45.2526514-05:00","level":"INFO","method":"GET","path":"/api/v1/notifications/history","status":200,"duration_ms":0.992,"ip":"::1","size":64}
{"timestamp":"2026-01-29T18:34:50.2174872-05:00","level":"INFO","method":"GET","path":"/api/v1/notifications/history","status":200,"duration_ms":1.672,"ip":"::1","size":64}
{"timestamp":"2026-01-29T18:34:55.2205753-05:00","level":"INFO","method":"GET","path":"/api/v1/notifications/history","status":200,"duration_ms":1.047,"ip":"::1","size":64}
{"timestamp":"2026-01-29T18:35:32.5976431-05:00","level":"INFO","method":"GET","path":"/api/v1/notifications/history","status":200,"duration_ms":0.831,"ip":"::1","size":64}
{"timestamp":"2026-01-29T18:35:35.2308978-05:00","level":"INFO","method":"GET","path":"/api/v1/notifications/history","status":200,"duration_ms":2.289,"ip":"::1","size":64}
{"timestamp":"2026-01-29T18:35:40.2395253-05:00","level":"INFO","method":"GET","path":"/api/v1/notifications/history","status":200,"duration_ms":1.995,"ip":"::1","size":64}
{"timestamp":"2026-01-29T18:35:45.8192046-05:00","level":"INFO","method":"GET","path":"/api/v1/notifications/history","status":200,"duration_ms":1.995,"ip":"::1","size":64}
{"timestamp":"2026-01-29T18:35:50.2439966-05:00","level":"INFO","method":"GET","path":"/api/v1/notifications/history","status":200,"duration_ms":4.995,"ip":"::1","size":64}
{"timestamp":"2026-01-29T18:35:55.019878-05:00","level":"INFO","method":"GET","path":"/api/v1/notifications/history","status":200,"duration_ms":0.695,"ip":"::1","size":64}
{"timestamp":"2026-01-29T18:36:00.2191669-05:00","level":"INFO","method":"GET","path":"/api/v1/notifications/history","status":200,"duration_ms":1.037,"ip":"::1","size":64}
{"timestamp":"2026-01-29T18:36:05.2281006-05:00","level":"INFO","method":"GET","path":"/api/v1/notifications/history","status":200,"duration_ms":1.994,"ip":"::1","size":64}
{"timestamp":"2026-01-29T18:36:10.3523213-05:00","level":"INFO","method":"GET","path":"/api/v1/notifications/history","status":200,"duration_ms":1.991,"ip":"::1","size":64}
{"timestamp":"2026-01-29T18:36:15.2262932-05:00","level":"INFO","method":"GET","path":"/api/v1/notifications/history","status":200,"duration_ms":1.395,"ip":"::1","size":64}
{"timestamp":"2026-01-29T18:36:20.2195184-05:00","level":"INFO","method":"GET","path":"/api/v1/notifications/history","status":200,"duration_ms":0.995,"ip":"::1","size":64}
{"timestamp":"2026-01-29T18:36:25.2192533-05:00","level":"INFO","method":"GET","path":"/api/v1/notifications/history","status":200,"duration_ms":0.839,"ip":"::1","size":64}
{"timestamp":"2026-01-29T18:36:30.2183069-05:00","level":"INFO","method":"GET","path":"/api/v1/notifications/history","status":200,"duration_ms":1.65,"ip":"::1","size":64}
{"timestamp":"2026-01-29T18:36:35.2248717-05:00","level":"INFO","method":"GET","path":"/api/v1/notifications/history","status":200,"duration_ms":0.997,"ip":"::1","size":64}
{"timestamp":"2026-01-29T18:36:40.5076142-05:00","level":"INFO","method":"GET","path":"/api/v1/notifications/history","status":200,"duration_ms":0.975,"ip":"::1","size":64}
{"timestamp":"2026-01-29T18:36:45.2118533-05:00","level":"INFO","method":"GET","path":"/api/v1/notifications/history","status":200,"duration_ms":1.094,"ip":"::1","size":64}
{"timestamp":"2026-01-29T18:36:50.2197847-05:00","level":"INFO","method":"GET","path":"/api/v1/notifications/history","status":200,"duration_ms":0.512,"ip":"::1","size":64}
{"timestamp":"2026-01-29T18:36:55.2249295-05:00","level":"INFO","method":"GET","path":"/api/v1/notifications/history","status":200,"duration_ms":2.149,"ip":"::1","size":64}
{"timestamp":"2026-01-29T18:37:44.226171-05:00","level":"INFO","method":"GET","path":"/api/v1/notifications/history","status":200,"duration_ms":1.994,"ip":"::1","size":64}
{"timestamp":"2026-01-29T18:37:48.4141249-05:00","level":"INFO","method":"GET","path":"/api/v1/notifications/history","status":200,"duration_ms":0.995,"ip":"::1","size":64}
{"timestamp":"2026-01-29T18:37:50.2174825-05:00","level":"INFO","method":"GET","path":"/api/v1/notifications/history","status":200,"duration_ms":0.705,"ip":"::1","size":64}
{"timestamp":"2026-01-29T18:37:55.2213042-05:00","level":"INFO","method":"GET","path":"/api/v1/notifications/history","status":200,"duration_ms":1.295,"ip":"::1","size":64}
{"timestamp":"2026-01-29T18:38:00.2143448-05:00","level":"INFO","method":"GET","path":"/api/v1/notifications/history","status":200,"duration_ms":0.997,"ip":"::1","size":64}
{"timestamp":"2026-01-29T18:38:05.2198906-05:00","level":"INFO","method":"GET","path":"/api/v1/notifications/history","status":200,"duration_ms":1.696,"ip":"::1","size":64}
{"timestamp":"2026-01-29T18:38:10.2222316-05:00","level":"INFO","method":"GET","path":"/api/v1/notifications/history","status":200,"duration_ms":1.416,"ip":"::1","size":64}
{"timestamp":"2026-01-29T18:38:15.2122746-05:00","level":"INFO","method":"GET","path":"/api/v1/notifications/history","status":200,"duration_ms":1.014,"ip":"::1","size":64}
{"timestamp":"2026-01-29T18:38:20.2226223-05:00","level":"INFO","method":"GET","path":"/api/v1/notifications/history","status":200,"duration_ms":2.502,"ip":"::1","size":64}
{"timestamp":"2026-01-29T18:38:25.2188575-05:00","level":"INFO","method":"GET","path":"/api/v1/notifications/history","status":200,"duration_ms":0.746,"ip":"::1","size":64}
{"timestamp":"2026-01-29T18:38:30.2187935-05:00","level":"INFO","method":"GET","path":"/api/v1/notifications/history","status":200,"duration_ms":1.399,"ip":"::1","size":64}
{"timestamp":"2026-01-29T18:38:35.2263823-05:00","level":"INFO","method":"GET","path":"/api/v1/notifications/history","status":200,"duration_ms":1.272,"ip":"::1","size":64}
{"timestamp":"2026-01-29T18:38:40.3197251-05:00","level":"INFO","method":"GET","path":"/api/v1/notifications/history","status":200,"duration_ms":0.985,"ip":"::1","size":64}
{"timestamp":"2026-01-29T18:38:45.2174479-05:00","level":"INFO","method":"GET","path":"/api/v1/notifications/history","status":200,"duration_ms":1.035,"ip":"::1","size":64}
{"timestamp":"2026-01-29T18:38:50.2123013-05:00","level":"INFO","method":"GET","path":"/api/v1/notifications/history","status":200,"duration_ms":1.767,"ip":"::1","size":64}
{"timestamp":"2026-01-29T18:38:55.2247807-05:00","level":"INFO","method":"GET","path":"/api/v1/notifications/history","status":200,"duration_ms":0.997,"ip":"::1","size":64}
{"timestamp":"2026-01-29T18:39:00.2306582-05:00","level":"INFO","method":"GET","path":"/api/v1/notifications/history","status":200,"duration_ms":1.988,"ip":"::1","size":64}
{"timestamp":"2026-01-29T18:39:05.2213404-05:00","level":"INFO","method":"GET","path":"/api/v1/notifications/history","status":200,"duration_ms":0.651,"ip":"::1","size":64}
{"timestamp":"2026-01-29T18:39:10.2251586-05:00","level":"INFO","method":"GET","path":"/api/v1/notifications/history","status":200,"duration_ms":5.435,"ip":"::1","size":64}
{"timestamp":"2026-01-29T18:39:15.2255393-05:00","level":"INFO","method":"GET","path":"/api/v1/notifications/history","status":200,"duration_ms":1.996,"ip":"::1","size":64}
{"timestamp":"2026-01-29T18:39:20.2132204-05:00","level":"INFO","method":"GET","path":"/api/v1/notifications/history","status":200,"duration_ms":1.882,"ip":"::1","size":64}
{"timestamp":"2026-01-29T18:39:25.2317459-05:00","level":"INFO","method":"GET","path":"/api/v1/notifications/history","status":200,"duration_ms":2.005,"ip":"::1","size":64}
{"timestamp":"2026-01-29T18:39:30.2177437-05:00","level":"INFO","method":"GET","path":"/api/v1/notifications/history","status":200,"duration_ms":0.688,"ip":"::1","size":64}
{"timestamp":"2026-01-29T18:39:35.2320362-05:00","level":"INFO","method":"GET","path":"/api/v1/notifications/history","status":200,"duration_ms":2.406,"ip":"::1","size":64}
{"timestamp":"2026-01-29T18:39:40.2132156-05:00","level":"INFO","method":"GET","path":"/api/v1/notifications/history","status":200,"duration_ms":2.505,"ip":"::1","size":64}
{"timestamp":"2026-01-29T18:40:41.2225404-05:00","level":"INFO","method":"GET","path":"/api/v1/notifications/history","status":200,"duration_ms":0.763,"ip":"::1","size":64}
{"timestamp":"2026-01-29T18:41:42.2271671-05:00","level":"INFO","method":"GET","path":"/api/v1/notifications/history","status":200,"duration_ms":0.828,"ip":"::1","size":64}
{"timestamp":"2026-01-29T18:42:43.2208025-05:00","level":"INFO","method":"GET","path":"/api/v1/notifications/history","status":200,"duration_ms":1.182,"ip":"::1","size":64}
{"timestamp":"2026-01-29T18:43:44.2173203-05:00","level":"INFO","method":"GET","path":"/api/v1/notifications/history","status":200,"duration_ms":0.968,"ip":"::1","size":64}
{"timestamp":"2026-01-29T18:44:44.2204455-05:00","level":"INFO","method":"GET","path":"/api/v1/notifications/history","status":200,"duration_ms":1.063,"ip":"::1","size":64}
{"timestamp":"2026-01-29T18:45:44.3874799-05:00","level":"INFO","method":"GET","path":"/api/v1/notifications/history","status":200,"duration_ms":1.492,"ip":"::1","size":64}
{"timestamp":"2026-01-29T18:46:44.2179285-05:00","level":"INFO","method":"GET","path":"/api/v1/notifications/history","status":200,"duration_ms":0.641,"ip":"::1","size":64}
{"timestamp":"2026-01-29T18:47:44.2377118-05:00","level":"INFO","method":"GET","path":"/api/v1/notifications/history","status":200,"duration_ms":1.703,"ip":"::1","size":64}
{"timestamp":"2026-01-29T18:48:44.2241818-05:00","level":"INFO","method":"GET","path":"/api/v1/notifications/history","status":200,"duration_ms":2.229,"ip":"::1","size":64}
{"timestamp":"2026-01-29T18:49:17.3321419-05:00","level":"INFO","method":"GET","path":"/api/v1/notifications/history","status":200,"duration_ms":4.332,"ip":"::1","size":64}
{"timestamp":"2026-01-29T18:49:20.224481-05:00","level":"INFO","method":"GET","path":"/api/v1/notifications/history","status":200,"duration_ms":0.688,"ip":"::1","size":64}
{"timestamp":"2026-01-29T18:49:25.218734-05:00","level":"INFO","method":"GET","path":"/api/v1/notifications/history","status":200,"duration_ms":0.523,"ip":"::1","size":64}
{"timestamp":"2026-01-29T18:49:30.224836-05:00","level":"INFO","method":"GET","path":"/api/v1/notifications/history","status":200,"duration_ms":3.453,"ip":"::1","size":64}
{"timestamp":"2026-01-29T18:49:35.2208099-05:00","level":"INFO","method":"GET","path":"/api/v1/notifications/history","status":200,"duration_ms":0.627,"ip":"::1","size":64}
{"timestamp":"2026-01-29T18:49:40.2304838-05:00","level":"INFO","method":"GET","path":"/api/v1/notifications/history","status":200,"duration_ms":1.313,"ip":"::1","size":64}
{"timestamp":"2026-01-29T18:49:45.2185676-05:00","level":"INFO","method":"GET","path":"/api/v1/notifications/history","status":200,"duration_ms":1.302,"ip":"::1","size":64}
{"timestamp":"2026-01-29T18:49:50.2254571-05:00","level":"INFO","method":"GET","path":"/api/v1/notifications/history","status":200,"duration_ms":0.979,"ip":"::1","size":64}
{"timestamp":"2026-01-29T18:49:55.3450087-05:00","level":"INFO","method":"GET","path":"/api/v1/notifications/history","status":200,"duration_ms":0.997,"ip":"::1","size":64}
{"timestamp":"2026-01-29T18:50:00.2360319-05:00","level":"INFO","method":"GET","path":"/api/v1/notifications/history","status":200,"duration_ms":1.508,"ip":"::1","size":64}
{"timestamp":"2026-01-29T18:50:05.2122925-05:00","level":"INFO","method":"GET","path":"/api/v1/notifications/history","status":200,"duration_ms":0.994,"ip":"::1","size":64}
{"timestamp":"2026-01-29T18:50:10.226155-05:00","level":"INFO","method":"GET","path":"/api/v1/notifications/history","status":200,"duration_ms":0.995,"ip":"::1","size":64}
{"timestamp":"2026-01-29T18:50:15.2196676-05:00","level":"INFO","method":"GET","path":"/api/v1/notifications/history","status":200,"duration_ms":1.346,"ip":"::1","size":64}
{"timestamp":"2026-01-29T18:50:44.2151709-05:00","level":"INFO","method":"GET","path":"/api/v1/notifications/history","status":200,"duration_ms":0.997,"ip":"::1","size":64}
{"timestamp":"2026-01-29T18:51:44.4152521-05:00","level":"INFO","method":"GET","path":"/api/v1/notifications/history","status":200,"duration_ms":0.997,"ip":"::1","size":64}
{"timestamp":"2026-01-29T18:52:44.2194362-05:00","level":"INFO","method":"GET","path":"/api/v1/notifications/history","status":200,"duration_ms":1.359,"ip":"::1","size":64}
{"timestamp":"2026-01-29T18:53:44.2192213-05:00","level":"INFO","method":"GET","path":"/api/v1/notifications/history","status":200,"duration_ms":0.817,"ip":"::1","size":64}
{"timestamp":"2026-01-29T18:54:44.2112351-05:00","level":"INFO","method":"GET","path":"/api/v1/notifications/history","status":200,"duration_ms":1.085,"ip":"::1","size":64}
{"timestamp":"2026-01-29T18:55:44.2276306-05:00","level":"INFO","method":"GET","path":"/api/v1/notifications/history","status":200,"duration_ms":1.206,"ip":"::1","size":64}
{"timestamp":"2026-01-29T18:56:44.2198469-05:00","level":"INFO","method":"GET","path":"/api/v1/notifications/history","status":200,"duration_ms":0.655,"ip":"::1","size":64}
{"timestamp":"2026-01-29T18:57:44.4067521-05:00","level":"INFO","method":"GET","path":"/api/v1/notifications/history","status":200,"duration_ms":1.995,"ip":"::1","size":64}
{"timestamp":"2026-01-29T18:57:52.2006251-05:00","level":"INFO","method":"GET","path":"/api/v1/notifications/history","status":200,"duration_ms":2.044,"ip":"::1","size":64}
{"timestamp":"2026-01-29T18:57:55.2158611-05:00","level":"INFO","method":"GET","path":"/api/v1/notifications/history","status":200,"duration_ms":1.161,"ip":"::1","size":64}
{"timestamp":"2026-01-29T18:58:00.2110142-05:00","level":"INFO","method":"GET","path":"/api/v1/notifications/history","status":200,"duration_ms":1.05,"ip":"::1","size":64}
{"timestamp":"2026-01-29T18:58:05.2178538-05:00","level":"INFO","method":"GET","path":"/api/v1/notifications/history","status":200,"duration_ms":1.736,"ip":"::1","size":64}
{"timestamp":"2026-01-29T18:58:10.2092538-05:00","level":"INFO","method":"GET","path":"/api/v1/notifications/history","status":200,"duration_ms":0.75,"ip":"::1","size":64}
{"timestamp":"2026-01-29T18:58:15.3087221-05:00","level":"INFO","method":"GET","path":"/api/v1/notifications/history","status":200,"duration_ms":0.997,"ip":"::1","size":64}
{"timestamp":"2026-01-29T18:58:20.21724-05:00","level":"INFO","method":"GET","path":"/api/v1/notifications/history","status":200,"duration_ms":1.427,"ip":"::1","size":64}
{"timestamp":"2026-01-29T18:58:25.2816601-05:00","level":"INFO","method":"GET","path":"/api/v1/notifications/history","status":200,"duration_ms":3.99,"ip":"::1","size":64}
{"timestamp":"2026-01-29T18:58:30.2184534-05:00","level":"INFO","method":"GET","path":"/api/v1/notifications/history","status":200,"duration_ms":1.702,"ip":"::1","size":64}
{"timestamp":"2026-01-29T18:58:35.2139085-05:00","level":"INFO","method":"GET","path":"/api/v1/notifications/history","status":200,"duration_ms":0.995,"ip":"::1","size":64}
{"timestamp":"2026-01-29T18:58:40.2383978-05:00","level":"INFO","method":"GET","path":"/api/v1/notifications/history","status":200,"duration_ms":15.176,"ip":"::1","size":64}
{"timestamp":"2026-01-29T18:58:45.2127027-05:00","level":"INFO","method":"GET","path":"/api/v1/notifications/history","status":200,"duration_ms":1.409,"ip":"::1","size":64}
{"timestamp":"2026-01-29T18:58:50.2277246-05:00","level":"INFO","method":"GET","path":"/api/v1/notifications/history","status":200,"duration_ms":0.969,"ip":"::1","size":64}
{"timestamp":"2026-01-29T18:58:55.2185258-05:00","level":"INFO","method":"GET","path":"/api/v1/notifications/history","status":200,"duration_ms":1.811,"ip":"::1","size":64}
{"timestamp":"2026-01-29T18:59:00.2195267-05:00","level":"INFO","method":"GET","path":"/api/v1/notifications/history","status":200,"duration_ms":0.674,"ip":"::1","size":64}
{"timestamp":"2026-01-29T18:59:05.2247505-05:00","level":"INFO","method":"GET","path":"/api/v1/notifications/history","status":200,"duration_ms":0.514,"ip":"::1","size":64}
{"timestamp":"2026-01-29T18:59:44.2162921-05:00","level":"INFO","method":"GET","path":"/api/v1/notifications/history","status":200,"duration_ms":1.893,"ip":"::1","size":64}
